06:04:41 [INFO] Arena 1 — PySR Symbolic Regression Search
06:04:41 [INFO] 
Regime: BULL_TREND
06:04:53 [INFO]   Extracted 227 segments
06:04:53 [INFO] 
  Target: next_5_bar_return
06:05:02 [INFO]   Data: 587235 samples, 18 features
06:05:02 [INFO]   Target stats: mean=0.000129, std=0.002357
06:05:02 [INFO]   PySR: X=(587235, 18), y=(587235,)
06:05:02 [INFO]   Subsampled to 50000 rows
/home/j13/j13-ops/zangetsu_v3/.venv/lib/python3.12/site-packages/pysr/sr.py:2265: UserWarning: Note: you are running with more than 10,000 datapoints. You should consider turning on batching (https://ai.damtp.cam.ac.uk/pysr/options/#batching). You should also reconsider if you need that many datapoints. Unless you have a large amount of noise (in which case you should smooth your dataset first), generally < 10,000 datapoints is enough to find a functional form with symbolic regression. More datapoints will lower the search speed.
  warnings.warn(
/home/j13/j13-ops/zangetsu_v3/.venv/lib/python3.12/site-packages/pysr/sr.py:2858: UserWarning: The `multithreading: bool` parameter has been deprecated in favor of `parallelism: Literal['multithreading', 'serial', 'multiprocessing']`.
Previous usage of `multithreading=True` (default) is now `parallelism='multithreading'`; `multithreading=False, procs=0` is now `parallelism='serial'`; and `multithreading=True, procs={int}` is now `parallelism='multiprocessing', procs={int}`.
  warnings.warn(
06:14:28 [INFO]   PySR completed in 566s
06:14:28 [INFO]   Top 8 expressions:
06:14:28 [INFO]     #1: score=0.003637 loss=0.00000564 complexity=6 | ret_5 * (square(ret_5) * -352.70093)
06:14:28 [INFO]     #2: score=0.001730 loss=0.00000562 complexity=8 | ((square(ret_5) * -356.58487) * ret_5) + 0.00013965892
06:14:28 [INFO]     #3: score=0.001378 loss=0.00000561 complexity=10 | (ret_5 * (square(ret_5) * -374.1927)) + (range_3 * 0.053008042)
06:14:28 [INFO]     #4: score=0.000869 loss=0.00000566 complexity=5 | (0.047700327 - ret_5) * range_3
06:14:28 [INFO]     #5: score=0.000820 loss=0.00000567 complexity=3 | range_3 * 0.0471105
06:14:28 [INFO]     #6: score=0.000314 loss=0.00000561 complexity=12 | (range_3 * (0.052193604 + ret_9)) + ((-406.0487 * ret_5) * square(ret_5))
06:14:28 [INFO]     #7: score=0.000202 loss=0.00000560 complexity=14 | (range_3 * (ret_9 + (ret_9 + 0.051731475))) + ((ret_5 * square(ret_5)) * -446.03354)
06:14:28 [INFO]     #8: score=0.000000 loss=0.00000568 complexity=1 | 0.00013603436
06:14:28 [INFO]   Saved: arena1_results/BULL_TREND_h5.json
06:14:28 [INFO] 
Total time: 587s
