06:55:21 [INFO] Arena 1 Fast — Random Expression Generator (V3.2 §7 Lane A)
06:55:21 [INFO] Training end: 2026-04-06T05:55:21.815073+00:00
06:55:21 [INFO] Symbols: ['BTCUSDT', 'ETHUSDT', 'BNBUSDT', 'SOLUSDT', 'XRPUSDT', 'DOGEUSDT']
06:55:21 [INFO] Regimes: 11
06:55:21 [INFO] Batch sizes: 5000 (34-col) + 5000 (OHLCV)
06:55:21 [INFO] Run ID: rnd_20260406_065521_aedea5
06:55:21 [INFO] Loading OHLCV and labeling regimes...
06:55:23 [INFO]   BTCUSDT: 766489 bars
06:55:25 [INFO]   ETHUSDT: 766501 bars
06:55:27 [INFO]   BNBUSDT: 766514 bars
06:55:29 [INFO]   SOLUSDT: 766463 bars
06:55:30 [INFO]   XRPUSDT: 766472 bars
06:55:32 [INFO]   DOGEUSDT: 766485 bars
06:55:32 [INFO] Launching 11 regime workers...
06:55:33 [INFO] [BULL_TREND] Starting
06:55:33 [INFO] [BEAR_TREND] Starting
06:55:33 [INFO] [BULL_PULLBACK] Starting
06:55:34 [INFO] [BEAR_RALLY] Starting
06:55:34 [INFO] [TOPPING] Starting
06:55:34 [INFO] [BOTTOMING] Starting
06:55:35 [INFO] [CONSOLIDATION] Starting
06:55:35 [INFO] [SQUEEZE] Starting
06:55:35 [INFO] [CHOPPY_VOLATILE] Starting
06:55:35 [INFO] [DISTRIBUTION] Starting
06:55:36 [INFO] [ACCUMULATION] Starting
