21:22:44 [INFO] Arena 1 — Full PySR Signal Pool (11 regimes × 5 targets)
21:22:44 [INFO] Targets: next_[1, 3, 5, 10, 30]_bar_return
21:22:44 [INFO] Loading all OHLCV + labeling...
21:22:46 [INFO]   BTCUSDT: 777601 bars
21:22:49 [INFO]   ETHUSDT: 777601 bars
21:22:51 [INFO]   BNBUSDT: 777601 bars
21:22:53 [INFO]   SOLUSDT: 777601 bars
21:22:55 [INFO]   XRPUSDT: 777601 bars
21:22:57 [INFO]   DOGEUSDT: 777601 bars
21:22:57 [INFO] 
============================================================
21:22:57 [INFO] REGIME: BULL_TREND (227 segments)
21:22:57 [INFO] 
  [1/55] target=next_1_bar_return
21:23:25 [INFO]     X=(579063, 29), y_std=0.001066
/home/j13/j13-ops/zangetsu_v3/.venv/lib/python3.12/site-packages/pysr/sr.py:2265: UserWarning: Note: you are running with more than 10,000 datapoints. You should consider turning on batching (https://ai.damtp.cam.ac.uk/pysr/options/#batching). You should also reconsider if you need that many datapoints. Unless you have a large amount of noise (in which case you should smooth your dataset first), generally < 10,000 datapoints is enough to find a functional form with symbolic regression. More datapoints will lower the search speed.
  warnings.warn(
UNHANDLED TASK ERROR: Distributed.ProcessExitedException(4)
Stacktrace:
  [1] wait()
    @ Base ./task.jl:1022
  [2] wait(c::Base.GenericCondition{ReentrantLock}; first::Bool)
    @ Base ./condition.jl:130
  [3] wait
    @ ./condition.jl:125 [inlined]
  [4] take_buffered(c::Channel{Any})
    @ Base ./channels.jl:493
  [5] take!(c::Channel{Any})
    @ Base ./channels.jl:487
  [6] take!(::Distributed.RemoteValue)
    @ Distributed ~/j13-ops/zangetsu_v3/.venv/julia_env/pyjuliapkg/install/share/julia/stdlib/v1.11/Distributed/src/remotecall.jl:726
  [7] remotecall_fetch(f::Function, w::Distributed.Worker, args::Distributed.RRID; kwargs::@Kwargs{})
    @ Distributed ~/j13-ops/zangetsu_v3/.venv/julia_env/pyjuliapkg/install/share/julia/stdlib/v1.11/Distributed/src/remotecall.jl:461
  [8] remotecall_fetch(f::Function, w::Distributed.Worker, args::Distributed.RRID)
    @ Distributed ~/j13-ops/zangetsu_v3/.venv/julia_env/pyjuliapkg/install/share/julia/stdlib/v1.11/Distributed/src/remotecall.jl:454
  [9] remotecall_fetch
    @ ~/j13-ops/zangetsu_v3/.venv/julia_env/pyjuliapkg/install/share/julia/stdlib/v1.11/Distributed/src/remotecall.jl:492 [inlined]
 [10] call_on_owner
    @ ~/j13-ops/zangetsu_v3/.venv/julia_env/pyjuliapkg/install/share/julia/stdlib/v1.11/Distributed/src/remotecall.jl:565 [inlined]
 [11] fetch
    @ ~/j13-ops/zangetsu_v3/.venv/julia_env/pyjuliapkg/install/share/julia/stdlib/v1.11/Distributed/src/remotecall.jl:619
 [12] (::SymbolicRegression.var"#63#68"{SymbolicRegression.SearchUtilsModule.SearchState{Float32, Float32, Expression{Float32, Node{Float32}, @NamedTuple{operators::Nothing, variable_names::Nothing}}, Distributed.Future, Distributed.RemoteChannel}, Int64, Int64})()
    @ SymbolicRegression ~/.julia/packages/SymbolicRegression/L5TJa/src/SymbolicRegression.jl:976
UNHANDLED TASK ERROR: Distributed.ProcessExitedException(5)
Stacktrace:
  [1] try_yieldto(undo::typeof(Base.ensure_rescheduled))
    @ Base ./task.jl:958
  [2] wait()
    @ Base ./task.jl:1022
  [3] wait(c::Base.GenericCondition{ReentrantLock}; first::Bool)
    @ Base ./condition.jl:130
  [4] wait
    @ ./condition.jl:125 [inlined]
  [5] take_buffered(c::Channel{Any})
    @ Base ./channels.jl:493
  [6] take!(c::Channel{Any})
    @ Base ./channels.jl:487
  [7] take!(::Distributed.RemoteValue)
    @ Distributed ~/j13-ops/zangetsu_v3/.venv/julia_env/pyjuliapkg/install/share/julia/stdlib/v1.11/Distributed/src/remotecall.jl:726
  [8] remotecall_fetch(f::Function, w::Distributed.Worker, args::Distributed.RRID; kwargs::@Kwargs{})
    @ Distributed ~/j13-ops/zangetsu_v3/.venv/julia_env/pyjuliapkg/install/share/julia/stdlib/v1.11/Distributed/src/remotecall.jl:461
  [9] remotecall_fetch(f::Function, w::Distributed.Worker, args::Distributed.RRID)
    @ Distributed ~/j13-ops/zangetsu_v3/.venv/julia_env/pyjuliapkg/install/share/julia/stdlib/v1.11/Distributed/src/remotecall.jl:454
 [10] remotecall_fetch
    @ ~/j13-ops/zangetsu_v3/.venv/julia_env/pyjuliapkg/install/share/julia/stdlib/v1.11/Distributed/src/remotecall.jl:492 [inlined]
 [11] call_on_owner
    @ ~/j13-ops/zangetsu_v3/.venv/julia_env/pyjuliapkg/install/share/julia/stdlib/v1.11/Distributed/src/remotecall.jl:565 [inlined]
 [12] fetch
    @ ~/j13-ops/zangetsu_v3/.venv/julia_env/pyjuliapkg/install/share/julia/stdlib/v1.11/Distributed/src/remotecall.jl:619
 [13] (::SymbolicRegression.var"#63#68"{SymbolicRegression.SearchUtilsModule.SearchState{Float32, Float32, Expression{Float32, Node{Float32}, @NamedTuple{operators::Nothing, variable_names::Nothing}}, Distributed.Future, Distributed.RemoteChannel}, Int64, Int64})()
    @ SymbolicRegression ~/.julia/packages/SymbolicRegression/L5TJa/src/SymbolicRegression.jl:976
UNHANDLED TASK ERROR: Distributed.ProcessExitedException(5)
Stacktrace:
  [1] try_yieldto(undo::typeof(Base.ensure_rescheduled))
    @ Base ./task.jl:958
  [2] wait()
    @ Base ./task.jl:1022
  [3] wait(c::Base.GenericCondition{ReentrantLock}; first::Bool)
    @ Base ./condition.jl:130
  [4] wait
    @ ./condition.jl:125 [inlined]
  [5] take_buffered(c::Channel{Any})
    @ Base ./channels.jl:493
  [6] take!(c::Channel{Any})
    @ Base ./channels.jl:487
  [7] take!(::Distributed.RemoteValue)
    @ Distributed ~/j13-ops/zangetsu_v3/.venv/julia_env/pyjuliapkg/install/share/julia/stdlib/v1.11/Distributed/src/remotecall.jl:726
  [8] remotecall_fetch(f::Function, w::Distributed.Worker, args::Distributed.RRID; kwargs::@Kwargs{})
    @ Distributed ~/j13-ops/zangetsu_v3/.venv/julia_env/pyjuliapkg/install/share/julia/stdlib/v1.11/Distributed/src/remotecall.jl:461
  [9] remotecall_fetch(f::Function, w::Distributed.Worker, args::Distributed.RRID)
    @ Distributed ~/j13-ops/zangetsu_v3/.venv/julia_env/pyjuliapkg/install/share/julia/stdlib/v1.11/Distributed/src/remotecall.jl:454
 [10] remotecall_fetch
    @ ~/j13-ops/zangetsu_v3/.venv/julia_env/pyjuliapkg/install/share/julia/stdlib/v1.11/Distributed/src/remotecall.jl:492 [inlined]
 [11] call_on_owner
    @ ~/j13-ops/zangetsu_v3/.venv/julia_env/pyjuliapkg/install/share/julia/stdlib/v1.11/Distributed/src/remotecall.jl:565 [inlined]
 [12] fetch
    @ ~/j13-ops/zangetsu_v3/.venv/julia_env/pyjuliapkg/install/share/julia/stdlib/v1.11/Distributed/src/remotecall.jl:619
 [13] (::SymbolicRegression.var"#63#68"{SymbolicRegression.SearchUtilsModule.SearchState{Float32, Float32, Expression{Float32, Node{Float32}, @NamedTuple{operators::Nothing, variable_names::Nothing}}, Distributed.Future, Distributed.RemoteChannel}, Int64, Int64})()
    @ SymbolicRegression ~/.julia/packages/SymbolicRegression/L5TJa/src/SymbolicRegression.jl:976
UNHANDLED TASK ERROR: Distributed.ProcessExitedException(5)
Stacktrace:
  [1] try_yieldto(undo::typeof(Base.ensure_rescheduled))
    @ Base ./task.jl:958
  [2] wait()
    @ Base ./task.jl:1022
  [3] wait(c::Base.GenericCondition{ReentrantLock}; first::Bool)
    @ Base ./condition.jl:130
  [4] wait
    @ ./condition.jl:125 [inlined]
  [5] take_buffered(c::Channel{Any})
    @ Base ./channels.jl:493
  [6] take!(c::Channel{Any})
    @ Base ./channels.jl:487
  [7] take!(::Distributed.RemoteValue)
    @ Distributed ~/j13-ops/zangetsu_v3/.venv/julia_env/pyjuliapkg/install/share/julia/stdlib/v1.11/Distributed/src/remotecall.jl:726
  [8] remotecall_fetch(f::Function, w::Distributed.Worker, args::Distributed.RRID; kwargs::@Kwargs{})
    @ Distributed ~/j13-ops/zangetsu_v3/.venv/julia_env/pyjuliapkg/install/share/julia/stdlib/v1.11/Distributed/src/remotecall.jl:461
  [9] remotecall_fetch(f::Function, w::Distributed.Worker, args::Distributed.RRID)
    @ Distributed ~/j13-ops/zangetsu_v3/.venv/julia_env/pyjuliapkg/install/share/julia/stdlib/v1.11/Distributed/src/remotecall.jl:454
 [10] remotecall_fetch
    @ ~/j13-ops/zangetsu_v3/.venv/julia_env/pyjuliapkg/install/share/julia/stdlib/v1.11/Distributed/src/remotecall.jl:492 [inlined]
 [11] call_on_owner
    @ ~/j13-ops/zangetsu_v3/.venv/julia_env/pyjuliapkg/install/share/julia/stdlib/v1.11/Distributed/src/remotecall.jl:565 [inlined]
 [12] fetch
    @ ~/j13-ops/zangetsu_v3/.venv/julia_env/pyjuliapkg/install/share/julia/stdlib/v1.11/Distributed/src/remotecall.jl:619
 [13] (::SymbolicRegression.var"#63#68"{SymbolicRegression.SearchUtilsModule.SearchState{Float32, Float32, Expression{Float32, Node{Float32}, @NamedTuple{operators::Nothing, variable_names::Nothing}}, Distributed.Future, Distributed.RemoteChannel}, Int64, Int64})()
    @ SymbolicRegression ~/.julia/packages/SymbolicRegression/L5TJa/src/SymbolicRegression.jl:976
UNHANDLED TASK ERROR: Distributed.ProcessExitedException(4)
Stacktrace:
  [1] try_yieldto(undo::typeof(Base.ensure_rescheduled))
    @ Base ./task.jl:958
  [2] wait()
    @ Base ./task.jl:1022
  [3] wait(c::Base.GenericCondition{ReentrantLock}; first::Bool)
    @ Base ./condition.jl:130
  [4] wait
    @ ./condition.jl:125 [inlined]
  [5] take_buffered(c::Channel{Any})
    @ Base ./channels.jl:493
  [6] take!(c::Channel{Any})
    @ Base ./channels.jl:487
  [7] take!(::Distributed.RemoteValue)
    @ Distributed ~/j13-ops/zangetsu_v3/.venv/julia_env/pyjuliapkg/install/share/julia/stdlib/v1.11/Distributed/src/remotecall.jl:726
  [8] remotecall_fetch(f::Function, w::Distributed.Worker, args::Distributed.RRID; kwargs::@Kwargs{})
    @ Distributed ~/j13-ops/zangetsu_v3/.venv/julia_env/pyjuliapkg/install/share/julia/stdlib/v1.11/Distributed/src/remotecall.jl:461
  [9] remotecall_fetch(f::Function, w::Distributed.Worker, args::Distributed.RRID)
    @ Distributed ~/j13-ops/zangetsu_v3/.venv/julia_env/pyjuliapkg/install/share/julia/stdlib/v1.11/Distributed/src/remotecall.jl:454
 [10] remotecall_fetch
    @ ~/j13-ops/zangetsu_v3/.venv/julia_env/pyjuliapkg/install/share/julia/stdlib/v1.11/Distributed/src/remotecall.jl:492 [inlined]
 [11] call_on_owner
    @ ~/j13-ops/zangetsu_v3/.venv/julia_env/pyjuliapkg/install/share/julia/stdlib/v1.11/Distributed/src/remotecall.jl:565 [inlined]
 [12] fetch
    @ ~/j13-ops/zangetsu_v3/.venv/julia_env/pyjuliapkg/install/share/julia/stdlib/v1.11/Distributed/src/remotecall.jl:619
 [13] (::SymbolicRegression.var"#63#68"{SymbolicRegression.SearchUtilsModule.SearchState{Float32, Float32, Expression{Float32, Node{Float32}, @NamedTuple{operators::Nothing, variable_names::Nothing}}, Distributed.Future, Distributed.RemoteChannel}, Int64, Int64})()
    @ SymbolicRegression ~/.julia/packages/SymbolicRegression/L5TJa/src/SymbolicRegression.jl:976
UNHANDLED TASK ERROR: Distributed.ProcessExitedException(5)
Stacktrace:
  [1] try_yieldto(undo::typeof(Base.ensure_rescheduled))
    @ Base ./task.jl:958
  [2] wait()
    @ Base ./task.jl:1022
  [3] wait(c::Base.GenericCondition{ReentrantLock}; first::Bool)
    @ Base ./condition.jl:130
  [4] wait
    @ ./condition.jl:125 [inlined]
  [5] take_buffered(c::Channel{Any})
    @ Base ./channels.jl:493
  [6] take!(c::Channel{Any})
    @ Base ./channels.jl:487
  [7] take!(::Distributed.RemoteValue)
    @ Distributed ~/j13-ops/zangetsu_v3/.venv/julia_env/pyjuliapkg/install/share/julia/stdlib/v1.11/Distributed/src/remotecall.jl:726
  [8] remotecall_fetch(f::Function, w::Distributed.Worker, args::Distributed.RRID; kwargs::@Kwargs{})
    @ Distributed ~/j13-ops/zangetsu_v3/.venv/julia_env/pyjuliapkg/install/share/julia/stdlib/v1.11/Distributed/src/remotecall.jl:461
  [9] remotecall_fetch(f::Function, w::Distributed.Worker, args::Distributed.RRID)
    @ Distributed ~/j13-ops/zangetsu_v3/.venv/julia_env/pyjuliapkg/install/share/julia/stdlib/v1.11/Distributed/src/remotecall.jl:454
 [10] remotecall_fetch
    @ ~/j13-ops/zangetsu_v3/.venv/julia_env/pyjuliapkg/install/share/julia/stdlib/v1.11/Distributed/src/remotecall.jl:492 [inlined]
 [11] call_on_owner
    @ ~/j13-ops/zangetsu_v3/.venv/julia_env/pyjuliapkg/install/share/julia/stdlib/v1.11/Distributed/src/remotecall.jl:565 [inlined]
 [12] fetch
    @ ~/j13-ops/zangetsu_v3/.venv/julia_env/pyjuliapkg/install/share/julia/stdlib/v1.11/Distributed/src/remotecall.jl:619
 [13] (::SymbolicRegression.var"#63#68"{SymbolicRegression.SearchUtilsModule.SearchState{Float32, Float32, Expression{Float32, Node{Float32}, @NamedTuple{operators::Nothing, variable_names::Nothing}}, Distributed.Future, Distributed.RemoteChannel}, Int64, Int64})()
    @ SymbolicRegression ~/.julia/packages/SymbolicRegression/L5TJa/src/SymbolicRegression.jl:976
UNHANDLED TASK ERROR: Distributed.ProcessExitedException(5)
Stacktrace:
  [1] try_yieldto(undo::typeof(Base.ensure_rescheduled))
    @ Base ./task.jl:958
  [2] wait()
    @ Base ./task.jl:1022
  [3] wait(c::Base.GenericCondition{ReentrantLock}; first::Bool)
    @ Base ./condition.jl:130
  [4] wait
    @ ./condition.jl:125 [inlined]
  [5] take_buffered(c::Channel{Any})
    @ Base ./channels.jl:493
  [6] take!(c::Channel{Any})
    @ Base ./channels.jl:487
  [7] take!(::Distributed.RemoteValue)
    @ Distributed ~/j13-ops/zangetsu_v3/.venv/julia_env/pyjuliapkg/install/share/julia/stdlib/v1.11/Distributed/src/remotecall.jl:726
  [8] remotecall_fetch(f::Function, w::Distributed.Worker, args::Distributed.RRID; kwargs::@Kwargs{})
    @ Distributed ~/j13-ops/zangetsu_v3/.venv/julia_env/pyjuliapkg/install/share/julia/stdlib/v1.11/Distributed/src/remotecall.jl:461
  [9] remotecall_fetch(f::Function, w::Distributed.Worker, args::Distributed.RRID)
    @ Distributed ~/j13-ops/zangetsu_v3/.venv/julia_env/pyjuliapkg/install/share/julia/stdlib/v1.11/Distributed/src/remotecall.jl:454
 [10] remotecall_fetch
    @ ~/j13-ops/zangetsu_v3/.venv/julia_env/pyjuliapkg/install/share/julia/stdlib/v1.11/Distributed/src/remotecall.jl:492 [inlined]
 [11] call_on_owner
    @ ~/j13-ops/zangetsu_v3/.venv/julia_env/pyjuliapkg/install/share/julia/stdlib/v1.11/Distributed/src/remotecall.jl:565 [inlined]
 [12] fetch
    @ ~/j13-ops/zangetsu_v3/.venv/julia_env/pyjuliapkg/install/share/julia/stdlib/v1.11/Distributed/src/remotecall.jl:619
 [13] (::SymbolicRegression.var"#63#68"{SymbolicRegression.SearchUtilsModule.SearchState{Float32, Float32, Expression{Float32, Node{Float32}, @NamedTuple{operators::Nothing, variable_names::Nothing}}, Distributed.Future, Distributed.RemoteChannel}, Int64, Int64})()
    @ SymbolicRegression ~/.julia/packages/SymbolicRegression/L5TJa/src/SymbolicRegression.jl:976
UNHANDLED TASK ERROR: Distributed.ProcessExitedException(5)
Stacktrace:
  [1] try_yieldto(undo::typeof(Base.ensure_rescheduled))
    @ Base ./task.jl:958
  [2] wait()
    @ Base ./task.jl:1022
  [3] wait(c::Base.GenericCondition{ReentrantLock}; first::Bool)
    @ Base ./condition.jl:130
  [4] wait
    @ ./condition.jl:125 [inlined]
  [5] take_buffered(c::Channel{Any})
    @ Base ./channels.jl:493
  [6] take!(c::Channel{Any})
    @ Base ./channels.jl:487
  [7] take!(::Distributed.RemoteValue)
    @ Distributed ~/j13-ops/zangetsu_v3/.venv/julia_env/pyjuliapkg/install/share/julia/stdlib/v1.11/Distributed/src/remotecall.jl:726
  [8] remotecall_fetch(f::Function, w::Distributed.Worker, args::Distributed.RRID; kwargs::@Kwargs{})
    @ Distributed ~/j13-ops/zangetsu_v3/.venv/julia_env/pyjuliapkg/install/share/julia/stdlib/v1.11/Distributed/src/remotecall.jl:461
  [9] remotecall_fetch(f::Function, w::Distributed.Worker, args::Distributed.RRID)
    @ Distributed ~/j13-ops/zangetsu_v3/.venv/julia_env/pyjuliapkg/install/share/julia/stdlib/v1.11/Distributed/src/remotecall.jl:454
 [10] remotecall_fetch
    @ ~/j13-ops/zangetsu_v3/.venv/julia_env/pyjuliapkg/install/share/julia/stdlib/v1.11/Distributed/src/remotecall.jl:492 [inlined]
 [11] call_on_owner
    @ ~/j13-ops/zangetsu_v3/.venv/julia_env/pyjuliapkg/install/share/julia/stdlib/v1.11/Distributed/src/remotecall.jl:565 [inlined]
 [12] fetch
    @ ~/j13-ops/zangetsu_v3/.venv/julia_env/pyjuliapkg/install/share/julia/stdlib/v1.11/Distributed/src/remotecall.jl:619
 [13] (::SymbolicRegression.var"#63#68"{SymbolicRegression.SearchUtilsModule.SearchState{Float32, Float32, Expression{Float32, Node{Float32}, @NamedTuple{operators::Nothing, variable_names::Nothing}}, Distributed.Future, Distributed.RemoteChannel}, Int64, Int64})()
    @ SymbolicRegression ~/.julia/packages/SymbolicRegression/L5TJa/src/SymbolicRegression.jl:976
UNHANDLED TASK ERROR: Distributed.ProcessExitedException(4)
Stacktrace:
  [1] wait()
    @ Base ./task.jl:1022
  [2] wait(c::Base.GenericCondition{ReentrantLock}; first::Bool)
    @ Base ./condition.jl:130
  [3] wait
    @ ./condition.jl:125 [inlined]
  [4] take_buffered(c::Channel{Any})
    @ Base ./channels.jl:493
  [5] take!(c::Channel{Any})
    @ Base ./channels.jl:487
  [6] take!(::Distributed.RemoteValue)
    @ Distributed ~/j13-ops/zangetsu_v3/.venv/julia_env/pyjuliapkg/install/share/julia/stdlib/v1.11/Distributed/src/remotecall.jl:726
  [7] remotecall_fetch(f::Function, w::Distributed.Worker, args::Distributed.RRID; kwargs::@Kwargs{})
    @ Distributed ~/j13-ops/zangetsu_v3/.venv/julia_env/pyjuliapkg/install/share/julia/stdlib/v1.11/Distributed/src/remotecall.jl:461
  [8] remotecall_fetch(f::Function, w::Distributed.Worker, args::Distributed.RRID)
    @ Distributed ~/j13-ops/zangetsu_v3/.venv/julia_env/pyjuliapkg/install/share/julia/stdlib/v1.11/Distributed/src/remotecall.jl:454
  [9] remotecall_fetch
    @ ~/j13-ops/zangetsu_v3/.venv/julia_env/pyjuliapkg/install/share/julia/stdlib/v1.11/Distributed/src/remotecall.jl:492 [inlined]
 [10] call_on_owner
    @ ~/j13-ops/zangetsu_v3/.venv/julia_env/pyjuliapkg/install/share/julia/stdlib/v1.11/Distributed/src/remotecall.jl:565 [inlined]
 [11] fetch
    @ ~/j13-ops/zangetsu_v3/.venv/julia_env/pyjuliapkg/install/share/julia/stdlib/v1.11/Distributed/src/remotecall.jl:619
 [12] (::SymbolicRegression.var"#63#68"{SymbolicRegression.SearchUtilsModule.SearchState{Float32, Float32, Expression{Float32, Node{Float32}, @NamedTuple{operators::Nothing, variable_names::Nothing}}, Distributed.Future, Distributed.RemoteChannel}, Int64, Int64})()
    @ SymbolicRegression ~/.julia/packages/SymbolicRegression/L5TJa/src/SymbolicRegression.jl:976
UNHANDLED TASK ERROR: Distributed.ProcessExitedException(4)
Stacktrace:
  [1] wait()
    @ Base ./task.jl:1022
  [2] wait(c::Base.GenericCondition{ReentrantLock}; first::Bool)
    @ Base ./condition.jl:130
  [3] wait
    @ ./condition.jl:125 [inlined]
  [4] take_buffered(c::Channel{Any})
    @ Base ./channels.jl:493
  [5] take!(c::Channel{Any})
    @ Base ./channels.jl:487
  [6] take!(::Distributed.RemoteValue)
    @ Distributed ~/j13-ops/zangetsu_v3/.venv/julia_env/pyjuliapkg/install/share/julia/stdlib/v1.11/Distributed/src/remotecall.jl:726
  [7] remotecall_fetch(f::Function, w::Distributed.Worker, args::Distributed.RRID; kwargs::@Kwargs{})
    @ Distributed ~/j13-ops/zangetsu_v3/.venv/julia_env/pyjuliapkg/install/share/julia/stdlib/v1.11/Distributed/src/remotecall.jl:461
  [8] remotecall_fetch(f::Function, w::Distributed.Worker, args::Distributed.RRID)
    @ Distributed ~/j13-ops/zangetsu_v3/.venv/julia_env/pyjuliapkg/install/share/julia/stdlib/v1.11/Distributed/src/remotecall.jl:454
  [9] remotecall_fetch
    @ ~/j13-ops/zangetsu_v3/.venv/julia_env/pyjuliapkg/install/share/julia/stdlib/v1.11/Distributed/src/remotecall.jl:492 [inlined]
 [10] call_on_owner
    @ ~/j13-ops/zangetsu_v3/.venv/julia_env/pyjuliapkg/install/share/julia/stdlib/v1.11/Distributed/src/remotecall.jl:565 [inlined]
 [11] fetch
    @ ~/j13-ops/zangetsu_v3/.venv/julia_env/pyjuliapkg/install/share/julia/stdlib/v1.11/Distributed/src/remotecall.jl:619
 [12] (::SymbolicRegression.var"#63#68"{SymbolicRegression.SearchUtilsModule.SearchState{Float32, Float32, Expression{Float32, Node{Float32}, @NamedTuple{operators::Nothing, variable_names::Nothing}}, Distributed.Future, Distributed.RemoteChannel}, Int64, Int64})()
    @ SymbolicRegression ~/.julia/packages/SymbolicRegression/L5TJa/src/SymbolicRegression.jl:976
UNHANDLED TASK ERROR: Distributed.ProcessExitedException(4)
Stacktrace:
  [1] try_yieldto(undo::typeof(Base.ensure_rescheduled))
    @ Base ./task.jl:958
  [2] wait()
    @ Base ./task.jl:1022
  [3] wait(c::Base.GenericCondition{ReentrantLock}; first::Bool)
    @ Base ./condition.jl:130
  [4] wait
    @ ./condition.jl:125 [inlined]
  [5] take_buffered(c::Channel{Any})
    @ Base ./channels.jl:493
  [6] take!(c::Channel{Any})
    @ Base ./channels.jl:487
  [7] take!(::Distributed.RemoteValue)
    @ Distributed ~/j13-ops/zangetsu_v3/.venv/julia_env/pyjuliapkg/install/share/julia/stdlib/v1.11/Distributed/src/remotecall.jl:726
  [8] remotecall_fetch(f::Function, w::Distributed.Worker, args::Distributed.RRID; kwargs::@Kwargs{})
    @ Distributed ~/j13-ops/zangetsu_v3/.venv/julia_env/pyjuliapkg/install/share/julia/stdlib/v1.11/Distributed/src/remotecall.jl:461
  [9] remotecall_fetch(f::Function, w::Distributed.Worker, args::Distributed.RRID)
    @ Distributed ~/j13-ops/zangetsu_v3/.venv/julia_env/pyjuliapkg/install/share/julia/stdlib/v1.11/Distributed/src/remotecall.jl:454
 [10] remotecall_fetch
    @ ~/j13-ops/zangetsu_v3/.venv/julia_env/pyjuliapkg/install/share/julia/stdlib/v1.11/Distributed/src/remotecall.jl:492 [inlined]
 [11] call_on_owner
    @ ~/j13-ops/zangetsu_v3/.venv/julia_env/pyjuliapkg/install/share/julia/stdlib/v1.11/Distributed/src/remotecall.jl:565 [inlined]
 [12] fetch
    @ ~/j13-ops/zangetsu_v3/.venv/julia_env/pyjuliapkg/install/share/julia/stdlib/v1.11/Distributed/src/remotecall.jl:619
 [13] (::SymbolicRegression.var"#63#68"{SymbolicRegression.SearchUtilsModule.SearchState{Float32, Float32, Expression{Float32, Node{Float32}, @NamedTuple{operators::Nothing, variable_names::Nothing}}, Distributed.Future, Distributed.RemoteChannel}, Int64, Int64})()
    @ SymbolicRegression ~/.julia/packages/SymbolicRegression/L5TJa/src/SymbolicRegression.jl:976
UNHANDLED TASK ERROR: Distributed.ProcessExitedException(4)
Stacktrace:
  [1] try_yieldto(undo::typeof(Base.ensure_rescheduled))
    @ Base ./task.jl:958
  [2] wait()
    @ Base ./task.jl:1022
  [3] wait(c::Base.GenericCondition{ReentrantLock}; first::Bool)
    @ Base ./condition.jl:130
  [4] wait
    @ ./condition.jl:125 [inlined]
  [5] take_buffered(c::Channel{Any})
    @ Base ./channels.jl:493
  [6] take!(c::Channel{Any})
    @ Base ./channels.jl:487
  [7] take!(::Distributed.RemoteValue)
    @ Distributed ~/j13-ops/zangetsu_v3/.venv/julia_env/pyjuliapkg/install/share/julia/stdlib/v1.11/Distributed/src/remotecall.jl:726
  [8] remotecall_fetch(f::Function, w::Distributed.Worker, args::Distributed.RRID; kwargs::@Kwargs{})
    @ Distributed ~/j13-ops/zangetsu_v3/.venv/julia_env/pyjuliapkg/install/share/julia/stdlib/v1.11/Distributed/src/remotecall.jl:461
  [9] remotecall_fetch(f::Function, w::Distributed.Worker, args::Distributed.RRID)
    @ Distributed ~/j13-ops/zangetsu_v3/.venv/julia_env/pyjuliapkg/install/share/julia/stdlib/v1.11/Distributed/src/remotecall.jl:454
 [10] remotecall_fetch
    @ ~/j13-ops/zangetsu_v3/.venv/julia_env/pyjuliapkg/install/share/julia/stdlib/v1.11/Distributed/src/remotecall.jl:492 [inlined]
 [11] call_on_owner
    @ ~/j13-ops/zangetsu_v3/.venv/julia_env/pyjuliapkg/install/share/julia/stdlib/v1.11/Distributed/src/remotecall.jl:565 [inlined]
 [12] fetch
    @ ~/j13-ops/zangetsu_v3/.venv/julia_env/pyjuliapkg/install/share/julia/stdlib/v1.11/Distributed/src/remotecall.jl:619
 [13] (::SymbolicRegression.var"#63#68"{SymbolicRegression.SearchUtilsModule.SearchState{Float32, Float32, Expression{Float32, Node{Float32}, @NamedTuple{operators::Nothing, variable_names::Nothing}}, Distributed.Future, Distributed.RemoteChannel}, Int64, Int64})()
    @ SymbolicRegression ~/.julia/packages/SymbolicRegression/L5TJa/src/SymbolicRegression.jl:976
UNHANDLED TASK ERROR: Distributed.ProcessExitedException(5)
Stacktrace:
  [1] try_yieldto(undo::typeof(Base.ensure_rescheduled))
    @ Base ./task.jl:958
  [2] wait()
    @ Base ./task.jl:1022
  [3] wait(c::Base.GenericCondition{ReentrantLock}; first::Bool)
    @ Base ./condition.jl:130
  [4] wait
    @ ./condition.jl:125 [inlined]
  [5] take_buffered(c::Channel{Any})
    @ Base ./channels.jl:493
  [6] take!(c::Channel{Any})
    @ Base ./channels.jl:487
  [7] take!(::Distributed.RemoteValue)
    @ Distributed ~/j13-ops/zangetsu_v3/.venv/julia_env/pyjuliapkg/install/share/julia/stdlib/v1.11/Distributed/src/remotecall.jl:726
  [8] remotecall_fetch(f::Function, w::Distributed.Worker, args::Distributed.RRID; kwargs::@Kwargs{})
    @ Distributed ~/j13-ops/zangetsu_v3/.venv/julia_env/pyjuliapkg/install/share/julia/stdlib/v1.11/Distributed/src/remotecall.jl:461
  [9] remotecall_fetch(f::Function, w::Distributed.Worker, args::Distributed.RRID)
    @ Distributed ~/j13-ops/zangetsu_v3/.venv/julia_env/pyjuliapkg/install/share/julia/stdlib/v1.11/Distributed/src/remotecall.jl:454
 [10] remotecall_fetch
    @ ~/j13-ops/zangetsu_v3/.venv/julia_env/pyjuliapkg/install/share/julia/stdlib/v1.11/Distributed/src/remotecall.jl:492 [inlined]
 [11] call_on_owner
    @ ~/j13-ops/zangetsu_v3/.venv/julia_env/pyjuliapkg/install/share/julia/stdlib/v1.11/Distributed/src/remotecall.jl:565 [inlined]
 [12] fetch
    @ ~/j13-ops/zangetsu_v3/.venv/julia_env/pyjuliapkg/install/share/julia/stdlib/v1.11/Distributed/src/remotecall.jl:619
 [13] (::SymbolicRegression.var"#63#68"{SymbolicRegression.SearchUtilsModule.SearchState{Float32, Float32, Expression{Float32, Node{Float32}, @NamedTuple{operators::Nothing, variable_names::Nothing}}, Distributed.Future, Distributed.RemoteChannel}, Int64, Int64})()
    @ SymbolicRegression ~/.julia/packages/SymbolicRegression/L5TJa/src/SymbolicRegression.jl:976
UNHANDLED TASK ERROR: Distributed.ProcessExitedException(4)
Stacktrace:
  [1] wait()
    @ Base ./task.jl:1022
  [2] wait(c::Base.GenericCondition{ReentrantLock}; first::Bool)
    @ Base ./condition.jl:130
  [3] wait
    @ ./condition.jl:125 [inlined]
  [4] take_buffered(c::Channel{Any})
    @ Base ./channels.jl:493
  [5] take!(c::Channel{Any})
    @ Base ./channels.jl:487
  [6] take!(::Distributed.RemoteValue)
    @ Distributed ~/j13-ops/zangetsu_v3/.venv/julia_env/pyjuliapkg/install/share/julia/stdlib/v1.11/Distributed/src/remotecall.jl:726
  [7] remotecall_fetch(f::Function, w::Distributed.Worker, args::Distributed.RRID; kwargs::@Kwargs{})
    @ Distributed ~/j13-ops/zangetsu_v3/.venv/julia_env/pyjuliapkg/install/share/julia/stdlib/v1.11/Distributed/src/remotecall.jl:461
  [8] remotecall_fetch(f::Function, w::Distributed.Worker, args::Distributed.RRID)
    @ Distributed ~/j13-ops/zangetsu_v3/.venv/julia_env/pyjuliapkg/install/share/julia/stdlib/v1.11/Distributed/src/remotecall.jl:454
  [9] remotecall_fetch
    @ ~/j13-ops/zangetsu_v3/.venv/julia_env/pyjuliapkg/install/share/julia/stdlib/v1.11/Distributed/src/remotecall.jl:492 [inlined]
 [10] call_on_owner
    @ ~/j13-ops/zangetsu_v3/.venv/julia_env/pyjuliapkg/install/share/julia/stdlib/v1.11/Distributed/src/remotecall.jl:565 [inlined]
 [11] fetch
    @ ~/j13-ops/zangetsu_v3/.venv/julia_env/pyjuliapkg/install/share/julia/stdlib/v1.11/Distributed/src/remotecall.jl:619
 [12] (::SymbolicRegression.var"#63#68"{SymbolicRegression.SearchUtilsModule.SearchState{Float32, Float32, Expression{Float32, Node{Float32}, @NamedTuple{operators::Nothing, variable_names::Nothing}}, Distributed.Future, Distributed.RemoteChannel}, Int64, Int64})()
    @ SymbolicRegression ~/.julia/packages/SymbolicRegression/L5TJa/src/SymbolicRegression.jl:976
UNHANDLED TASK ERROR: Distributed.ProcessExitedException(4)
Stacktrace:
  [1] try_yieldto(undo::typeof(Base.ensure_rescheduled))
    @ Base ./task.jl:958
  [2] wait()
    @ Base ./task.jl:1022
  [3] wait(c::Base.GenericCondition{ReentrantLock}; first::Bool)
    @ Base ./condition.jl:130
  [4] wait
    @ ./condition.jl:125 [inlined]
  [5] take_buffered(c::Channel{Any})
    @ Base ./channels.jl:493
  [6] take!(c::Channel{Any})
    @ Base ./channels.jl:487
  [7] take!(::Distributed.RemoteValue)
    @ Distributed ~/j13-ops/zangetsu_v3/.venv/julia_env/pyjuliapkg/install/share/julia/stdlib/v1.11/Distributed/src/remotecall.jl:726
  [8] remotecall_fetch(f::Function, w::Distributed.Worker, args::Distributed.RRID; kwargs::@Kwargs{})
    @ Distributed ~/j13-ops/zangetsu_v3/.venv/julia_env/pyjuliapkg/install/share/julia/stdlib/v1.11/Distributed/src/remotecall.jl:461
  [9] remotecall_fetch(f::Function, w::Distributed.Worker, args::Distributed.RRID)
    @ Distributed ~/j13-ops/zangetsu_v3/.venv/julia_env/pyjuliapkg/install/share/julia/stdlib/v1.11/Distributed/src/remotecall.jl:454
 [10] remotecall_fetch
    @ ~/j13-ops/zangetsu_v3/.venv/julia_env/pyjuliapkg/install/share/julia/stdlib/v1.11/Distributed/src/remotecall.jl:492 [inlined]
 [11] call_on_owner
    @ ~/j13-ops/zangetsu_v3/.venv/julia_env/pyjuliapkg/install/share/julia/stdlib/v1.11/Distributed/src/remotecall.jl:565 [inlined]
 [12] fetch
    @ ~/j13-ops/zangetsu_v3/.venv/julia_env/pyjuliapkg/install/share/julia/stdlib/v1.11/Distributed/src/remotecall.jl:619
 [13] (::SymbolicRegression.var"#63#68"{SymbolicRegression.SearchUtilsModule.SearchState{Float32, Float32, Expression{Float32, Node{Float32}, @NamedTuple{operators::Nothing, variable_names::Nothing}}, Distributed.Future, Distributed.RemoteChannel}, Int64, Int64})()
    @ SymbolicRegression ~/.julia/packages/SymbolicRegression/L5TJa/src/SymbolicRegression.jl:976
UNHANDLED TASK ERROR: Distributed.ProcessExitedException(5)
Stacktrace:
  [1] try_yieldto(undo::typeof(Base.ensure_rescheduled))
    @ Base ./task.jl:958
  [2] wait()
    @ Base ./task.jl:1022
  [3] wait(c::Base.GenericCondition{ReentrantLock}; first::Bool)
    @ Base ./condition.jl:130
  [4] wait
    @ ./condition.jl:125 [inlined]
  [5] take_buffered(c::Channel{Any})
    @ Base ./channels.jl:493
  [6] take!(c::Channel{Any})
    @ Base ./channels.jl:487
  [7] take!(::Distributed.RemoteValue)
    @ Distributed ~/j13-ops/zangetsu_v3/.venv/julia_env/pyjuliapkg/install/share/julia/stdlib/v1.11/Distributed/src/remotecall.jl:726
  [8] remotecall_fetch(f::Function, w::Distributed.Worker, args::Distributed.RRID; kwargs::@Kwargs{})
    @ Distributed ~/j13-ops/zangetsu_v3/.venv/julia_env/pyjuliapkg/install/share/julia/stdlib/v1.11/Distributed/src/remotecall.jl:461
  [9] remotecall_fetch(f::Function, w::Distributed.Worker, args::Distributed.RRID)
    @ Distributed ~/j13-ops/zangetsu_v3/.venv/julia_env/pyjuliapkg/install/share/julia/stdlib/v1.11/Distributed/src/remotecall.jl:454
 [10] remotecall_fetch
    @ ~/j13-ops/zangetsu_v3/.venv/julia_env/pyjuliapkg/install/share/julia/stdlib/v1.11/Distributed/src/remotecall.jl:492 [inlined]
 [11] call_on_owner
    @ ~/j13-ops/zangetsu_v3/.venv/julia_env/pyjuliapkg/install/share/julia/stdlib/v1.11/Distributed/src/remotecall.jl:565 [inlined]
 [12] fetch
    @ ~/j13-ops/zangetsu_v3/.venv/julia_env/pyjuliapkg/install/share/julia/stdlib/v1.11/Distributed/src/remotecall.jl:619
 [13] (::SymbolicRegression.var"#63#68"{SymbolicRegression.SearchUtilsModule.SearchState{Float32, Float32, Expression{Float32, Node{Float32}, @NamedTuple{operators::Nothing, variable_names::Nothing}}, Distributed.Future, Distributed.RemoteChannel}, Int64, Int64})()
    @ SymbolicRegression ~/.julia/packages/SymbolicRegression/L5TJa/src/SymbolicRegression.jl:976
UNHANDLED TASK ERROR: Distributed.ProcessExitedException(5)
Stacktrace:
  [1] try_yieldto(undo::typeof(Base.ensure_rescheduled))
    @ Base ./task.jl:958
  [2] wait()
    @ Base ./task.jl:1022
  [3] wait(c::Base.GenericCondition{ReentrantLock}; first::Bool)
    @ Base ./condition.jl:130
  [4] wait
    @ ./condition.jl:125 [inlined]
  [5] take_buffered(c::Channel{Any})
    @ Base ./channels.jl:493
  [6] take!(c::Channel{Any})
    @ Base ./channels.jl:487
  [7] take!(::Distributed.RemoteValue)
    @ Distributed ~/j13-ops/zangetsu_v3/.venv/julia_env/pyjuliapkg/install/share/julia/stdlib/v1.11/Distributed/src/remotecall.jl:726
  [8] remotecall_fetch(f::Function, w::Distributed.Worker, args::Distributed.RRID; kwargs::@Kwargs{})
    @ Distributed ~/j13-ops/zangetsu_v3/.venv/julia_env/pyjuliapkg/install/share/julia/stdlib/v1.11/Distributed/src/remotecall.jl:461
  [9] remotecall_fetch(f::Function, w::Distributed.Worker, args::Distributed.RRID)
    @ Distributed ~/j13-ops/zangetsu_v3/.venv/julia_env/pyjuliapkg/install/share/julia/stdlib/v1.11/Distributed/src/remotecall.jl:454
 [10] remotecall_fetch
    @ ~/j13-ops/zangetsu_v3/.venv/julia_env/pyjuliapkg/install/share/julia/stdlib/v1.11/Distributed/src/remotecall.jl:492 [inlined]
 [11] call_on_owner
    @ ~/j13-ops/zangetsu_v3/.venv/julia_env/pyjuliapkg/install/share/julia/stdlib/v1.11/Distributed/src/remotecall.jl:565 [inlined]
 [12] fetch
    @ ~/j13-ops/zangetsu_v3/.venv/julia_env/pyjuliapkg/install/share/julia/stdlib/v1.11/Distributed/src/remotecall.jl:619
 [13] (::SymbolicRegression.var"#63#68"{SymbolicRegression.SearchUtilsModule.SearchState{Float32, Float32, Expression{Float32, Node{Float32}, @NamedTuple{operators::Nothing, variable_names::Nothing}}, Distributed.Future, Distributed.RemoteChannel}, Int64, Int64})()
    @ SymbolicRegression ~/.julia/packages/SymbolicRegression/L5TJa/src/SymbolicRegression.jl:976
UNHANDLED TASK ERROR: Distributed.ProcessExitedException(4)
Stacktrace:
  [1] try_yieldto(undo::typeof(Base.ensure_rescheduled))
    @ Base ./task.jl:958
  [2] wait()
    @ Base ./task.jl:1022
  [3] wait(c::Base.GenericCondition{ReentrantLock}; first::Bool)
    @ Base ./condition.jl:130
  [4] wait
    @ ./condition.jl:125 [inlined]
  [5] take_buffered(c::Channel{Any})
    @ Base ./channels.jl:493
  [6] take!(c::Channel{Any})
    @ Base ./channels.jl:487
  [7] take!(::Distributed.RemoteValue)
    @ Distributed ~/j13-ops/zangetsu_v3/.venv/julia_env/pyjuliapkg/install/share/julia/stdlib/v1.11/Distributed/src/remotecall.jl:726
  [8] remotecall_fetch(f::Function, w::Distributed.Worker, args::Distributed.RRID; kwargs::@Kwargs{})
    @ Distributed ~/j13-ops/zangetsu_v3/.venv/julia_env/pyjuliapkg/install/share/julia/stdlib/v1.11/Distributed/src/remotecall.jl:461
  [9] remotecall_fetch(f::Function, w::Distributed.Worker, args::Distributed.RRID)
    @ Distributed ~/j13-ops/zangetsu_v3/.venv/julia_env/pyjuliapkg/install/share/julia/stdlib/v1.11/Distributed/src/remotecall.jl:454
 [10] remotecall_fetch
    @ ~/j13-ops/zangetsu_v3/.venv/julia_env/pyjuliapkg/install/share/julia/stdlib/v1.11/Distributed/src/remotecall.jl:492 [inlined]
 [11] call_on_owner
    @ ~/j13-ops/zangetsu_v3/.venv/julia_env/pyjuliapkg/install/share/julia/stdlib/v1.11/Distributed/src/remotecall.jl:565 [inlined]
 [12] fetch
    @ ~/j13-ops/zangetsu_v3/.venv/julia_env/pyjuliapkg/install/share/julia/stdlib/v1.11/Distributed/src/remotecall.jl:619
 [13] (::SymbolicRegression.var"#63#68"{SymbolicRegression.SearchUtilsModule.SearchState{Float32, Float32, Expression{Float32, Node{Float32}, @NamedTuple{operators::Nothing, variable_names::Nothing}}, Distributed.Future, Distributed.RemoteChannel}, Int64, Int64})()
    @ SymbolicRegression ~/.julia/packages/SymbolicRegression/L5TJa/src/SymbolicRegression.jl:976
UNHANDLED TASK ERROR: Distributed.ProcessExitedException(4)
Stacktrace:
  [1] wait()
    @ Base ./task.jl:1022
  [2] wait(c::Base.GenericCondition{ReentrantLock}; first::Bool)
    @ Base ./condition.jl:130
  [3] wait
    @ ./condition.jl:125 [inlined]
  [4] take_buffered(c::Channel{Any})
    @ Base ./channels.jl:493
  [5] take!(c::Channel{Any})
    @ Base ./channels.jl:487
  [6] take!(::Distributed.RemoteValue)
    @ Distributed ~/j13-ops/zangetsu_v3/.venv/julia_env/pyjuliapkg/install/share/julia/stdlib/v1.11/Distributed/src/remotecall.jl:726
  [7] remotecall_fetch(f::Function, w::Distributed.Worker, args::Distributed.RRID; kwargs::@Kwargs{})
    @ Distributed ~/j13-ops/zangetsu_v3/.venv/julia_env/pyjuliapkg/install/share/julia/stdlib/v1.11/Distributed/src/remotecall.jl:461
  [8] remotecall_fetch(f::Function, w::Distributed.Worker, args::Distributed.RRID)
    @ Distributed ~/j13-ops/zangetsu_v3/.venv/julia_env/pyjuliapkg/install/share/julia/stdlib/v1.11/Distributed/src/remotecall.jl:454
  [9] remotecall_fetch
    @ ~/j13-ops/zangetsu_v3/.venv/julia_env/pyjuliapkg/install/share/julia/stdlib/v1.11/Distributed/src/remotecall.jl:492 [inlined]
 [10] call_on_owner
    @ ~/j13-ops/zangetsu_v3/.venv/julia_env/pyjuliapkg/install/share/julia/stdlib/v1.11/Distributed/src/remotecall.jl:565 [inlined]
 [11] fetch
    @ ~/j13-ops/zangetsu_v3/.venv/julia_env/pyjuliapkg/install/share/julia/stdlib/v1.11/Distributed/src/remotecall.jl:619
 [12] (::SymbolicRegression.var"#63#68"{SymbolicRegression.SearchUtilsModule.SearchState{Float32, Float32, Expression{Float32, Node{Float32}, @NamedTuple{operators::Nothing, variable_names::Nothing}}, Distributed.Future, Distributed.RemoteChannel}, Int64, Int64})()
    @ SymbolicRegression ~/.julia/packages/SymbolicRegression/L5TJa/src/SymbolicRegression.jl:976
UNHANDLED TASK ERROR: Distributed.ProcessExitedException(2)
Stacktrace:
  [1] try_yieldto(undo::typeof(Base.ensure_rescheduled))
    @ Base ./task.jl:958
  [2] wait()
    @ Base ./task.jl:1022
  [3] wait(c::Base.GenericCondition{ReentrantLock}; first::Bool)
    @ Base ./condition.jl:130
  [4] wait
    @ ./condition.jl:125 [inlined]
  [5] take_buffered(c::Channel{Any})
    @ Base ./channels.jl:493
  [6] take!(c::Channel{Any})
    @ Base ./channels.jl:487
  [7] take!(::Distributed.RemoteValue)
    @ Distributed ~/j13-ops/zangetsu_v3/.venv/julia_env/pyjuliapkg/install/share/julia/stdlib/v1.11/Distributed/src/remotecall.jl:726
  [8] remotecall_fetch(f::Function, w::Distributed.Worker, args::Distributed.RRID; kwargs::@Kwargs{})
    @ Distributed ~/j13-ops/zangetsu_v3/.venv/julia_env/pyjuliapkg/install/share/julia/stdlib/v1.11/Distributed/src/remotecall.jl:461
  [9] remotecall_fetch(f::Function, w::Distributed.Worker, args::Distributed.RRID)
    @ Distributed ~/j13-ops/zangetsu_v3/.venv/julia_env/pyjuliapkg/install/share/julia/stdlib/v1.11/Distributed/src/remotecall.jl:454
 [10] remotecall_fetch
    @ ~/j13-ops/zangetsu_v3/.venv/julia_env/pyjuliapkg/install/share/julia/stdlib/v1.11/Distributed/src/remotecall.jl:492 [inlined]
 [11] call_on_owner
    @ ~/j13-ops/zangetsu_v3/.venv/julia_env/pyjuliapkg/install/share/julia/stdlib/v1.11/Distributed/src/remotecall.jl:565 [inlined]
 [12] fetch
    @ ~/j13-ops/zangetsu_v3/.venv/julia_env/pyjuliapkg/install/share/julia/stdlib/v1.11/Distributed/src/remotecall.jl:619
 [13] (::SymbolicRegression.var"#63#68"{SymbolicRegression.SearchUtilsModule.SearchState{Float32, Float32, Expression{Float32, Node{Float32}, @NamedTuple{operators::Nothing, variable_names::Nothing}}, Distributed.Future, Distributed.RemoteChannel}, Int64, Int64})()
    @ SymbolicRegression ~/.julia/packages/SymbolicRegression/L5TJa/src/SymbolicRegression.jl:976
UNHANDLED TASK ERROR: Distributed.ProcessExitedException(2)
Stacktrace:
  [1] try_yieldto(undo::typeof(Base.ensure_rescheduled))
    @ Base ./task.jl:958
  [2] wait()
    @ Base ./task.jl:1022
  [3] wait(c::Base.GenericCondition{ReentrantLock}; first::Bool)
    @ Base ./condition.jl:130
  [4] wait
    @ ./condition.jl:125 [inlined]
  [5] take_buffered(c::Channel{Any})
    @ Base ./channels.jl:493
  [6] take!(c::Channel{Any})
    @ Base ./channels.jl:487
  [7] take!(::Distributed.RemoteValue)
    @ Distributed ~/j13-ops/zangetsu_v3/.venv/julia_env/pyjuliapkg/install/share/julia/stdlib/v1.11/Distributed/src/remotecall.jl:726
  [8] remotecall_fetch(f::Function, w::Distributed.Worker, args::Distributed.RRID; kwargs::@Kwargs{})
    @ Distributed ~/j13-ops/zangetsu_v3/.venv/julia_env/pyjuliapkg/install/share/julia/stdlib/v1.11/Distributed/src/remotecall.jl:461
  [9] remotecall_fetch(f::Function, w::Distributed.Worker, args::Distributed.RRID)
    @ Distributed ~/j13-ops/zangetsu_v3/.venv/julia_env/pyjuliapkg/install/share/julia/stdlib/v1.11/Distributed/src/remotecall.jl:454
 [10] remotecall_fetch
    @ ~/j13-ops/zangetsu_v3/.venv/julia_env/pyjuliapkg/install/share/julia/stdlib/v1.11/Distributed/src/remotecall.jl:492 [inlined]
 [11] call_on_owner
    @ ~/j13-ops/zangetsu_v3/.venv/julia_env/pyjuliapkg/install/share/julia/stdlib/v1.11/Distributed/src/remotecall.jl:565 [inlined]
 [12] fetch
    @ ~/j13-ops/zangetsu_v3/.venv/julia_env/pyjuliapkg/install/share/julia/stdlib/v1.11/Distributed/src/remotecall.jl:619
 [13] (::SymbolicRegression.var"#63#68"{SymbolicRegression.SearchUtilsModule.SearchState{Float32, Float32, Expression{Float32, Node{Float32}, @NamedTuple{operators::Nothing, variable_names::Nothing}}, Distributed.Future, Distributed.RemoteChannel}, Int64, Int64})()
    @ SymbolicRegression ~/.julia/packages/SymbolicRegression/L5TJa/src/SymbolicRegression.jl:976
UNHANDLED TASK ERROR: Distributed.ProcessExitedException(2)
Stacktrace:
  [1] try_yieldto(undo::typeof(Base.ensure_rescheduled))
    @ Base ./task.jl:958
  [2] wait()
    @ Base ./task.jl:1022
  [3] wait(c::Base.GenericCondition{ReentrantLock}; first::Bool)
    @ Base ./condition.jl:130
  [4] wait
    @ ./condition.jl:125 [inlined]
  [5] take_buffered(c::Channel{Any})
    @ Base ./channels.jl:493
  [6] take!(c::Channel{Any})
    @ Base ./channels.jl:487
  [7] take!(::Distributed.RemoteValue)
    @ Distributed ~/j13-ops/zangetsu_v3/.venv/julia_env/pyjuliapkg/install/share/julia/stdlib/v1.11/Distributed/src/remotecall.jl:726
  [8] remotecall_fetch(f::Function, w::Distributed.Worker, args::Distributed.RRID; kwargs::@Kwargs{})
    @ Distributed ~/j13-ops/zangetsu_v3/.venv/julia_env/pyjuliapkg/install/share/julia/stdlib/v1.11/Distributed/src/remotecall.jl:461
  [9] remotecall_fetch(f::Function, w::Distributed.Worker, args::Distributed.RRID)
    @ Distributed ~/j13-ops/zangetsu_v3/.venv/julia_env/pyjuliapkg/install/share/julia/stdlib/v1.11/Distributed/src/remotecall.jl:454
 [10] remotecall_fetch
    @ ~/j13-ops/zangetsu_v3/.venv/julia_env/pyjuliapkg/install/share/julia/stdlib/v1.11/Distributed/src/remotecall.jl:492 [inlined]
 [11] call_on_owner
    @ ~/j13-ops/zangetsu_v3/.venv/julia_env/pyjuliapkg/install/share/julia/stdlib/v1.11/Distributed/src/remotecall.jl:565 [inlined]
 [12] fetch
    @ ~/j13-ops/zangetsu_v3/.venv/julia_env/pyjuliapkg/install/share/julia/stdlib/v1.11/Distributed/src/remotecall.jl:619
 [13] (::SymbolicRegression.var"#63#68"{SymbolicRegression.SearchUtilsModule.SearchState{Float32, Float32, Expression{Float32, Node{Float32}, @NamedTuple{operators::Nothing, variable_names::Nothing}}, Distributed.Future, Distributed.RemoteChannel}, Int64, Int64})()
    @ SymbolicRegression ~/.julia/packages/SymbolicRegression/L5TJa/src/SymbolicRegression.jl:976
UNHANDLED TASK ERROR: Distributed.ProcessExitedException(2)
Stacktrace:
  [1] try_yieldto(undo::typeof(Base.ensure_rescheduled))
    @ Base ./task.jl:958
  [2] wait()
    @ Base ./task.jl:1022
  [3] wait(c::Base.GenericCondition{ReentrantLock}; first::Bool)
    @ Base ./condition.jl:130
  [4] wait
    @ ./condition.jl:125 [inlined]
  [5] take_buffered(c::Channel{Any})
    @ Base ./channels.jl:493
  [6] take!(c::Channel{Any})
    @ Base ./channels.jl:487
  [7] take!(::Distributed.RemoteValue)
    @ Distributed ~/j13-ops/zangetsu_v3/.venv/julia_env/pyjuliapkg/install/share/julia/stdlib/v1.11/Distributed/src/remotecall.jl:726
  [8] remotecall_fetch(f::Function, w::Distributed.Worker, args::Distributed.RRID; kwargs::@Kwargs{})
    @ Distributed ~/j13-ops/zangetsu_v3/.venv/julia_env/pyjuliapkg/install/share/julia/stdlib/v1.11/Distributed/src/remotecall.jl:461
  [9] remotecall_fetch(f::Function, w::Distributed.Worker, args::Distributed.RRID)
    @ Distributed ~/j13-ops/zangetsu_v3/.venv/julia_env/pyjuliapkg/install/share/julia/stdlib/v1.11/Distributed/src/remotecall.jl:454
 [10] remotecall_fetch
    @ ~/j13-ops/zangetsu_v3/.venv/julia_env/pyjuliapkg/install/share/julia/stdlib/v1.11/Distributed/src/remotecall.jl:492 [inlined]
 [11] call_on_owner
    @ ~/j13-ops/zangetsu_v3/.venv/julia_env/pyjuliapkg/install/share/julia/stdlib/v1.11/Distributed/src/remotecall.jl:565 [inlined]
 [12] fetch
    @ ~/j13-ops/zangetsu_v3/.venv/julia_env/pyjuliapkg/install/share/julia/stdlib/v1.11/Distributed/src/remotecall.jl:619
 [13] (::SymbolicRegression.var"#63#68"{SymbolicRegression.SearchUtilsModule.SearchState{Float32, Float32, Expression{Float32, Node{Float32}, @NamedTuple{operators::Nothing, variable_names::Nothing}}, Distributed.Future, Distributed.RemoteChannel}, Int64, Int64})()
    @ SymbolicRegression ~/.julia/packages/SymbolicRegression/L5TJa/src/SymbolicRegression.jl:976
UNHANDLED TASK ERROR: Distributed.ProcessExitedException(2)
Stacktrace:
  [1] try_yieldto(undo::typeof(Base.ensure_rescheduled))
    @ Base ./task.jl:958
  [2] wait()
    @ Base ./task.jl:1022
  [3] wait(c::Base.GenericCondition{ReentrantLock}; first::Bool)
    @ Base ./condition.jl:130
  [4] wait
    @ ./condition.jl:125 [inlined]
  [5] take_buffered(c::Channel{Any})
    @ Base ./channels.jl:493
  [6] take!(c::Channel{Any})
    @ Base ./channels.jl:487
  [7] take!(::Distributed.RemoteValue)
    @ Distributed ~/j13-ops/zangetsu_v3/.venv/julia_env/pyjuliapkg/install/share/julia/stdlib/v1.11/Distributed/src/remotecall.jl:726
  [8] remotecall_fetch(f::Function, w::Distributed.Worker, args::Distributed.RRID; kwargs::@Kwargs{})
    @ Distributed ~/j13-ops/zangetsu_v3/.venv/julia_env/pyjuliapkg/install/share/julia/stdlib/v1.11/Distributed/src/remotecall.jl:461
  [9] remotecall_fetch(f::Function, w::Distributed.Worker, args::Distributed.RRID)
    @ Distributed ~/j13-ops/zangetsu_v3/.venv/julia_env/pyjuliapkg/install/share/julia/stdlib/v1.11/Distributed/src/remotecall.jl:454
 [10] remotecall_fetch
    @ ~/j13-ops/zangetsu_v3/.venv/julia_env/pyjuliapkg/install/share/julia/stdlib/v1.11/Distributed/src/remotecall.jl:492 [inlined]
 [11] call_on_owner
    @ ~/j13-ops/zangetsu_v3/.venv/julia_env/pyjuliapkg/install/share/julia/stdlib/v1.11/Distributed/src/remotecall.jl:565 [inlined]
 [12] fetch
    @ ~/j13-ops/zangetsu_v3/.venv/julia_env/pyjuliapkg/install/share/julia/stdlib/v1.11/Distributed/src/remotecall.jl:619
 [13] (::SymbolicRegression.var"#63#68"{SymbolicRegression.SearchUtilsModule.SearchState{Float32, Float32, Expression{Float32, Node{Float32}, @NamedTuple{operators::Nothing, variable_names::Nothing}}, Distributed.Future, Distributed.RemoteChannel}, Int64, Int64})()
    @ SymbolicRegression ~/.julia/packages/SymbolicRegression/L5TJa/src/SymbolicRegression.jl:976
UNHANDLED TASK ERROR: Distributed.ProcessExitedException(2)
Stacktrace:
  [1] try_yieldto(undo::typeof(Base.ensure_rescheduled))
    @ Base ./task.jl:958
  [2] wait()
    @ Base ./task.jl:1022
  [3] wait(c::Base.GenericCondition{ReentrantLock}; first::Bool)
    @ Base ./condition.jl:130
  [4] wait
    @ ./condition.jl:125 [inlined]
  [5] take_buffered(c::Channel{Any})
    @ Base ./channels.jl:493
  [6] take!(c::Channel{Any})
    @ Base ./channels.jl:487
  [7] take!(::Distributed.RemoteValue)
    @ Distributed ~/j13-ops/zangetsu_v3/.venv/julia_env/pyjuliapkg/install/share/julia/stdlib/v1.11/Distributed/src/remotecall.jl:726
  [8] remotecall_fetch(f::Function, w::Distributed.Worker, args::Distributed.RRID; kwargs::@Kwargs{})
    @ Distributed ~/j13-ops/zangetsu_v3/.venv/julia_env/pyjuliapkg/install/share/julia/stdlib/v1.11/Distributed/src/remotecall.jl:461
  [9] remotecall_fetch(f::Function, w::Distributed.Worker, args::Distributed.RRID)
    @ Distributed ~/j13-ops/zangetsu_v3/.venv/julia_env/pyjuliapkg/install/share/julia/stdlib/v1.11/Distributed/src/remotecall.jl:454
 [10] remotecall_fetch
    @ ~/j13-ops/zangetsu_v3/.venv/julia_env/pyjuliapkg/install/share/julia/stdlib/v1.11/Distributed/src/remotecall.jl:492 [inlined]
 [11] call_on_owner
    @ ~/j13-ops/zangetsu_v3/.venv/julia_env/pyjuliapkg/install/share/julia/stdlib/v1.11/Distributed/src/remotecall.jl:565 [inlined]
 [12] fetch
    @ ~/j13-ops/zangetsu_v3/.venv/julia_env/pyjuliapkg/install/share/julia/stdlib/v1.11/Distributed/src/remotecall.jl:619
 [13] (::SymbolicRegression.var"#63#68"{SymbolicRegression.SearchUtilsModule.SearchState{Float32, Float32, Expression{Float32, Node{Float32}, @NamedTuple{operators::Nothing, variable_names::Nothing}}, Distributed.Future, Distributed.RemoteChannel}, Int64, Int64})()
    @ SymbolicRegression ~/.julia/packages/SymbolicRegression/L5TJa/src/SymbolicRegression.jl:976
UNHANDLED TASK ERROR: Distributed.ProcessExitedException(2)
Stacktrace:
  [1] try_yieldto(undo::typeof(Base.ensure_rescheduled))
    @ Base ./task.jl:958
  [2] wait()
    @ Base ./task.jl:1022
  [3] wait(c::Base.GenericCondition{ReentrantLock}; first::Bool)
    @ Base ./condition.jl:130
  [4] wait
    @ ./condition.jl:125 [inlined]
  [5] take_buffered(c::Channel{Any})
    @ Base ./channels.jl:493
  [6] take!(c::Channel{Any})
    @ Base ./channels.jl:487
  [7] take!(::Distributed.RemoteValue)
    @ Distributed ~/j13-ops/zangetsu_v3/.venv/julia_env/pyjuliapkg/install/share/julia/stdlib/v1.11/Distributed/src/remotecall.jl:726
  [8] remotecall_fetch(f::Function, w::Distributed.Worker, args::Distributed.RRID; kwargs::@Kwargs{})
    @ Distributed ~/j13-ops/zangetsu_v3/.venv/julia_env/pyjuliapkg/install/share/julia/stdlib/v1.11/Distributed/src/remotecall.jl:461
  [9] remotecall_fetch(f::Function, w::Distributed.Worker, args::Distributed.RRID)
    @ Distributed ~/j13-ops/zangetsu_v3/.venv/julia_env/pyjuliapkg/install/share/julia/stdlib/v1.11/Distributed/src/remotecall.jl:454
 [10] remotecall_fetch
    @ ~/j13-ops/zangetsu_v3/.venv/julia_env/pyjuliapkg/install/share/julia/stdlib/v1.11/Distributed/src/remotecall.jl:492 [inlined]
 [11] call_on_owner
    @ ~/j13-ops/zangetsu_v3/.venv/julia_env/pyjuliapkg/install/share/julia/stdlib/v1.11/Distributed/src/remotecall.jl:565 [inlined]
 [12] fetch
    @ ~/j13-ops/zangetsu_v3/.venv/julia_env/pyjuliapkg/install/share/julia/stdlib/v1.11/Distributed/src/remotecall.jl:619
 [13] (::SymbolicRegression.var"#63#68"{SymbolicRegression.SearchUtilsModule.SearchState{Float32, Float32, Expression{Float32, Node{Float32}, @NamedTuple{operators::Nothing, variable_names::Nothing}}, Distributed.Future, Distributed.RemoteChannel}, Int64, Int64})()
    @ SymbolicRegression ~/.julia/packages/SymbolicRegression/L5TJa/src/SymbolicRegression.jl:976
UNHANDLED TASK ERROR: Distributed.ProcessExitedException(2)
Stacktrace:
  [1] try_yieldto(undo::typeof(Base.ensure_rescheduled))
    @ Base ./task.jl:958
  [2] wait()
    @ Base ./task.jl:1022
  [3] wait(c::Base.GenericCondition{ReentrantLock}; first::Bool)
    @ Base ./condition.jl:130
  [4] wait
    @ ./condition.jl:125 [inlined]
  [5] take_buffered(c::Channel{Any})
    @ Base ./channels.jl:493
  [6] take!(c::Channel{Any})
    @ Base ./channels.jl:487
  [7] take!(::Distributed.RemoteValue)
    @ Distributed ~/j13-ops/zangetsu_v3/.venv/julia_env/pyjuliapkg/install/share/julia/stdlib/v1.11/Distributed/src/remotecall.jl:726
  [8] remotecall_fetch(f::Function, w::Distributed.Worker, args::Distributed.RRID; kwargs::@Kwargs{})
    @ Distributed ~/j13-ops/zangetsu_v3/.venv/julia_env/pyjuliapkg/install/share/julia/stdlib/v1.11/Distributed/src/remotecall.jl:461
  [9] remotecall_fetch(f::Function, w::Distributed.Worker, args::Distributed.RRID)
    @ Distributed ~/j13-ops/zangetsu_v3/.venv/julia_env/pyjuliapkg/install/share/julia/stdlib/v1.11/Distributed/src/remotecall.jl:454
 [10] remotecall_fetch
    @ ~/j13-ops/zangetsu_v3/.venv/julia_env/pyjuliapkg/install/share/julia/stdlib/v1.11/Distributed/src/remotecall.jl:492 [inlined]
 [11] call_on_owner
    @ ~/j13-ops/zangetsu_v3/.venv/julia_env/pyjuliapkg/install/share/julia/stdlib/v1.11/Distributed/src/remotecall.jl:565 [inlined]
 [12] fetch
    @ ~/j13-ops/zangetsu_v3/.venv/julia_env/pyjuliapkg/install/share/julia/stdlib/v1.11/Distributed/src/remotecall.jl:619
 [13] (::SymbolicRegression.var"#63#68"{SymbolicRegression.SearchUtilsModule.SearchState{Float32, Float32, Expression{Float32, Node{Float32}, @NamedTuple{operators::Nothing, variable_names::Nothing}}, Distributed.Future, Distributed.RemoteChannel}, Int64, Int64})()
    @ SymbolicRegression ~/.julia/packages/SymbolicRegression/L5TJa/src/SymbolicRegression.jl:976
UNHANDLED TASK ERROR: Distributed.ProcessExitedException(2)
Stacktrace:
  [1] try_yieldto(undo::typeof(Base.ensure_rescheduled))
    @ Base ./task.jl:958
  [2] wait()
    @ Base ./task.jl:1022
  [3] wait(c::Base.GenericCondition{ReentrantLock}; first::Bool)
    @ Base ./condition.jl:130
  [4] wait
    @ ./condition.jl:125 [inlined]
  [5] take_buffered(c::Channel{Any})
    @ Base ./channels.jl:493
  [6] take!(c::Channel{Any})
    @ Base ./channels.jl:487
  [7] take!(::Distributed.RemoteValue)
    @ Distributed ~/j13-ops/zangetsu_v3/.venv/julia_env/pyjuliapkg/install/share/julia/stdlib/v1.11/Distributed/src/remotecall.jl:726
  [8] remotecall_fetch(f::Function, w::Distributed.Worker, args::Distributed.RRID; kwargs::@Kwargs{})
    @ Distributed ~/j13-ops/zangetsu_v3/.venv/julia_env/pyjuliapkg/install/share/julia/stdlib/v1.11/Distributed/src/remotecall.jl:461
  [9] remotecall_fetch(f::Function, w::Distributed.Worker, args::Distributed.RRID)
    @ Distributed ~/j13-ops/zangetsu_v3/.venv/julia_env/pyjuliapkg/install/share/julia/stdlib/v1.11/Distributed/src/remotecall.jl:454
 [10] remotecall_fetch
    @ ~/j13-ops/zangetsu_v3/.venv/julia_env/pyjuliapkg/install/share/julia/stdlib/v1.11/Distributed/src/remotecall.jl:492 [inlined]
 [11] call_on_owner
    @ ~/j13-ops/zangetsu_v3/.venv/julia_env/pyjuliapkg/install/share/julia/stdlib/v1.11/Distributed/src/remotecall.jl:565 [inlined]
 [12] fetch
    @ ~/j13-ops/zangetsu_v3/.venv/julia_env/pyjuliapkg/install/share/julia/stdlib/v1.11/Distributed/src/remotecall.jl:619
 [13] (::SymbolicRegression.var"#63#68"{SymbolicRegression.SearchUtilsModule.SearchState{Float32, Float32, Expression{Float32, Node{Float32}, @NamedTuple{operators::Nothing, variable_names::Nothing}}, Distributed.Future, Distributed.RemoteChannel}, Int64, Int64})()
    @ SymbolicRegression ~/.julia/packages/SymbolicRegression/L5TJa/src/SymbolicRegression.jl:976
UNHANDLED TASK ERROR: Distributed.ProcessExitedException(2)
Stacktrace:
  [1] try_yieldto(undo::typeof(Base.ensure_rescheduled))
    @ Base ./task.jl:958
  [2] wait()
    @ Base ./task.jl:1022
  [3] wait(c::Base.GenericCondition{ReentrantLock}; first::Bool)
    @ Base ./condition.jl:130
  [4] wait
    @ ./condition.jl:125 [inlined]
  [5] take_buffered(c::Channel{Any})
    @ Base ./channels.jl:493
  [6] take!(c::Channel{Any})
    @ Base ./channels.jl:487
  [7] take!(::Distributed.RemoteValue)
    @ Distributed ~/j13-ops/zangetsu_v3/.venv/julia_env/pyjuliapkg/install/share/julia/stdlib/v1.11/Distributed/src/remotecall.jl:726
  [8] remotecall_fetch(f::Function, w::Distributed.Worker, args::Distributed.RRID; kwargs::@Kwargs{})
    @ Distributed ~/j13-ops/zangetsu_v3/.venv/julia_env/pyjuliapkg/install/share/julia/stdlib/v1.11/Distributed/src/remotecall.jl:461
  [9] remotecall_fetch(f::Function, w::Distributed.Worker, args::Distributed.RRID)
    @ Distributed ~/j13-ops/zangetsu_v3/.venv/julia_env/pyjuliapkg/install/share/julia/stdlib/v1.11/Distributed/src/remotecall.jl:454
 [10] remotecall_fetch
    @ ~/j13-ops/zangetsu_v3/.venv/julia_env/pyjuliapkg/install/share/julia/stdlib/v1.11/Distributed/src/remotecall.jl:492 [inlined]
 [11] call_on_owner
    @ ~/j13-ops/zangetsu_v3/.venv/julia_env/pyjuliapkg/install/share/julia/stdlib/v1.11/Distributed/src/remotecall.jl:565 [inlined]
 [12] fetch
    @ ~/j13-ops/zangetsu_v3/.venv/julia_env/pyjuliapkg/install/share/julia/stdlib/v1.11/Distributed/src/remotecall.jl:619
 [13] (::SymbolicRegression.var"#63#68"{SymbolicRegression.SearchUtilsModule.SearchState{Float32, Float32, Expression{Float32, Node{Float32}, @NamedTuple{operators::Nothing, variable_names::Nothing}}, Distributed.Future, Distributed.RemoteChannel}, Int64, Int64})()
    @ SymbolicRegression ~/.julia/packages/SymbolicRegression/L5TJa/src/SymbolicRegression.jl:976
UNHANDLED TASK ERROR: Distributed.ProcessExitedException(2)
Stacktrace:
  [1] try_yieldto(undo::typeof(Base.ensure_rescheduled))
    @ Base ./task.jl:958
  [2] wait()
    @ Base ./task.jl:1022
  [3] wait(c::Base.GenericCondition{ReentrantLock}; first::Bool)
    @ Base ./condition.jl:130
  [4] wait
    @ ./condition.jl:125 [inlined]
  [5] take_buffered(c::Channel{Any})
    @ Base ./channels.jl:493
  [6] take!(c::Channel{Any})
    @ Base ./channels.jl:487
  [7] take!(::Distributed.RemoteValue)
    @ Distributed ~/j13-ops/zangetsu_v3/.venv/julia_env/pyjuliapkg/install/share/julia/stdlib/v1.11/Distributed/src/remotecall.jl:726
  [8] remotecall_fetch(f::Function, w::Distributed.Worker, args::Distributed.RRID; kwargs::@Kwargs{})
    @ Distributed ~/j13-ops/zangetsu_v3/.venv/julia_env/pyjuliapkg/install/share/julia/stdlib/v1.11/Distributed/src/remotecall.jl:461
  [9] remotecall_fetch(f::Function, w::Distributed.Worker, args::Distributed.RRID)
    @ Distributed ~/j13-ops/zangetsu_v3/.venv/julia_env/pyjuliapkg/install/share/julia/stdlib/v1.11/Distributed/src/remotecall.jl:454
 [10] remotecall_fetch
    @ ~/j13-ops/zangetsu_v3/.venv/julia_env/pyjuliapkg/install/share/julia/stdlib/v1.11/Distributed/src/remotecall.jl:492 [inlined]
 [11] call_on_owner
    @ ~/j13-ops/zangetsu_v3/.venv/julia_env/pyjuliapkg/install/share/julia/stdlib/v1.11/Distributed/src/remotecall.jl:565 [inlined]
 [12] fetch
    @ ~/j13-ops/zangetsu_v3/.venv/julia_env/pyjuliapkg/install/share/julia/stdlib/v1.11/Distributed/src/remotecall.jl:619
 [13] (::SymbolicRegression.var"#63#68"{SymbolicRegression.SearchUtilsModule.SearchState{Float32, Float32, Expression{Float32, Node{Float32}, @NamedTuple{operators::Nothing, variable_names::Nothing}}, Distributed.Future, Distributed.RemoteChannel}, Int64, Int64})()
    @ SymbolicRegression ~/.julia/packages/SymbolicRegression/L5TJa/src/SymbolicRegression.jl:976
UNHANDLED TASK ERROR: Distributed.ProcessExitedException(3)
Stacktrace:
  [1] try_yieldto(undo::typeof(Base.ensure_rescheduled))
    @ Base ./task.jl:958
  [2] wait()
    @ Base ./task.jl:1022
  [3] wait(c::Base.GenericCondition{ReentrantLock}; first::Bool)
    @ Base ./condition.jl:130
  [4] wait
    @ ./condition.jl:125 [inlined]
  [5] take_buffered(c::Channel{Any})
    @ Base ./channels.jl:493
  [6] take!(c::Channel{Any})
    @ Base ./channels.jl:487
  [7] take!(::Distributed.RemoteValue)
    @ Distributed ~/j13-ops/zangetsu_v3/.venv/julia_env/pyjuliapkg/install/share/julia/stdlib/v1.11/Distributed/src/remotecall.jl:726
  [8] remotecall_fetch(f::Function, w::Distributed.Worker, args::Distributed.RRID; kwargs::@Kwargs{})
    @ Distributed ~/j13-ops/zangetsu_v3/.venv/julia_env/pyjuliapkg/install/share/julia/stdlib/v1.11/Distributed/src/remotecall.jl:461
  [9] remotecall_fetch(f::Function, w::Distributed.Worker, args::Distributed.RRID)
    @ Distributed ~/j13-ops/zangetsu_v3/.venv/julia_env/pyjuliapkg/install/share/julia/stdlib/v1.11/Distributed/src/remotecall.jl:454
 [10] remotecall_fetch
    @ ~/j13-ops/zangetsu_v3/.venv/julia_env/pyjuliapkg/install/share/julia/stdlib/v1.11/Distributed/src/remotecall.jl:492 [inlined]
 [11] call_on_owner
    @ ~/j13-ops/zangetsu_v3/.venv/julia_env/pyjuliapkg/install/share/julia/stdlib/v1.11/Distributed/src/remotecall.jl:565 [inlined]
 [12] fetch
    @ ~/j13-ops/zangetsu_v3/.venv/julia_env/pyjuliapkg/install/share/julia/stdlib/v1.11/Distributed/src/remotecall.jl:619
 [13] (::SymbolicRegression.var"#63#68"{SymbolicRegression.SearchUtilsModule.SearchState{Float32, Float32, Expression{Float32, Node{Float32}, @NamedTuple{operators::Nothing, variable_names::Nothing}}, Distributed.Future, Distributed.RemoteChannel}, Int64, Int64})()
    @ SymbolicRegression ~/.julia/packages/SymbolicRegression/L5TJa/src/SymbolicRegression.jl:976
UNHANDLED TASK ERROR: Distributed.ProcessExitedException(3)
Stacktrace:
  [1] try_yieldto(undo::typeof(Base.ensure_rescheduled))
    @ Base ./task.jl:958
  [2] wait()
    @ Base ./task.jl:1022
  [3] wait(c::Base.GenericCondition{ReentrantLock}; first::Bool)
    @ Base ./condition.jl:130
  [4] wait
    @ ./condition.jl:125 [inlined]
  [5] take_buffered(c::Channel{Any})
    @ Base ./channels.jl:493
  [6] take!(c::Channel{Any})
    @ Base ./channels.jl:487
  [7] take!(::Distributed.RemoteValue)
    @ Distributed ~/j13-ops/zangetsu_v3/.venv/julia_env/pyjuliapkg/install/share/julia/stdlib/v1.11/Distributed/src/remotecall.jl:726
  [8] remotecall_fetch(f::Function, w::Distributed.Worker, args::Distributed.RRID; kwargs::@Kwargs{})
    @ Distributed ~/j13-ops/zangetsu_v3/.venv/julia_env/pyjuliapkg/install/share/julia/stdlib/v1.11/Distributed/src/remotecall.jl:461
  [9] remotecall_fetch(f::Function, w::Distributed.Worker, args::Distributed.RRID)
    @ Distributed ~/j13-ops/zangetsu_v3/.venv/julia_env/pyjuliapkg/install/share/julia/stdlib/v1.11/Distributed/src/remotecall.jl:454
 [10] remotecall_fetch
    @ ~/j13-ops/zangetsu_v3/.venv/julia_env/pyjuliapkg/install/share/julia/stdlib/v1.11/Distributed/src/remotecall.jl:492 [inlined]
 [11] call_on_owner
    @ ~/j13-ops/zangetsu_v3/.venv/julia_env/pyjuliapkg/install/share/julia/stdlib/v1.11/Distributed/src/remotecall.jl:565 [inlined]
 [12] fetch
    @ ~/j13-ops/zangetsu_v3/.venv/julia_env/pyjuliapkg/install/share/julia/stdlib/v1.11/Distributed/src/remotecall.jl:619
 [13] (::SymbolicRegression.var"#63#68"{SymbolicRegression.SearchUtilsModule.SearchState{Float32, Float32, Expression{Float32, Node{Float32}, @NamedTuple{operators::Nothing, variable_names::Nothing}}, Distributed.Future, Distributed.RemoteChannel}, Int64, Int64})()
    @ SymbolicRegression ~/.julia/packages/SymbolicRegression/L5TJa/src/SymbolicRegression.jl:976
UNHANDLED TASK ERROR: Distributed.ProcessExitedException(3)
Stacktrace:
  [1] try_yieldto(undo::typeof(Base.ensure_rescheduled))
    @ Base ./task.jl:958
  [2] wait()
    @ Base ./task.jl:1022
  [3] wait(c::Base.GenericCondition{ReentrantLock}; first::Bool)
    @ Base ./condition.jl:130
  [4] wait
    @ ./condition.jl:125 [inlined]
  [5] take_buffered(c::Channel{Any})
    @ Base ./channels.jl:493
  [6] take!(c::Channel{Any})
    @ Base ./channels.jl:487
  [7] take!(::Distributed.RemoteValue)
    @ Distributed ~/j13-ops/zangetsu_v3/.venv/julia_env/pyjuliapkg/install/share/julia/stdlib/v1.11/Distributed/src/remotecall.jl:726
  [8] remotecall_fetch(f::Function, w::Distributed.Worker, args::Distributed.RRID; kwargs::@Kwargs{})
    @ Distributed ~/j13-ops/zangetsu_v3/.venv/julia_env/pyjuliapkg/install/share/julia/stdlib/v1.11/Distributed/src/remotecall.jl:461
  [9] remotecall_fetch(f::Function, w::Distributed.Worker, args::Distributed.RRID)
    @ Distributed ~/j13-ops/zangetsu_v3/.venv/julia_env/pyjuliapkg/install/share/julia/stdlib/v1.11/Distributed/src/remotecall.jl:454
 [10] remotecall_fetch
    @ ~/j13-ops/zangetsu_v3/.venv/julia_env/pyjuliapkg/install/share/julia/stdlib/v1.11/Distributed/src/remotecall.jl:492 [inlined]
 [11] call_on_owner
    @ ~/j13-ops/zangetsu_v3/.venv/julia_env/pyjuliapkg/install/share/julia/stdlib/v1.11/Distributed/src/remotecall.jl:565 [inlined]
 [12] fetch
    @ ~/j13-ops/zangetsu_v3/.venv/julia_env/pyjuliapkg/install/share/julia/stdlib/v1.11/Distributed/src/remotecall.jl:619
 [13] (::SymbolicRegression.var"#63#68"{SymbolicRegression.SearchUtilsModule.SearchState{Float32, Float32, Expression{Float32, Node{Float32}, @NamedTuple{operators::Nothing, variable_names::Nothing}}, Distributed.Future, Distributed.RemoteChannel}, Int64, Int64})()
    @ SymbolicRegression ~/.julia/packages/SymbolicRegression/L5TJa/src/SymbolicRegression.jl:976
UNHANDLED TASK ERROR: Distributed.ProcessExitedException(3)
Stacktrace:
  [1] try_yieldto(undo::typeof(Base.ensure_rescheduled))
    @ Base ./task.jl:958
  [2] wait()
    @ Base ./task.jl:1022
  [3] wait(c::Base.GenericCondition{ReentrantLock}; first::Bool)
    @ Base ./condition.jl:130
  [4] wait
    @ ./condition.jl:125 [inlined]
  [5] take_buffered(c::Channel{Any})
    @ Base ./channels.jl:493
  [6] take!(c::Channel{Any})
    @ Base ./channels.jl:487
  [7] take!(::Distributed.RemoteValue)
    @ Distributed ~/j13-ops/zangetsu_v3/.venv/julia_env/pyjuliapkg/install/share/julia/stdlib/v1.11/Distributed/src/remotecall.jl:726
  [8] remotecall_fetch(f::Function, w::Distributed.Worker, args::Distributed.RRID; kwargs::@Kwargs{})
    @ Distributed ~/j13-ops/zangetsu_v3/.venv/julia_env/pyjuliapkg/install/share/julia/stdlib/v1.11/Distributed/src/remotecall.jl:461
  [9] remotecall_fetch(f::Function, w::Distributed.Worker, args::Distributed.RRID)
    @ Distributed ~/j13-ops/zangetsu_v3/.venv/julia_env/pyjuliapkg/install/share/julia/stdlib/v1.11/Distributed/src/remotecall.jl:454
 [10] remotecall_fetch
    @ ~/j13-ops/zangetsu_v3/.venv/julia_env/pyjuliapkg/install/share/julia/stdlib/v1.11/Distributed/src/remotecall.jl:492 [inlined]
 [11] call_on_owner
    @ ~/j13-ops/zangetsu_v3/.venv/julia_env/pyjuliapkg/install/share/julia/stdlib/v1.11/Distributed/src/remotecall.jl:565 [inlined]
 [12] fetch
    @ ~/j13-ops/zangetsu_v3/.venv/julia_env/pyjuliapkg/install/share/julia/stdlib/v1.11/Distributed/src/remotecall.jl:619
 [13] (::SymbolicRegression.var"#63#68"{SymbolicRegression.SearchUtilsModule.SearchState{Float32, Float32, Expression{Float32, Node{Float32}, @NamedTuple{operators::Nothing, variable_names::Nothing}}, Distributed.Future, Distributed.RemoteChannel}, Int64, Int64})()
    @ SymbolicRegression ~/.julia/packages/SymbolicRegression/L5TJa/src/SymbolicRegression.jl:976
UNHANDLED TASK ERROR: Distributed.ProcessExitedException(3)
Stacktrace:
  [1] try_yieldto(undo::typeof(Base.ensure_rescheduled))
    @ Base ./task.jl:958
  [2] wait()
    @ Base ./task.jl:1022
  [3] wait(c::Base.GenericCondition{ReentrantLock}; first::Bool)
    @ Base ./condition.jl:130
  [4] wait
    @ ./condition.jl:125 [inlined]
  [5] take_buffered(c::Channel{Any})
    @ Base ./channels.jl:493
  [6] take!(c::Channel{Any})
    @ Base ./channels.jl:487
  [7] take!(::Distributed.RemoteValue)
    @ Distributed ~/j13-ops/zangetsu_v3/.venv/julia_env/pyjuliapkg/install/share/julia/stdlib/v1.11/Distributed/src/remotecall.jl:726
  [8] remotecall_fetch(f::Function, w::Distributed.Worker, args::Distributed.RRID; kwargs::@Kwargs{})
    @ Distributed ~/j13-ops/zangetsu_v3/.venv/julia_env/pyjuliapkg/install/share/julia/stdlib/v1.11/Distributed/src/remotecall.jl:461
  [9] remotecall_fetch(f::Function, w::Distributed.Worker, args::Distributed.RRID)
    @ Distributed ~/j13-ops/zangetsu_v3/.venv/julia_env/pyjuliapkg/install/share/julia/stdlib/v1.11/Distributed/src/remotecall.jl:454
 [10] remotecall_fetch
    @ ~/j13-ops/zangetsu_v3/.venv/julia_env/pyjuliapkg/install/share/julia/stdlib/v1.11/Distributed/src/remotecall.jl:492 [inlined]
 [11] call_on_owner
    @ ~/j13-ops/zangetsu_v3/.venv/julia_env/pyjuliapkg/install/share/julia/stdlib/v1.11/Distributed/src/remotecall.jl:565 [inlined]
 [12] fetch
    @ ~/j13-ops/zangetsu_v3/.venv/julia_env/pyjuliapkg/install/share/julia/stdlib/v1.11/Distributed/src/remotecall.jl:619
 [13] (::SymbolicRegression.var"#63#68"{SymbolicRegression.SearchUtilsModule.SearchState{Float32, Float32, Expression{Float32, Node{Float32}, @NamedTuple{operators::Nothing, variable_names::Nothing}}, Distributed.Future, Distributed.RemoteChannel}, Int64, Int64})()
    @ SymbolicRegression ~/.julia/packages/SymbolicRegression/L5TJa/src/SymbolicRegression.jl:976
UNHANDLED TASK ERROR: Distributed.ProcessExitedException(3)
Stacktrace:
  [1] try_yieldto(undo::typeof(Base.ensure_rescheduled))
    @ Base ./task.jl:958
  [2] wait()
    @ Base ./task.jl:1022
  [3] wait(c::Base.GenericCondition{ReentrantLock}; first::Bool)
    @ Base ./condition.jl:130
  [4] wait
    @ ./condition.jl:125 [inlined]
  [5] take_buffered(c::Channel{Any})
    @ Base ./channels.jl:493
  [6] take!(c::Channel{Any})
    @ Base ./channels.jl:487
  [7] take!(::Distributed.RemoteValue)
    @ Distributed ~/j13-ops/zangetsu_v3/.venv/julia_env/pyjuliapkg/install/share/julia/stdlib/v1.11/Distributed/src/remotecall.jl:726
  [8] remotecall_fetch(f::Function, w::Distributed.Worker, args::Distributed.RRID; kwargs::@Kwargs{})
    @ Distributed ~/j13-ops/zangetsu_v3/.venv/julia_env/pyjuliapkg/install/share/julia/stdlib/v1.11/Distributed/src/remotecall.jl:461
  [9] remotecall_fetch(f::Function, w::Distributed.Worker, args::Distributed.RRID)
    @ Distributed ~/j13-ops/zangetsu_v3/.venv/julia_env/pyjuliapkg/install/share/julia/stdlib/v1.11/Distributed/src/remotecall.jl:454
 [10] remotecall_fetch
    @ ~/j13-ops/zangetsu_v3/.venv/julia_env/pyjuliapkg/install/share/julia/stdlib/v1.11/Distributed/src/remotecall.jl:492 [inlined]
 [11] call_on_owner
    @ ~/j13-ops/zangetsu_v3/.venv/julia_env/pyjuliapkg/install/share/julia/stdlib/v1.11/Distributed/src/remotecall.jl:565 [inlined]
 [12] fetch
    @ ~/j13-ops/zangetsu_v3/.venv/julia_env/pyjuliapkg/install/share/julia/stdlib/v1.11/Distributed/src/remotecall.jl:619
 [13] (::SymbolicRegression.var"#63#68"{SymbolicRegression.SearchUtilsModule.SearchState{Float32, Float32, Expression{Float32, Node{Float32}, @NamedTuple{operators::Nothing, variable_names::Nothing}}, Distributed.Future, Distributed.RemoteChannel}, Int64, Int64})()
    @ SymbolicRegression ~/.julia/packages/SymbolicRegression/L5TJa/src/SymbolicRegression.jl:976
UNHANDLED TASK ERROR: Distributed.ProcessExitedException(3)
Stacktrace:
  [1] try_yieldto(undo::typeof(Base.ensure_rescheduled))
    @ Base ./task.jl:958
  [2] wait()
    @ Base ./task.jl:1022
  [3] wait(c::Base.GenericCondition{ReentrantLock}; first::Bool)
    @ Base ./condition.jl:130
  [4] wait
    @ ./condition.jl:125 [inlined]
  [5] take_buffered(c::Channel{Any})
    @ Base ./channels.jl:493
  [6] take!(c::Channel{Any})
    @ Base ./channels.jl:487
  [7] take!(::Distributed.RemoteValue)
    @ Distributed ~/j13-ops/zangetsu_v3/.venv/julia_env/pyjuliapkg/install/share/julia/stdlib/v1.11/Distributed/src/remotecall.jl:726
  [8] remotecall_fetch(f::Function, w::Distributed.Worker, args::Distributed.RRID; kwargs::@Kwargs{})
    @ Distributed ~/j13-ops/zangetsu_v3/.venv/julia_env/pyjuliapkg/install/share/julia/stdlib/v1.11/Distributed/src/remotecall.jl:461
  [9] remotecall_fetch(f::Function, w::Distributed.Worker, args::Distributed.RRID)
    @ Distributed ~/j13-ops/zangetsu_v3/.venv/julia_env/pyjuliapkg/install/share/julia/stdlib/v1.11/Distributed/src/remotecall.jl:454
 [10] remotecall_fetch
    @ ~/j13-ops/zangetsu_v3/.venv/julia_env/pyjuliapkg/install/share/julia/stdlib/v1.11/Distributed/src/remotecall.jl:492 [inlined]
 [11] call_on_owner
    @ ~/j13-ops/zangetsu_v3/.venv/julia_env/pyjuliapkg/install/share/julia/stdlib/v1.11/Distributed/src/remotecall.jl:565 [inlined]
 [12] fetch
    @ ~/j13-ops/zangetsu_v3/.venv/julia_env/pyjuliapkg/install/share/julia/stdlib/v1.11/Distributed/src/remotecall.jl:619
 [13] (::SymbolicRegression.var"#63#68"{SymbolicRegression.SearchUtilsModule.SearchState{Float32, Float32, Expression{Float32, Node{Float32}, @NamedTuple{operators::Nothing, variable_names::Nothing}}, Distributed.Future, Distributed.RemoteChannel}, Int64, Int64})()
    @ SymbolicRegression ~/.julia/packages/SymbolicRegression/L5TJa/src/SymbolicRegression.jl:976
UNHANDLED TASK ERROR: Distributed.ProcessExitedException(3)
Stacktrace:
  [1] try_yieldto(undo::typeof(Base.ensure_rescheduled))
    @ Base ./task.jl:958
  [2] wait()
    @ Base ./task.jl:1022
  [3] wait(c::Base.GenericCondition{ReentrantLock}; first::Bool)
    @ Base ./condition.jl:130
  [4] wait
    @ ./condition.jl:125 [inlined]
  [5] take_buffered(c::Channel{Any})
    @ Base ./channels.jl:493
  [6] take!(c::Channel{Any})
    @ Base ./channels.jl:487
  [7] take!(::Distributed.RemoteValue)
    @ Distributed ~/j13-ops/zangetsu_v3/.venv/julia_env/pyjuliapkg/install/share/julia/stdlib/v1.11/Distributed/src/remotecall.jl:726
  [8] remotecall_fetch(f::Function, w::Distributed.Worker, args::Distributed.RRID; kwargs::@Kwargs{})
    @ Distributed ~/j13-ops/zangetsu_v3/.venv/julia_env/pyjuliapkg/install/share/julia/stdlib/v1.11/Distributed/src/remotecall.jl:461
  [9] remotecall_fetch(f::Function, w::Distributed.Worker, args::Distributed.RRID)
    @ Distributed ~/j13-ops/zangetsu_v3/.venv/julia_env/pyjuliapkg/install/share/julia/stdlib/v1.11/Distributed/src/remotecall.jl:454
 [10] remotecall_fetch
    @ ~/j13-ops/zangetsu_v3/.venv/julia_env/pyjuliapkg/install/share/julia/stdlib/v1.11/Distributed/src/remotecall.jl:492 [inlined]
 [11] call_on_owner
    @ ~/j13-ops/zangetsu_v3/.venv/julia_env/pyjuliapkg/install/share/julia/stdlib/v1.11/Distributed/src/remotecall.jl:565 [inlined]
 [12] fetch
    @ ~/j13-ops/zangetsu_v3/.venv/julia_env/pyjuliapkg/install/share/julia/stdlib/v1.11/Distributed/src/remotecall.jl:619
 [13] (::SymbolicRegression.var"#63#68"{SymbolicRegression.SearchUtilsModule.SearchState{Float32, Float32, Expression{Float32, Node{Float32}, @NamedTuple{operators::Nothing, variable_names::Nothing}}, Distributed.Future, Distributed.RemoteChannel}, Int64, Int64})()
    @ SymbolicRegression ~/.julia/packages/SymbolicRegression/L5TJa/src/SymbolicRegression.jl:976
21:48:49 [INFO]     PySR done in 1524s, 18 expressions
21:48:49 [INFO]       #1: loss=0.00000102 score=0.000526 | (((ret_2 + (ret_1 * 1.5555835)) * 27.445524) - ((range_50 - ret_30) - ret_30)) * ((range_1 / (range_50 + (vratio_5 * vratio_3))) - 0.0033520637)
21:48:49 [INFO]       #2: loss=0.00000103 score=0.001350 | (((ret_2 + (ret_1 * 1.5555835)) * 27.445524) - (range_50 - ret_30)) * ((range_1 / ((vratio_5 * vratio_3) + range_50)) - 0.0032867547)
21:48:49 [INFO]       #3: loss=0.00000103 score=0.000352 | ((((ret_1 * 1.6595453) + ret_2) * 27.445524) - range_50) * ((range_1 / (abs(ret_50) + (vratio_3 * vratio_5))) - 0.0033520637)
21:48:49 [INFO] 
  [2/55] target=next_3_bar_return
