2026-04-06 06:59:55 [Orchestrator] INFO ============================================================
2026-04-06 06:59:55 [Orchestrator] INFO Zangetsu V3.2 Orchestrator starting
2026-04-06 06:59:55 [Orchestrator] INFO DB: dbname=zangetsu user=zangetsu password=*** host=127.0.0.1 port=5432
2026-04-06 06:59:55 [Orchestrator] INFO Strategies: /home/j13/j13-ops/zangetsu_v3/strategies
2026-04-06 06:59:55 [Orchestrator] INFO ============================================================
2026-04-06 06:59:55 [Orchestrator] INFO Resuming from state: IDLE
2026-04-06 06:59:55 [Orchestrator] INFO Details: {}
2026-04-06 06:59:55 [Orchestrator] INFO IDLE: checking factor_pool coverage...
2026-04-06 06:59:55 [Orchestrator] INFO IDLE: missing factor_pool for 11 regimes: ['BULL_TREND', 'BEAR_TREND', 'BULL_PULLBACK', 'BEAR_RALLY', 'TOPPING', 'BOTTOMING', 'CONSOLIDATION', 'SQUEEZE', 'CHOPPY_VOLATILE', 'DISTRIBUTION', 'ACCUMULATION']
2026-04-06 06:59:55 [Orchestrator] INFO TRANSITION -> ARENA1_FAST (event=idle_to_arena1, regime=None)
2026-04-06 06:59:55 [Orchestrator] INFO ARENA1_FAST: starting factor candidate generation...
2026-04-06 06:59:55 [Orchestrator] INFO ARENA1_FAST: 4 regimes already have candidates: ['BULL_TREND', 'BEAR_TREND', 'BULL_PULLBACK', 'BEAR_RALLY']
2026-04-06 06:59:55 [Orchestrator] INFO ARENA1_FAST: 7 regimes need candidates: ['TOPPING', 'BOTTOMING', 'CONSOLIDATION', 'SQUEEZE', 'CHOPPY_VOLATILE', 'DISTRIBUTION', 'ACCUMULATION']
2026-04-06 06:59:55 [Orchestrator] INFO ARENA1_FAST: running /home/j13/j13-ops/zangetsu_v3/scripts/arena1_full.py ...
2026-04-06 06:59:59 [Orchestrator] ERROR ARENA1_FAST: arena1_full.py exited 1: pts/arena1_full.py", line 52, in load_ohlcv
    conn = psycopg2.connect(DB_DSN)
           ^^^^^^^^^^^^^^^^^^^^^^^^
  File "/home/j13/j13-ops/zangetsu_v3/.venv/lib/python3.12/site-packages/psycopg2/__init__.py", line 122, in connect
    conn = _connect(dsn, connection_factory=connection_factory, **kwasync)
           ^^^^^^^^^^^^^^^^^^^^^^^^^^^^^^^^^^^^^^^^^^^^^^^^^^^^^^^^^^^^^^^
psycopg2.OperationalError: connection to server at "127.0.0.1", port 5432 failed: fe_sendauth: no password supplied


2026-04-06 06:59:59 [Orchestrator] INFO Launching PySR background: /home/j13/j13-ops/zangetsu_v3/scripts/arena1_pysr.py
2026-04-06 06:59:59 [Orchestrator] INFO PySR background launched (pid=179064)
2026-04-06 06:59:59 [Orchestrator] WARNING ARENA1_FAST: still missing candidates for 7 regimes: ['TOPPING', 'BOTTOMING', 'CONSOLIDATION', 'SQUEEZE', 'CHOPPY_VOLATILE', 'DISTRIBUTION', 'ACCUMULATION']
2026-04-06 06:59:59 [Orchestrator] INFO Sleeping 30s (state=ARENA1_FAST)...
2026-04-06 07:00:29 [Orchestrator] INFO ARENA1_FAST: starting factor candidate generation...
2026-04-06 07:00:29 [Orchestrator] INFO ARENA1_FAST: 4 regimes already have candidates: ['BULL_TREND', 'BEAR_TREND', 'BULL_PULLBACK', 'BEAR_RALLY']
2026-04-06 07:00:29 [Orchestrator] INFO ARENA1_FAST: 7 regimes need candidates: ['TOPPING', 'BOTTOMING', 'CONSOLIDATION', 'SQUEEZE', 'CHOPPY_VOLATILE', 'DISTRIBUTION', 'ACCUMULATION']
2026-04-06 07:00:29 [Orchestrator] INFO ARENA1_FAST: running /home/j13/j13-ops/zangetsu_v3/scripts/arena1_full.py ...
2026-04-06 07:00:33 [Orchestrator] ERROR ARENA1_FAST: arena1_full.py exited 1: pts/arena1_full.py", line 52, in load_ohlcv
    conn = psycopg2.connect(DB_DSN)
           ^^^^^^^^^^^^^^^^^^^^^^^^
  File "/home/j13/j13-ops/zangetsu_v3/.venv/lib/python3.12/site-packages/psycopg2/__init__.py", line 122, in connect
    conn = _connect(dsn, connection_factory=connection_factory, **kwasync)
           ^^^^^^^^^^^^^^^^^^^^^^^^^^^^^^^^^^^^^^^^^^^^^^^^^^^^^^^^^^^^^^^
psycopg2.OperationalError: connection to server at "127.0.0.1", port 5432 failed: fe_sendauth: no password supplied


2026-04-06 07:00:33 [Orchestrator] INFO Launching PySR background: /home/j13/j13-ops/zangetsu_v3/scripts/arena1_pysr.py
2026-04-06 07:00:33 [Orchestrator] INFO PySR background launched (pid=179856)
2026-04-06 07:00:33 [Orchestrator] WARNING ARENA1_FAST: still missing candidates for 7 regimes: ['TOPPING', 'BOTTOMING', 'CONSOLIDATION', 'SQUEEZE', 'CHOPPY_VOLATILE', 'DISTRIBUTION', 'ACCUMULATION']
2026-04-06 07:00:33 [Orchestrator] INFO Sleeping 30s (state=ARENA1_FAST)...
2026-04-06 07:01:03 [Orchestrator] INFO ARENA1_FAST: starting factor candidate generation...
2026-04-06 07:01:03 [Orchestrator] INFO ARENA1_FAST: 4 regimes already have candidates: ['BULL_TREND', 'BEAR_TREND', 'BULL_PULLBACK', 'BEAR_RALLY']
2026-04-06 07:01:03 [Orchestrator] INFO ARENA1_FAST: 7 regimes need candidates: ['TOPPING', 'BOTTOMING', 'CONSOLIDATION', 'SQUEEZE', 'CHOPPY_VOLATILE', 'DISTRIBUTION', 'ACCUMULATION']
2026-04-06 07:01:03 [Orchestrator] INFO ARENA1_FAST: running /home/j13/j13-ops/zangetsu_v3/scripts/arena1_full.py ...
2026-04-06 07:01:07 [Orchestrator] ERROR ARENA1_FAST: arena1_full.py exited 1: pts/arena1_full.py", line 52, in load_ohlcv
    conn = psycopg2.connect(DB_DSN)
           ^^^^^^^^^^^^^^^^^^^^^^^^
  File "/home/j13/j13-ops/zangetsu_v3/.venv/lib/python3.12/site-packages/psycopg2/__init__.py", line 122, in connect
    conn = _connect(dsn, connection_factory=connection_factory, **kwasync)
           ^^^^^^^^^^^^^^^^^^^^^^^^^^^^^^^^^^^^^^^^^^^^^^^^^^^^^^^^^^^^^^^
psycopg2.OperationalError: connection to server at "127.0.0.1", port 5432 failed: fe_sendauth: no password supplied


2026-04-06 07:01:07 [Orchestrator] INFO Launching PySR background: /home/j13/j13-ops/zangetsu_v3/scripts/arena1_pysr.py
2026-04-06 07:01:07 [Orchestrator] INFO PySR background launched (pid=180524)
2026-04-06 07:01:07 [Orchestrator] WARNING ARENA1_FAST: still missing candidates for 7 regimes: ['TOPPING', 'BOTTOMING', 'CONSOLIDATION', 'SQUEEZE', 'CHOPPY_VOLATILE', 'DISTRIBUTION', 'ACCUMULATION']
2026-04-06 07:01:07 [Orchestrator] INFO Sleeping 30s (state=ARENA1_FAST)...
2026-04-06 07:01:37 [Orchestrator] INFO ARENA1_FAST: starting factor candidate generation...
2026-04-06 07:01:37 [Orchestrator] INFO ARENA1_FAST: 4 regimes already have candidates: ['BULL_TREND', 'BEAR_TREND', 'BULL_PULLBACK', 'BEAR_RALLY']
2026-04-06 07:01:37 [Orchestrator] INFO ARENA1_FAST: 7 regimes need candidates: ['TOPPING', 'BOTTOMING', 'CONSOLIDATION', 'SQUEEZE', 'CHOPPY_VOLATILE', 'DISTRIBUTION', 'ACCUMULATION']
2026-04-06 07:01:37 [Orchestrator] INFO ARENA1_FAST: running /home/j13/j13-ops/zangetsu_v3/scripts/arena1_full.py ...
2026-04-06 07:01:41 [Orchestrator] ERROR ARENA1_FAST: arena1_full.py exited 1: pts/arena1_full.py", line 52, in load_ohlcv
    conn = psycopg2.connect(DB_DSN)
           ^^^^^^^^^^^^^^^^^^^^^^^^
  File "/home/j13/j13-ops/zangetsu_v3/.venv/lib/python3.12/site-packages/psycopg2/__init__.py", line 122, in connect
    conn = _connect(dsn, connection_factory=connection_factory, **kwasync)
           ^^^^^^^^^^^^^^^^^^^^^^^^^^^^^^^^^^^^^^^^^^^^^^^^^^^^^^^^^^^^^^^
psycopg2.OperationalError: connection to server at "127.0.0.1", port 5432 failed: fe_sendauth: no password supplied


2026-04-06 07:01:41 [Orchestrator] INFO Launching PySR background: /home/j13/j13-ops/zangetsu_v3/scripts/arena1_pysr.py
2026-04-06 07:01:41 [Orchestrator] INFO PySR background launched (pid=181431)
2026-04-06 07:01:41 [Orchestrator] WARNING ARENA1_FAST: still missing candidates for 7 regimes: ['TOPPING', 'BOTTOMING', 'CONSOLIDATION', 'SQUEEZE', 'CHOPPY_VOLATILE', 'DISTRIBUTION', 'ACCUMULATION']
2026-04-06 07:01:41 [Orchestrator] INFO Sleeping 30s (state=ARENA1_FAST)...
2026-04-06 07:02:11 [Orchestrator] INFO ARENA1_FAST: starting factor candidate generation...
2026-04-06 07:02:11 [Orchestrator] INFO ARENA1_FAST: 4 regimes already have candidates: ['BULL_TREND', 'BEAR_TREND', 'BULL_PULLBACK', 'BEAR_RALLY']
2026-04-06 07:02:11 [Orchestrator] INFO ARENA1_FAST: 7 regimes need candidates: ['TOPPING', 'BOTTOMING', 'CONSOLIDATION', 'SQUEEZE', 'CHOPPY_VOLATILE', 'DISTRIBUTION', 'ACCUMULATION']
2026-04-06 07:02:11 [Orchestrator] INFO ARENA1_FAST: running /home/j13/j13-ops/zangetsu_v3/scripts/arena1_full.py ...
2026-04-06 07:02:17 [Orchestrator] ERROR ARENA1_FAST: arena1_full.py exited 1: pts/arena1_full.py", line 52, in load_ohlcv
    conn = psycopg2.connect(DB_DSN)
           ^^^^^^^^^^^^^^^^^^^^^^^^
  File "/home/j13/j13-ops/zangetsu_v3/.venv/lib/python3.12/site-packages/psycopg2/__init__.py", line 122, in connect
    conn = _connect(dsn, connection_factory=connection_factory, **kwasync)
           ^^^^^^^^^^^^^^^^^^^^^^^^^^^^^^^^^^^^^^^^^^^^^^^^^^^^^^^^^^^^^^^
psycopg2.OperationalError: connection to server at "127.0.0.1", port 5432 failed: fe_sendauth: no password supplied


2026-04-06 07:02:17 [Orchestrator] INFO Launching PySR background: /home/j13/j13-ops/zangetsu_v3/scripts/arena1_pysr.py
2026-04-06 07:02:17 [Orchestrator] INFO PySR background launched (pid=181974)
2026-04-06 07:02:17 [Orchestrator] WARNING ARENA1_FAST: still missing candidates for 7 regimes: ['TOPPING', 'BOTTOMING', 'CONSOLIDATION', 'SQUEEZE', 'CHOPPY_VOLATILE', 'DISTRIBUTION', 'ACCUMULATION']
2026-04-06 07:02:17 [Orchestrator] INFO Sleeping 30s (state=ARENA1_FAST)...
2026-04-06 07:02:47 [Orchestrator] INFO ARENA1_FAST: starting factor candidate generation...
2026-04-06 07:02:47 [Orchestrator] INFO ARENA1_FAST: 4 regimes already have candidates: ['BULL_TREND', 'BEAR_TREND', 'BULL_PULLBACK', 'BEAR_RALLY']
2026-04-06 07:02:47 [Orchestrator] INFO ARENA1_FAST: 7 regimes need candidates: ['TOPPING', 'BOTTOMING', 'CONSOLIDATION', 'SQUEEZE', 'CHOPPY_VOLATILE', 'DISTRIBUTION', 'ACCUMULATION']
2026-04-06 07:02:47 [Orchestrator] INFO ARENA1_FAST: running /home/j13/j13-ops/zangetsu_v3/scripts/arena1_full.py ...
2026-04-06 07:02:52 [Orchestrator] ERROR ARENA1_FAST: arena1_full.py exited 1: pts/arena1_full.py", line 52, in load_ohlcv
    conn = psycopg2.connect(DB_DSN)
           ^^^^^^^^^^^^^^^^^^^^^^^^
  File "/home/j13/j13-ops/zangetsu_v3/.venv/lib/python3.12/site-packages/psycopg2/__init__.py", line 122, in connect
    conn = _connect(dsn, connection_factory=connection_factory, **kwasync)
           ^^^^^^^^^^^^^^^^^^^^^^^^^^^^^^^^^^^^^^^^^^^^^^^^^^^^^^^^^^^^^^^
psycopg2.OperationalError: connection to server at "127.0.0.1", port 5432 failed: fe_sendauth: no password supplied


2026-04-06 07:02:52 [Orchestrator] INFO Launching PySR background: /home/j13/j13-ops/zangetsu_v3/scripts/arena1_pysr.py
2026-04-06 07:02:52 [Orchestrator] INFO PySR background launched (pid=182467)
2026-04-06 07:02:52 [Orchestrator] WARNING ARENA1_FAST: still missing candidates for 7 regimes: ['TOPPING', 'BOTTOMING', 'CONSOLIDATION', 'SQUEEZE', 'CHOPPY_VOLATILE', 'DISTRIBUTION', 'ACCUMULATION']
2026-04-06 07:02:52 [Orchestrator] INFO Sleeping 30s (state=ARENA1_FAST)...
2026-04-06 07:03:22 [Orchestrator] INFO ARENA1_FAST: starting factor candidate generation...
2026-04-06 07:03:22 [Orchestrator] INFO ARENA1_FAST: 4 regimes already have candidates: ['BULL_TREND', 'BEAR_TREND', 'BULL_PULLBACK', 'BEAR_RALLY']
2026-04-06 07:03:22 [Orchestrator] INFO ARENA1_FAST: 7 regimes need candidates: ['TOPPING', 'BOTTOMING', 'CONSOLIDATION', 'SQUEEZE', 'CHOPPY_VOLATILE', 'DISTRIBUTION', 'ACCUMULATION']
2026-04-06 07:03:22 [Orchestrator] INFO ARENA1_FAST: running /home/j13/j13-ops/zangetsu_v3/scripts/arena1_full.py ...
2026-04-06 07:03:27 [Orchestrator] ERROR ARENA1_FAST: arena1_full.py exited 1: pts/arena1_full.py", line 52, in load_ohlcv
    conn = psycopg2.connect(DB_DSN)
           ^^^^^^^^^^^^^^^^^^^^^^^^
  File "/home/j13/j13-ops/zangetsu_v3/.venv/lib/python3.12/site-packages/psycopg2/__init__.py", line 122, in connect
    conn = _connect(dsn, connection_factory=connection_factory, **kwasync)
           ^^^^^^^^^^^^^^^^^^^^^^^^^^^^^^^^^^^^^^^^^^^^^^^^^^^^^^^^^^^^^^^
psycopg2.OperationalError: connection to server at "127.0.0.1", port 5432 failed: fe_sendauth: no password supplied


2026-04-06 07:03:27 [Orchestrator] INFO Launching PySR background: /home/j13/j13-ops/zangetsu_v3/scripts/arena1_pysr.py
2026-04-06 07:03:27 [Orchestrator] INFO PySR background launched (pid=182989)
2026-04-06 07:03:27 [Orchestrator] WARNING ARENA1_FAST: still missing candidates for 7 regimes: ['TOPPING', 'BOTTOMING', 'CONSOLIDATION', 'SQUEEZE', 'CHOPPY_VOLATILE', 'DISTRIBUTION', 'ACCUMULATION']
2026-04-06 07:03:27 [Orchestrator] INFO Sleeping 30s (state=ARENA1_FAST)...
2026-04-06 07:03:57 [Orchestrator] INFO ARENA1_FAST: starting factor candidate generation...
2026-04-06 07:03:57 [Orchestrator] INFO ARENA1_FAST: 4 regimes already have candidates: ['BULL_TREND', 'BEAR_TREND', 'BULL_PULLBACK', 'BEAR_RALLY']
2026-04-06 07:03:57 [Orchestrator] INFO ARENA1_FAST: 7 regimes need candidates: ['TOPPING', 'BOTTOMING', 'CONSOLIDATION', 'SQUEEZE', 'CHOPPY_VOLATILE', 'DISTRIBUTION', 'ACCUMULATION']
2026-04-06 07:03:57 [Orchestrator] INFO ARENA1_FAST: running /home/j13/j13-ops/zangetsu_v3/scripts/arena1_full.py ...
2026-04-06 07:04:02 [Orchestrator] ERROR ARENA1_FAST: arena1_full.py exited 1: pts/arena1_full.py", line 52, in load_ohlcv
    conn = psycopg2.connect(DB_DSN)
           ^^^^^^^^^^^^^^^^^^^^^^^^
  File "/home/j13/j13-ops/zangetsu_v3/.venv/lib/python3.12/site-packages/psycopg2/__init__.py", line 122, in connect
    conn = _connect(dsn, connection_factory=connection_factory, **kwasync)
           ^^^^^^^^^^^^^^^^^^^^^^^^^^^^^^^^^^^^^^^^^^^^^^^^^^^^^^^^^^^^^^^
psycopg2.OperationalError: connection to server at "127.0.0.1", port 5432 failed: fe_sendauth: no password supplied


2026-04-06 07:04:02 [Orchestrator] INFO Launching PySR background: /home/j13/j13-ops/zangetsu_v3/scripts/arena1_pysr.py
2026-04-06 07:04:02 [Orchestrator] INFO PySR background launched (pid=183489)
2026-04-06 07:04:02 [Orchestrator] WARNING ARENA1_FAST: still missing candidates for 7 regimes: ['TOPPING', 'BOTTOMING', 'CONSOLIDATION', 'SQUEEZE', 'CHOPPY_VOLATILE', 'DISTRIBUTION', 'ACCUMULATION']
2026-04-06 07:04:02 [Orchestrator] INFO Sleeping 30s (state=ARENA1_FAST)...
2026-04-06 07:04:32 [Orchestrator] INFO ARENA1_FAST: starting factor candidate generation...
2026-04-06 07:04:32 [Orchestrator] INFO ARENA1_FAST: 4 regimes already have candidates: ['BULL_TREND', 'BEAR_TREND', 'BULL_PULLBACK', 'BEAR_RALLY']
2026-04-06 07:04:32 [Orchestrator] INFO ARENA1_FAST: 7 regimes need candidates: ['TOPPING', 'BOTTOMING', 'CONSOLIDATION', 'SQUEEZE', 'CHOPPY_VOLATILE', 'DISTRIBUTION', 'ACCUMULATION']
2026-04-06 07:04:32 [Orchestrator] INFO ARENA1_FAST: running /home/j13/j13-ops/zangetsu_v3/scripts/arena1_full.py ...
2026-04-06 07:04:37 [Orchestrator] ERROR ARENA1_FAST: arena1_full.py exited 1: pts/arena1_full.py", line 52, in load_ohlcv
    conn = psycopg2.connect(DB_DSN)
           ^^^^^^^^^^^^^^^^^^^^^^^^
  File "/home/j13/j13-ops/zangetsu_v3/.venv/lib/python3.12/site-packages/psycopg2/__init__.py", line 122, in connect
    conn = _connect(dsn, connection_factory=connection_factory, **kwasync)
           ^^^^^^^^^^^^^^^^^^^^^^^^^^^^^^^^^^^^^^^^^^^^^^^^^^^^^^^^^^^^^^^
psycopg2.OperationalError: connection to server at "127.0.0.1", port 5432 failed: fe_sendauth: no password supplied


2026-04-06 07:04:37 [Orchestrator] INFO Launching PySR background: /home/j13/j13-ops/zangetsu_v3/scripts/arena1_pysr.py
2026-04-06 07:04:37 [Orchestrator] INFO PySR background launched (pid=184021)
2026-04-06 07:04:38 [Orchestrator] WARNING ARENA1_FAST: still missing candidates for 7 regimes: ['TOPPING', 'BOTTOMING', 'CONSOLIDATION', 'SQUEEZE', 'CHOPPY_VOLATILE', 'DISTRIBUTION', 'ACCUMULATION']
2026-04-06 07:04:38 [Orchestrator] INFO Sleeping 30s (state=ARENA1_FAST)...
2026-04-06 07:05:08 [Orchestrator] INFO ARENA1_FAST: starting factor candidate generation...
2026-04-06 07:05:08 [Orchestrator] INFO ARENA1_FAST: 4 regimes already have candidates: ['BULL_TREND', 'BEAR_TREND', 'BULL_PULLBACK', 'BEAR_RALLY']
2026-04-06 07:05:08 [Orchestrator] INFO ARENA1_FAST: 7 regimes need candidates: ['TOPPING', 'BOTTOMING', 'CONSOLIDATION', 'SQUEEZE', 'CHOPPY_VOLATILE', 'DISTRIBUTION', 'ACCUMULATION']
2026-04-06 07:05:08 [Orchestrator] INFO ARENA1_FAST: running /home/j13/j13-ops/zangetsu_v3/scripts/arena1_full.py ...
2026-04-06 07:05:13 [Orchestrator] ERROR ARENA1_FAST: arena1_full.py exited 1: pts/arena1_full.py", line 52, in load_ohlcv
    conn = psycopg2.connect(DB_DSN)
           ^^^^^^^^^^^^^^^^^^^^^^^^
  File "/home/j13/j13-ops/zangetsu_v3/.venv/lib/python3.12/site-packages/psycopg2/__init__.py", line 122, in connect
    conn = _connect(dsn, connection_factory=connection_factory, **kwasync)
           ^^^^^^^^^^^^^^^^^^^^^^^^^^^^^^^^^^^^^^^^^^^^^^^^^^^^^^^^^^^^^^^
psycopg2.OperationalError: connection to server at "127.0.0.1", port 5432 failed: fe_sendauth: no password supplied


2026-04-06 07:05:13 [Orchestrator] INFO Launching PySR background: /home/j13/j13-ops/zangetsu_v3/scripts/arena1_pysr.py
2026-04-06 07:05:13 [Orchestrator] INFO PySR background launched (pid=184546)
2026-04-06 07:05:13 [Orchestrator] WARNING ARENA1_FAST: still missing candidates for 7 regimes: ['TOPPING', 'BOTTOMING', 'CONSOLIDATION', 'SQUEEZE', 'CHOPPY_VOLATILE', 'DISTRIBUTION', 'ACCUMULATION']
2026-04-06 07:05:13 [Orchestrator] INFO Sleeping 30s (state=ARENA1_FAST)...
2026-04-06 07:05:43 [Orchestrator] INFO ARENA1_FAST: starting factor candidate generation...
2026-04-06 07:05:43 [Orchestrator] INFO ARENA1_FAST: 4 regimes already have candidates: ['BULL_TREND', 'BEAR_TREND', 'BULL_PULLBACK', 'BEAR_RALLY']
2026-04-06 07:05:43 [Orchestrator] INFO ARENA1_FAST: 7 regimes need candidates: ['TOPPING', 'BOTTOMING', 'CONSOLIDATION', 'SQUEEZE', 'CHOPPY_VOLATILE', 'DISTRIBUTION', 'ACCUMULATION']
2026-04-06 07:05:43 [Orchestrator] INFO ARENA1_FAST: running /home/j13/j13-ops/zangetsu_v3/scripts/arena1_full.py ...
2026-04-06 07:05:48 [Orchestrator] ERROR ARENA1_FAST: arena1_full.py exited 1: pts/arena1_full.py", line 52, in load_ohlcv
    conn = psycopg2.connect(DB_DSN)
           ^^^^^^^^^^^^^^^^^^^^^^^^
  File "/home/j13/j13-ops/zangetsu_v3/.venv/lib/python3.12/site-packages/psycopg2/__init__.py", line 122, in connect
    conn = _connect(dsn, connection_factory=connection_factory, **kwasync)
           ^^^^^^^^^^^^^^^^^^^^^^^^^^^^^^^^^^^^^^^^^^^^^^^^^^^^^^^^^^^^^^^
psycopg2.OperationalError: connection to server at "127.0.0.1", port 5432 failed: fe_sendauth: no password supplied


2026-04-06 07:05:48 [Orchestrator] INFO Launching PySR background: /home/j13/j13-ops/zangetsu_v3/scripts/arena1_pysr.py
2026-04-06 07:05:48 [Orchestrator] INFO PySR background launched (pid=185084)
2026-04-06 07:05:48 [Orchestrator] WARNING ARENA1_FAST: still missing candidates for 7 regimes: ['TOPPING', 'BOTTOMING', 'CONSOLIDATION', 'SQUEEZE', 'CHOPPY_VOLATILE', 'DISTRIBUTION', 'ACCUMULATION']
2026-04-06 07:05:48 [Orchestrator] INFO Sleeping 30s (state=ARENA1_FAST)...
2026-04-06 07:06:18 [Orchestrator] INFO ARENA1_FAST: starting factor candidate generation...
2026-04-06 07:06:18 [Orchestrator] INFO ARENA1_FAST: 4 regimes already have candidates: ['BULL_TREND', 'BEAR_TREND', 'BULL_PULLBACK', 'BEAR_RALLY']
2026-04-06 07:06:18 [Orchestrator] INFO ARENA1_FAST: 7 regimes need candidates: ['TOPPING', 'BOTTOMING', 'CONSOLIDATION', 'SQUEEZE', 'CHOPPY_VOLATILE', 'DISTRIBUTION', 'ACCUMULATION']
2026-04-06 07:06:18 [Orchestrator] INFO ARENA1_FAST: running /home/j13/j13-ops/zangetsu_v3/scripts/arena1_full.py ...
2026-04-06 07:06:23 [Orchestrator] ERROR ARENA1_FAST: arena1_full.py exited 1: pts/arena1_full.py", line 52, in load_ohlcv
    conn = psycopg2.connect(DB_DSN)
           ^^^^^^^^^^^^^^^^^^^^^^^^
  File "/home/j13/j13-ops/zangetsu_v3/.venv/lib/python3.12/site-packages/psycopg2/__init__.py", line 122, in connect
    conn = _connect(dsn, connection_factory=connection_factory, **kwasync)
           ^^^^^^^^^^^^^^^^^^^^^^^^^^^^^^^^^^^^^^^^^^^^^^^^^^^^^^^^^^^^^^^
psycopg2.OperationalError: connection to server at "127.0.0.1", port 5432 failed: fe_sendauth: no password supplied


2026-04-06 07:06:23 [Orchestrator] INFO Launching PySR background: /home/j13/j13-ops/zangetsu_v3/scripts/arena1_pysr.py
2026-04-06 07:06:23 [Orchestrator] INFO PySR background launched (pid=185586)
2026-04-06 07:06:23 [Orchestrator] WARNING ARENA1_FAST: still missing candidates for 7 regimes: ['TOPPING', 'BOTTOMING', 'CONSOLIDATION', 'SQUEEZE', 'CHOPPY_VOLATILE', 'DISTRIBUTION', 'ACCUMULATION']
2026-04-06 07:06:23 [Orchestrator] INFO Sleeping 30s (state=ARENA1_FAST)...
2026-04-06 07:06:53 [Orchestrator] INFO ARENA1_FAST: starting factor candidate generation...
2026-04-06 07:06:53 [Orchestrator] INFO ARENA1_FAST: 4 regimes already have candidates: ['BULL_TREND', 'BEAR_TREND', 'BULL_PULLBACK', 'BEAR_RALLY']
2026-04-06 07:06:53 [Orchestrator] INFO ARENA1_FAST: 7 regimes need candidates: ['TOPPING', 'BOTTOMING', 'CONSOLIDATION', 'SQUEEZE', 'CHOPPY_VOLATILE', 'DISTRIBUTION', 'ACCUMULATION']
2026-04-06 07:06:53 [Orchestrator] INFO ARENA1_FAST: running /home/j13/j13-ops/zangetsu_v3/scripts/arena1_full.py ...
2026-04-06 07:06:58 [Orchestrator] ERROR ARENA1_FAST: arena1_full.py exited 1: pts/arena1_full.py", line 52, in load_ohlcv
    conn = psycopg2.connect(DB_DSN)
           ^^^^^^^^^^^^^^^^^^^^^^^^
  File "/home/j13/j13-ops/zangetsu_v3/.venv/lib/python3.12/site-packages/psycopg2/__init__.py", line 122, in connect
    conn = _connect(dsn, connection_factory=connection_factory, **kwasync)
           ^^^^^^^^^^^^^^^^^^^^^^^^^^^^^^^^^^^^^^^^^^^^^^^^^^^^^^^^^^^^^^^
psycopg2.OperationalError: connection to server at "127.0.0.1", port 5432 failed: fe_sendauth: no password supplied


2026-04-06 07:06:58 [Orchestrator] INFO Launching PySR background: /home/j13/j13-ops/zangetsu_v3/scripts/arena1_pysr.py
2026-04-06 07:06:58 [Orchestrator] INFO PySR background launched (pid=186122)
2026-04-06 07:06:58 [Orchestrator] WARNING ARENA1_FAST: still missing candidates for 7 regimes: ['TOPPING', 'BOTTOMING', 'CONSOLIDATION', 'SQUEEZE', 'CHOPPY_VOLATILE', 'DISTRIBUTION', 'ACCUMULATION']
2026-04-06 07:06:58 [Orchestrator] INFO Sleeping 30s (state=ARENA1_FAST)...
2026-04-06 07:07:28 [Orchestrator] INFO ARENA1_FAST: starting factor candidate generation...
2026-04-06 07:07:29 [Orchestrator] INFO ARENA1_FAST: 4 regimes already have candidates: ['BULL_TREND', 'BEAR_TREND', 'BULL_PULLBACK', 'BEAR_RALLY']
2026-04-06 07:07:29 [Orchestrator] INFO ARENA1_FAST: 7 regimes need candidates: ['TOPPING', 'BOTTOMING', 'CONSOLIDATION', 'SQUEEZE', 'CHOPPY_VOLATILE', 'DISTRIBUTION', 'ACCUMULATION']
2026-04-06 07:07:29 [Orchestrator] INFO ARENA1_FAST: running /home/j13/j13-ops/zangetsu_v3/scripts/arena1_full.py ...
2026-04-06 07:07:34 [Orchestrator] ERROR ARENA1_FAST: arena1_full.py exited 1: pts/arena1_full.py", line 52, in load_ohlcv
    conn = psycopg2.connect(DB_DSN)
           ^^^^^^^^^^^^^^^^^^^^^^^^
  File "/home/j13/j13-ops/zangetsu_v3/.venv/lib/python3.12/site-packages/psycopg2/__init__.py", line 122, in connect
    conn = _connect(dsn, connection_factory=connection_factory, **kwasync)
           ^^^^^^^^^^^^^^^^^^^^^^^^^^^^^^^^^^^^^^^^^^^^^^^^^^^^^^^^^^^^^^^
psycopg2.OperationalError: connection to server at "127.0.0.1", port 5432 failed: fe_sendauth: no password supplied


2026-04-06 07:07:34 [Orchestrator] INFO Launching PySR background: /home/j13/j13-ops/zangetsu_v3/scripts/arena1_pysr.py
2026-04-06 07:07:34 [Orchestrator] INFO PySR background launched (pid=186602)
2026-04-06 07:07:34 [Orchestrator] WARNING ARENA1_FAST: still missing candidates for 7 regimes: ['TOPPING', 'BOTTOMING', 'CONSOLIDATION', 'SQUEEZE', 'CHOPPY_VOLATILE', 'DISTRIBUTION', 'ACCUMULATION']
2026-04-06 07:07:34 [Orchestrator] INFO Sleeping 30s (state=ARENA1_FAST)...
2026-04-06 07:08:04 [Orchestrator] INFO ARENA1_FAST: starting factor candidate generation...
2026-04-06 07:08:04 [Orchestrator] INFO ARENA1_FAST: 4 regimes already have candidates: ['BULL_TREND', 'BEAR_TREND', 'BULL_PULLBACK', 'BEAR_RALLY']
2026-04-06 07:08:04 [Orchestrator] INFO ARENA1_FAST: 7 regimes need candidates: ['TOPPING', 'BOTTOMING', 'CONSOLIDATION', 'SQUEEZE', 'CHOPPY_VOLATILE', 'DISTRIBUTION', 'ACCUMULATION']
2026-04-06 07:08:04 [Orchestrator] INFO ARENA1_FAST: running /home/j13/j13-ops/zangetsu_v3/scripts/arena1_full.py ...
2026-04-06 07:08:09 [Orchestrator] ERROR ARENA1_FAST: arena1_full.py exited 1: pts/arena1_full.py", line 52, in load_ohlcv
    conn = psycopg2.connect(DB_DSN)
           ^^^^^^^^^^^^^^^^^^^^^^^^
  File "/home/j13/j13-ops/zangetsu_v3/.venv/lib/python3.12/site-packages/psycopg2/__init__.py", line 122, in connect
    conn = _connect(dsn, connection_factory=connection_factory, **kwasync)
           ^^^^^^^^^^^^^^^^^^^^^^^^^^^^^^^^^^^^^^^^^^^^^^^^^^^^^^^^^^^^^^^
psycopg2.OperationalError: connection to server at "127.0.0.1", port 5432 failed: fe_sendauth: no password supplied


2026-04-06 07:08:09 [Orchestrator] INFO Launching PySR background: /home/j13/j13-ops/zangetsu_v3/scripts/arena1_pysr.py
2026-04-06 07:08:09 [Orchestrator] INFO PySR background launched (pid=187174)
2026-04-06 07:08:09 [Orchestrator] WARNING ARENA1_FAST: still missing candidates for 7 regimes: ['TOPPING', 'BOTTOMING', 'CONSOLIDATION', 'SQUEEZE', 'CHOPPY_VOLATILE', 'DISTRIBUTION', 'ACCUMULATION']
2026-04-06 07:08:09 [Orchestrator] INFO Sleeping 30s (state=ARENA1_FAST)...
2026-04-06 07:08:39 [Orchestrator] INFO ARENA1_FAST: starting factor candidate generation...
2026-04-06 07:08:39 [Orchestrator] INFO ARENA1_FAST: 4 regimes already have candidates: ['BULL_TREND', 'BEAR_TREND', 'BULL_PULLBACK', 'BEAR_RALLY']
2026-04-06 07:08:39 [Orchestrator] INFO ARENA1_FAST: 7 regimes need candidates: ['TOPPING', 'BOTTOMING', 'CONSOLIDATION', 'SQUEEZE', 'CHOPPY_VOLATILE', 'DISTRIBUTION', 'ACCUMULATION']
2026-04-06 07:08:39 [Orchestrator] INFO ARENA1_FAST: running /home/j13/j13-ops/zangetsu_v3/scripts/arena1_full.py ...
2026-04-06 07:08:44 [Orchestrator] ERROR ARENA1_FAST: arena1_full.py exited 1: pts/arena1_full.py", line 52, in load_ohlcv
    conn = psycopg2.connect(DB_DSN)
           ^^^^^^^^^^^^^^^^^^^^^^^^
  File "/home/j13/j13-ops/zangetsu_v3/.venv/lib/python3.12/site-packages/psycopg2/__init__.py", line 122, in connect
    conn = _connect(dsn, connection_factory=connection_factory, **kwasync)
           ^^^^^^^^^^^^^^^^^^^^^^^^^^^^^^^^^^^^^^^^^^^^^^^^^^^^^^^^^^^^^^^
psycopg2.OperationalError: connection to server at "127.0.0.1", port 5432 failed: fe_sendauth: no password supplied


2026-04-06 07:08:44 [Orchestrator] INFO Launching PySR background: /home/j13/j13-ops/zangetsu_v3/scripts/arena1_pysr.py
2026-04-06 07:08:44 [Orchestrator] INFO PySR background launched (pid=187655)
2026-04-06 07:08:44 [Orchestrator] WARNING ARENA1_FAST: still missing candidates for 7 regimes: ['TOPPING', 'BOTTOMING', 'CONSOLIDATION', 'SQUEEZE', 'CHOPPY_VOLATILE', 'DISTRIBUTION', 'ACCUMULATION']
2026-04-06 07:08:44 [Orchestrator] INFO Sleeping 30s (state=ARENA1_FAST)...
2026-04-06 07:09:14 [Orchestrator] INFO ARENA1_FAST: starting factor candidate generation...
2026-04-06 07:09:14 [Orchestrator] INFO ARENA1_FAST: 4 regimes already have candidates: ['BULL_TREND', 'BEAR_TREND', 'BULL_PULLBACK', 'BEAR_RALLY']
2026-04-06 07:09:14 [Orchestrator] INFO ARENA1_FAST: 7 regimes need candidates: ['TOPPING', 'BOTTOMING', 'CONSOLIDATION', 'SQUEEZE', 'CHOPPY_VOLATILE', 'DISTRIBUTION', 'ACCUMULATION']
2026-04-06 07:09:14 [Orchestrator] INFO ARENA1_FAST: running /home/j13/j13-ops/zangetsu_v3/scripts/arena1_full.py ...
2026-04-06 07:09:19 [Orchestrator] ERROR ARENA1_FAST: arena1_full.py exited 1: pts/arena1_full.py", line 52, in load_ohlcv
    conn = psycopg2.connect(DB_DSN)
           ^^^^^^^^^^^^^^^^^^^^^^^^
  File "/home/j13/j13-ops/zangetsu_v3/.venv/lib/python3.12/site-packages/psycopg2/__init__.py", line 122, in connect
    conn = _connect(dsn, connection_factory=connection_factory, **kwasync)
           ^^^^^^^^^^^^^^^^^^^^^^^^^^^^^^^^^^^^^^^^^^^^^^^^^^^^^^^^^^^^^^^
psycopg2.OperationalError: connection to server at "127.0.0.1", port 5432 failed: fe_sendauth: no password supplied


2026-04-06 07:09:19 [Orchestrator] INFO Launching PySR background: /home/j13/j13-ops/zangetsu_v3/scripts/arena1_pysr.py
2026-04-06 07:09:19 [Orchestrator] INFO PySR background launched (pid=188191)
2026-04-06 07:09:20 [Orchestrator] WARNING ARENA1_FAST: still missing candidates for 7 regimes: ['TOPPING', 'BOTTOMING', 'CONSOLIDATION', 'SQUEEZE', 'CHOPPY_VOLATILE', 'DISTRIBUTION', 'ACCUMULATION']
2026-04-06 07:09:20 [Orchestrator] INFO Sleeping 30s (state=ARENA1_FAST)...
2026-04-06 07:09:50 [Orchestrator] INFO ARENA1_FAST: starting factor candidate generation...
2026-04-06 07:09:50 [Orchestrator] INFO ARENA1_FAST: 4 regimes already have candidates: ['BULL_TREND', 'BEAR_TREND', 'BULL_PULLBACK', 'BEAR_RALLY']
2026-04-06 07:09:50 [Orchestrator] INFO ARENA1_FAST: 7 regimes need candidates: ['TOPPING', 'BOTTOMING', 'CONSOLIDATION', 'SQUEEZE', 'CHOPPY_VOLATILE', 'DISTRIBUTION', 'ACCUMULATION']
2026-04-06 07:09:50 [Orchestrator] INFO ARENA1_FAST: running /home/j13/j13-ops/zangetsu_v3/scripts/arena1_full.py ...
2026-04-06 07:09:55 [Orchestrator] ERROR ARENA1_FAST: arena1_full.py exited 1: pts/arena1_full.py", line 52, in load_ohlcv
    conn = psycopg2.connect(DB_DSN)
           ^^^^^^^^^^^^^^^^^^^^^^^^
  File "/home/j13/j13-ops/zangetsu_v3/.venv/lib/python3.12/site-packages/psycopg2/__init__.py", line 122, in connect
    conn = _connect(dsn, connection_factory=connection_factory, **kwasync)
           ^^^^^^^^^^^^^^^^^^^^^^^^^^^^^^^^^^^^^^^^^^^^^^^^^^^^^^^^^^^^^^^
psycopg2.OperationalError: connection to server at "127.0.0.1", port 5432 failed: fe_sendauth: no password supplied


2026-04-06 07:09:55 [Orchestrator] INFO Launching PySR background: /home/j13/j13-ops/zangetsu_v3/scripts/arena1_pysr.py
2026-04-06 07:09:55 [Orchestrator] INFO PySR background launched (pid=188690)
2026-04-06 07:09:55 [Orchestrator] WARNING ARENA1_FAST: still missing candidates for 7 regimes: ['TOPPING', 'BOTTOMING', 'CONSOLIDATION', 'SQUEEZE', 'CHOPPY_VOLATILE', 'DISTRIBUTION', 'ACCUMULATION']
2026-04-06 07:09:55 [Orchestrator] INFO Sleeping 30s (state=ARENA1_FAST)...
2026-04-06 07:10:25 [Orchestrator] INFO ARENA1_FAST: starting factor candidate generation...
2026-04-06 07:10:25 [Orchestrator] INFO ARENA1_FAST: 4 regimes already have candidates: ['BULL_TREND', 'BEAR_TREND', 'BULL_PULLBACK', 'BEAR_RALLY']
2026-04-06 07:10:25 [Orchestrator] INFO ARENA1_FAST: 7 regimes need candidates: ['TOPPING', 'BOTTOMING', 'CONSOLIDATION', 'SQUEEZE', 'CHOPPY_VOLATILE', 'DISTRIBUTION', 'ACCUMULATION']
2026-04-06 07:10:25 [Orchestrator] INFO ARENA1_FAST: running /home/j13/j13-ops/zangetsu_v3/scripts/arena1_full.py ...
2026-04-06 07:10:30 [Orchestrator] ERROR ARENA1_FAST: arena1_full.py exited 1: pts/arena1_full.py", line 52, in load_ohlcv
    conn = psycopg2.connect(DB_DSN)
           ^^^^^^^^^^^^^^^^^^^^^^^^
  File "/home/j13/j13-ops/zangetsu_v3/.venv/lib/python3.12/site-packages/psycopg2/__init__.py", line 122, in connect
    conn = _connect(dsn, connection_factory=connection_factory, **kwasync)
           ^^^^^^^^^^^^^^^^^^^^^^^^^^^^^^^^^^^^^^^^^^^^^^^^^^^^^^^^^^^^^^^
psycopg2.OperationalError: connection to server at "127.0.0.1", port 5432 failed: fe_sendauth: no password supplied


2026-04-06 07:10:30 [Orchestrator] INFO Launching PySR background: /home/j13/j13-ops/zangetsu_v3/scripts/arena1_pysr.py
2026-04-06 07:10:30 [Orchestrator] INFO PySR background launched (pid=189216)
2026-04-06 07:10:30 [Orchestrator] WARNING ARENA1_FAST: still missing candidates for 7 regimes: ['TOPPING', 'BOTTOMING', 'CONSOLIDATION', 'SQUEEZE', 'CHOPPY_VOLATILE', 'DISTRIBUTION', 'ACCUMULATION']
2026-04-06 07:10:30 [Orchestrator] INFO Sleeping 30s (state=ARENA1_FAST)...
2026-04-06 07:11:00 [Orchestrator] INFO ARENA1_FAST: starting factor candidate generation...
2026-04-06 07:11:00 [Orchestrator] INFO ARENA1_FAST: 4 regimes already have candidates: ['BULL_TREND', 'BEAR_TREND', 'BULL_PULLBACK', 'BEAR_RALLY']
2026-04-06 07:11:00 [Orchestrator] INFO ARENA1_FAST: 7 regimes need candidates: ['TOPPING', 'BOTTOMING', 'CONSOLIDATION', 'SQUEEZE', 'CHOPPY_VOLATILE', 'DISTRIBUTION', 'ACCUMULATION']
2026-04-06 07:11:00 [Orchestrator] INFO ARENA1_FAST: running /home/j13/j13-ops/zangetsu_v3/scripts/arena1_full.py ...
2026-04-06 07:11:05 [Orchestrator] ERROR ARENA1_FAST: arena1_full.py exited 1: pts/arena1_full.py", line 52, in load_ohlcv
    conn = psycopg2.connect(DB_DSN)
           ^^^^^^^^^^^^^^^^^^^^^^^^
  File "/home/j13/j13-ops/zangetsu_v3/.venv/lib/python3.12/site-packages/psycopg2/__init__.py", line 122, in connect
    conn = _connect(dsn, connection_factory=connection_factory, **kwasync)
           ^^^^^^^^^^^^^^^^^^^^^^^^^^^^^^^^^^^^^^^^^^^^^^^^^^^^^^^^^^^^^^^
psycopg2.OperationalError: connection to server at "127.0.0.1", port 5432 failed: fe_sendauth: no password supplied


2026-04-06 07:11:05 [Orchestrator] INFO Launching PySR background: /home/j13/j13-ops/zangetsu_v3/scripts/arena1_pysr.py
2026-04-06 07:11:05 [Orchestrator] INFO PySR background launched (pid=189727)
2026-04-06 07:11:05 [Orchestrator] WARNING ARENA1_FAST: still missing candidates for 7 regimes: ['TOPPING', 'BOTTOMING', 'CONSOLIDATION', 'SQUEEZE', 'CHOPPY_VOLATILE', 'DISTRIBUTION', 'ACCUMULATION']
2026-04-06 07:11:05 [Orchestrator] INFO Sleeping 30s (state=ARENA1_FAST)...
2026-04-06 07:11:35 [Orchestrator] INFO ARENA1_FAST: starting factor candidate generation...
2026-04-06 07:11:35 [Orchestrator] INFO ARENA1_FAST: 4 regimes already have candidates: ['BULL_TREND', 'BEAR_TREND', 'BULL_PULLBACK', 'BEAR_RALLY']
2026-04-06 07:11:35 [Orchestrator] INFO ARENA1_FAST: 7 regimes need candidates: ['TOPPING', 'BOTTOMING', 'CONSOLIDATION', 'SQUEEZE', 'CHOPPY_VOLATILE', 'DISTRIBUTION', 'ACCUMULATION']
2026-04-06 07:11:35 [Orchestrator] INFO ARENA1_FAST: running /home/j13/j13-ops/zangetsu_v3/scripts/arena1_full.py ...
2026-04-06 07:11:40 [Orchestrator] ERROR ARENA1_FAST: arena1_full.py exited 1: pts/arena1_full.py", line 52, in load_ohlcv
    conn = psycopg2.connect(DB_DSN)
           ^^^^^^^^^^^^^^^^^^^^^^^^
  File "/home/j13/j13-ops/zangetsu_v3/.venv/lib/python3.12/site-packages/psycopg2/__init__.py", line 122, in connect
    conn = _connect(dsn, connection_factory=connection_factory, **kwasync)
           ^^^^^^^^^^^^^^^^^^^^^^^^^^^^^^^^^^^^^^^^^^^^^^^^^^^^^^^^^^^^^^^
psycopg2.OperationalError: connection to server at "127.0.0.1", port 5432 failed: fe_sendauth: no password supplied


2026-04-06 07:11:40 [Orchestrator] INFO Launching PySR background: /home/j13/j13-ops/zangetsu_v3/scripts/arena1_pysr.py
2026-04-06 07:11:40 [Orchestrator] INFO PySR background launched (pid=190284)
2026-04-06 07:11:40 [Orchestrator] WARNING ARENA1_FAST: still missing candidates for 7 regimes: ['TOPPING', 'BOTTOMING', 'CONSOLIDATION', 'SQUEEZE', 'CHOPPY_VOLATILE', 'DISTRIBUTION', 'ACCUMULATION']
2026-04-06 07:11:40 [Orchestrator] INFO Sleeping 30s (state=ARENA1_FAST)...
2026-04-06 07:12:10 [Orchestrator] INFO ARENA1_FAST: starting factor candidate generation...
2026-04-06 07:12:10 [Orchestrator] INFO ARENA1_FAST: 4 regimes already have candidates: ['BULL_TREND', 'BEAR_TREND', 'BULL_PULLBACK', 'BEAR_RALLY']
2026-04-06 07:12:10 [Orchestrator] INFO ARENA1_FAST: 7 regimes need candidates: ['TOPPING', 'BOTTOMING', 'CONSOLIDATION', 'SQUEEZE', 'CHOPPY_VOLATILE', 'DISTRIBUTION', 'ACCUMULATION']
2026-04-06 07:12:10 [Orchestrator] INFO ARENA1_FAST: running /home/j13/j13-ops/zangetsu_v3/scripts/arena1_full.py ...
2026-04-06 07:12:15 [Orchestrator] ERROR ARENA1_FAST: arena1_full.py exited 1: pts/arena1_full.py", line 52, in load_ohlcv
    conn = psycopg2.connect(DB_DSN)
           ^^^^^^^^^^^^^^^^^^^^^^^^
  File "/home/j13/j13-ops/zangetsu_v3/.venv/lib/python3.12/site-packages/psycopg2/__init__.py", line 122, in connect
    conn = _connect(dsn, connection_factory=connection_factory, **kwasync)
           ^^^^^^^^^^^^^^^^^^^^^^^^^^^^^^^^^^^^^^^^^^^^^^^^^^^^^^^^^^^^^^^
psycopg2.OperationalError: connection to server at "127.0.0.1", port 5432 failed: fe_sendauth: no password supplied


2026-04-06 07:12:15 [Orchestrator] INFO Launching PySR background: /home/j13/j13-ops/zangetsu_v3/scripts/arena1_pysr.py
2026-04-06 07:12:15 [Orchestrator] INFO PySR background launched (pid=190767)
2026-04-06 07:12:16 [Orchestrator] WARNING ARENA1_FAST: still missing candidates for 7 regimes: ['TOPPING', 'BOTTOMING', 'CONSOLIDATION', 'SQUEEZE', 'CHOPPY_VOLATILE', 'DISTRIBUTION', 'ACCUMULATION']
2026-04-06 07:12:16 [Orchestrator] INFO Sleeping 30s (state=ARENA1_FAST)...
2026-04-06 07:12:46 [Orchestrator] INFO ARENA1_FAST: starting factor candidate generation...
2026-04-06 07:12:46 [Orchestrator] INFO ARENA1_FAST: 4 regimes already have candidates: ['BULL_TREND', 'BEAR_TREND', 'BULL_PULLBACK', 'BEAR_RALLY']
2026-04-06 07:12:46 [Orchestrator] INFO ARENA1_FAST: 7 regimes need candidates: ['TOPPING', 'BOTTOMING', 'CONSOLIDATION', 'SQUEEZE', 'CHOPPY_VOLATILE', 'DISTRIBUTION', 'ACCUMULATION']
2026-04-06 07:12:46 [Orchestrator] INFO ARENA1_FAST: running /home/j13/j13-ops/zangetsu_v3/scripts/arena1_full.py ...
2026-04-06 07:12:51 [Orchestrator] ERROR ARENA1_FAST: arena1_full.py exited 1: pts/arena1_full.py", line 52, in load_ohlcv
    conn = psycopg2.connect(DB_DSN)
           ^^^^^^^^^^^^^^^^^^^^^^^^
  File "/home/j13/j13-ops/zangetsu_v3/.venv/lib/python3.12/site-packages/psycopg2/__init__.py", line 122, in connect
    conn = _connect(dsn, connection_factory=connection_factory, **kwasync)
           ^^^^^^^^^^^^^^^^^^^^^^^^^^^^^^^^^^^^^^^^^^^^^^^^^^^^^^^^^^^^^^^
psycopg2.OperationalError: connection to server at "127.0.0.1", port 5432 failed: fe_sendauth: no password supplied


2026-04-06 07:12:51 [Orchestrator] INFO Launching PySR background: /home/j13/j13-ops/zangetsu_v3/scripts/arena1_pysr.py
2026-04-06 07:12:51 [Orchestrator] INFO PySR background launched (pid=191322)
2026-04-06 07:12:51 [Orchestrator] WARNING ARENA1_FAST: still missing candidates for 7 regimes: ['TOPPING', 'BOTTOMING', 'CONSOLIDATION', 'SQUEEZE', 'CHOPPY_VOLATILE', 'DISTRIBUTION', 'ACCUMULATION']
2026-04-06 07:12:51 [Orchestrator] INFO Sleeping 30s (state=ARENA1_FAST)...
2026-04-06 07:13:21 [Orchestrator] INFO ARENA1_FAST: starting factor candidate generation...
2026-04-06 07:13:21 [Orchestrator] INFO ARENA1_FAST: 4 regimes already have candidates: ['BULL_TREND', 'BEAR_TREND', 'BULL_PULLBACK', 'BEAR_RALLY']
2026-04-06 07:13:21 [Orchestrator] INFO ARENA1_FAST: 7 regimes need candidates: ['TOPPING', 'BOTTOMING', 'CONSOLIDATION', 'SQUEEZE', 'CHOPPY_VOLATILE', 'DISTRIBUTION', 'ACCUMULATION']
2026-04-06 07:13:21 [Orchestrator] INFO ARENA1_FAST: running /home/j13/j13-ops/zangetsu_v3/scripts/arena1_full.py ...
2026-04-06 07:13:27 [Orchestrator] ERROR ARENA1_FAST: arena1_full.py exited 1: pts/arena1_full.py", line 52, in load_ohlcv
    conn = psycopg2.connect(DB_DSN)
           ^^^^^^^^^^^^^^^^^^^^^^^^
  File "/home/j13/j13-ops/zangetsu_v3/.venv/lib/python3.12/site-packages/psycopg2/__init__.py", line 122, in connect
    conn = _connect(dsn, connection_factory=connection_factory, **kwasync)
           ^^^^^^^^^^^^^^^^^^^^^^^^^^^^^^^^^^^^^^^^^^^^^^^^^^^^^^^^^^^^^^^
psycopg2.OperationalError: connection to server at "127.0.0.1", port 5432 failed: fe_sendauth: no password supplied


2026-04-06 07:13:27 [Orchestrator] INFO Launching PySR background: /home/j13/j13-ops/zangetsu_v3/scripts/arena1_pysr.py
2026-04-06 07:13:27 [Orchestrator] INFO PySR background launched (pid=194079)
2026-04-06 07:13:28 [Orchestrator] WARNING ARENA1_FAST: still missing candidates for 7 regimes: ['TOPPING', 'BOTTOMING', 'CONSOLIDATION', 'SQUEEZE', 'CHOPPY_VOLATILE', 'DISTRIBUTION', 'ACCUMULATION']
2026-04-06 07:13:28 [Orchestrator] INFO Sleeping 30s (state=ARENA1_FAST)...
2026-04-06 07:13:58 [Orchestrator] INFO ARENA1_FAST: starting factor candidate generation...
2026-04-06 07:13:58 [Orchestrator] INFO ARENA1_FAST: 4 regimes already have candidates: ['BULL_TREND', 'BEAR_TREND', 'BULL_PULLBACK', 'BEAR_RALLY']
2026-04-06 07:13:58 [Orchestrator] INFO ARENA1_FAST: 7 regimes need candidates: ['TOPPING', 'BOTTOMING', 'CONSOLIDATION', 'SQUEEZE', 'CHOPPY_VOLATILE', 'DISTRIBUTION', 'ACCUMULATION']
2026-04-06 07:13:58 [Orchestrator] INFO ARENA1_FAST: running /home/j13/j13-ops/zangetsu_v3/scripts/arena1_full.py ...
2026-04-06 07:14:03 [Orchestrator] ERROR ARENA1_FAST: arena1_full.py exited 1: pts/arena1_full.py", line 52, in load_ohlcv
    conn = psycopg2.connect(DB_DSN)
           ^^^^^^^^^^^^^^^^^^^^^^^^
  File "/home/j13/j13-ops/zangetsu_v3/.venv/lib/python3.12/site-packages/psycopg2/__init__.py", line 122, in connect
    conn = _connect(dsn, connection_factory=connection_factory, **kwasync)
           ^^^^^^^^^^^^^^^^^^^^^^^^^^^^^^^^^^^^^^^^^^^^^^^^^^^^^^^^^^^^^^^
psycopg2.OperationalError: connection to server at "127.0.0.1", port 5432 failed: fe_sendauth: no password supplied


2026-04-06 07:14:03 [Orchestrator] INFO Launching PySR background: /home/j13/j13-ops/zangetsu_v3/scripts/arena1_pysr.py
2026-04-06 07:14:03 [Orchestrator] INFO PySR background launched (pid=196992)
2026-04-06 07:14:03 [Orchestrator] WARNING ARENA1_FAST: still missing candidates for 7 regimes: ['TOPPING', 'BOTTOMING', 'CONSOLIDATION', 'SQUEEZE', 'CHOPPY_VOLATILE', 'DISTRIBUTION', 'ACCUMULATION']
2026-04-06 07:14:03 [Orchestrator] INFO Sleeping 30s (state=ARENA1_FAST)...
2026-04-06 07:14:33 [Orchestrator] INFO ARENA1_FAST: starting factor candidate generation...
2026-04-06 07:14:33 [Orchestrator] INFO ARENA1_FAST: 4 regimes already have candidates: ['BULL_TREND', 'BEAR_TREND', 'BULL_PULLBACK', 'BEAR_RALLY']
2026-04-06 07:14:33 [Orchestrator] INFO ARENA1_FAST: 7 regimes need candidates: ['TOPPING', 'BOTTOMING', 'CONSOLIDATION', 'SQUEEZE', 'CHOPPY_VOLATILE', 'DISTRIBUTION', 'ACCUMULATION']
2026-04-06 07:14:33 [Orchestrator] INFO ARENA1_FAST: running /home/j13/j13-ops/zangetsu_v3/scripts/arena1_full.py ...
2026-04-06 07:14:38 [Orchestrator] ERROR ARENA1_FAST: arena1_full.py exited 1: pts/arena1_full.py", line 52, in load_ohlcv
    conn = psycopg2.connect(DB_DSN)
           ^^^^^^^^^^^^^^^^^^^^^^^^
  File "/home/j13/j13-ops/zangetsu_v3/.venv/lib/python3.12/site-packages/psycopg2/__init__.py", line 122, in connect
    conn = _connect(dsn, connection_factory=connection_factory, **kwasync)
           ^^^^^^^^^^^^^^^^^^^^^^^^^^^^^^^^^^^^^^^^^^^^^^^^^^^^^^^^^^^^^^^
psycopg2.OperationalError: connection to server at "127.0.0.1", port 5432 failed: fe_sendauth: no password supplied


2026-04-06 07:14:38 [Orchestrator] INFO Launching PySR background: /home/j13/j13-ops/zangetsu_v3/scripts/arena1_pysr.py
2026-04-06 07:14:38 [Orchestrator] INFO PySR background launched (pid=197491)
2026-04-06 07:14:38 [Orchestrator] WARNING ARENA1_FAST: still missing candidates for 7 regimes: ['TOPPING', 'BOTTOMING', 'CONSOLIDATION', 'SQUEEZE', 'CHOPPY_VOLATILE', 'DISTRIBUTION', 'ACCUMULATION']
2026-04-06 07:14:38 [Orchestrator] INFO Sleeping 30s (state=ARENA1_FAST)...
2026-04-06 07:15:08 [Orchestrator] INFO ARENA1_FAST: starting factor candidate generation...
2026-04-06 07:15:08 [Orchestrator] INFO ARENA1_FAST: 4 regimes already have candidates: ['BULL_TREND', 'BEAR_TREND', 'BULL_PULLBACK', 'BEAR_RALLY']
2026-04-06 07:15:08 [Orchestrator] INFO ARENA1_FAST: 7 regimes need candidates: ['TOPPING', 'BOTTOMING', 'CONSOLIDATION', 'SQUEEZE', 'CHOPPY_VOLATILE', 'DISTRIBUTION', 'ACCUMULATION']
2026-04-06 07:15:08 [Orchestrator] INFO ARENA1_FAST: running /home/j13/j13-ops/zangetsu_v3/scripts/arena1_full.py ...
2026-04-06 07:15:13 [Orchestrator] ERROR ARENA1_FAST: arena1_full.py exited 1: pts/arena1_full.py", line 52, in load_ohlcv
    conn = psycopg2.connect(DB_DSN)
           ^^^^^^^^^^^^^^^^^^^^^^^^
  File "/home/j13/j13-ops/zangetsu_v3/.venv/lib/python3.12/site-packages/psycopg2/__init__.py", line 122, in connect
    conn = _connect(dsn, connection_factory=connection_factory, **kwasync)
           ^^^^^^^^^^^^^^^^^^^^^^^^^^^^^^^^^^^^^^^^^^^^^^^^^^^^^^^^^^^^^^^
psycopg2.OperationalError: connection to server at "127.0.0.1", port 5432 failed: fe_sendauth: no password supplied


2026-04-06 07:15:13 [Orchestrator] INFO Launching PySR background: /home/j13/j13-ops/zangetsu_v3/scripts/arena1_pysr.py
2026-04-06 07:15:13 [Orchestrator] INFO PySR background launched (pid=198036)
2026-04-06 07:15:13 [Orchestrator] WARNING ARENA1_FAST: still missing candidates for 7 regimes: ['TOPPING', 'BOTTOMING', 'CONSOLIDATION', 'SQUEEZE', 'CHOPPY_VOLATILE', 'DISTRIBUTION', 'ACCUMULATION']
2026-04-06 07:15:13 [Orchestrator] INFO Sleeping 30s (state=ARENA1_FAST)...
2026-04-06 07:15:43 [Orchestrator] INFO ARENA1_FAST: starting factor candidate generation...
2026-04-06 07:15:43 [Orchestrator] INFO ARENA1_FAST: 4 regimes already have candidates: ['BULL_TREND', 'BEAR_TREND', 'BULL_PULLBACK', 'BEAR_RALLY']
2026-04-06 07:15:43 [Orchestrator] INFO ARENA1_FAST: 7 regimes need candidates: ['TOPPING', 'BOTTOMING', 'CONSOLIDATION', 'SQUEEZE', 'CHOPPY_VOLATILE', 'DISTRIBUTION', 'ACCUMULATION']
2026-04-06 07:15:43 [Orchestrator] INFO ARENA1_FAST: running /home/j13/j13-ops/zangetsu_v3/scripts/arena1_full.py ...
2026-04-06 07:15:48 [Orchestrator] ERROR ARENA1_FAST: arena1_full.py exited 1: pts/arena1_full.py", line 52, in load_ohlcv
    conn = psycopg2.connect(DB_DSN)
           ^^^^^^^^^^^^^^^^^^^^^^^^
  File "/home/j13/j13-ops/zangetsu_v3/.venv/lib/python3.12/site-packages/psycopg2/__init__.py", line 122, in connect
    conn = _connect(dsn, connection_factory=connection_factory, **kwasync)
           ^^^^^^^^^^^^^^^^^^^^^^^^^^^^^^^^^^^^^^^^^^^^^^^^^^^^^^^^^^^^^^^
psycopg2.OperationalError: connection to server at "127.0.0.1", port 5432 failed: fe_sendauth: no password supplied


2026-04-06 07:15:48 [Orchestrator] INFO Launching PySR background: /home/j13/j13-ops/zangetsu_v3/scripts/arena1_pysr.py
2026-04-06 07:15:48 [Orchestrator] INFO PySR background launched (pid=198575)
2026-04-06 07:15:48 [Orchestrator] WARNING ARENA1_FAST: still missing candidates for 7 regimes: ['TOPPING', 'BOTTOMING', 'CONSOLIDATION', 'SQUEEZE', 'CHOPPY_VOLATILE', 'DISTRIBUTION', 'ACCUMULATION']
2026-04-06 07:15:48 [Orchestrator] INFO Sleeping 30s (state=ARENA1_FAST)...
2026-04-06 07:16:18 [Orchestrator] INFO ARENA1_FAST: starting factor candidate generation...
2026-04-06 07:16:18 [Orchestrator] INFO ARENA1_FAST: 4 regimes already have candidates: ['BULL_TREND', 'BEAR_TREND', 'BULL_PULLBACK', 'BEAR_RALLY']
2026-04-06 07:16:18 [Orchestrator] INFO ARENA1_FAST: 7 regimes need candidates: ['TOPPING', 'BOTTOMING', 'CONSOLIDATION', 'SQUEEZE', 'CHOPPY_VOLATILE', 'DISTRIBUTION', 'ACCUMULATION']
2026-04-06 07:16:18 [Orchestrator] INFO ARENA1_FAST: running /home/j13/j13-ops/zangetsu_v3/scripts/arena1_full.py ...
2026-04-06 07:16:23 [Orchestrator] ERROR ARENA1_FAST: arena1_full.py exited 1: pts/arena1_full.py", line 52, in load_ohlcv
    conn = psycopg2.connect(DB_DSN)
           ^^^^^^^^^^^^^^^^^^^^^^^^
  File "/home/j13/j13-ops/zangetsu_v3/.venv/lib/python3.12/site-packages/psycopg2/__init__.py", line 122, in connect
    conn = _connect(dsn, connection_factory=connection_factory, **kwasync)
           ^^^^^^^^^^^^^^^^^^^^^^^^^^^^^^^^^^^^^^^^^^^^^^^^^^^^^^^^^^^^^^^
psycopg2.OperationalError: connection to server at "127.0.0.1", port 5432 failed: fe_sendauth: no password supplied


2026-04-06 07:16:23 [Orchestrator] INFO Launching PySR background: /home/j13/j13-ops/zangetsu_v3/scripts/arena1_pysr.py
2026-04-06 07:16:23 [Orchestrator] INFO PySR background launched (pid=199074)
2026-04-06 07:16:23 [Orchestrator] WARNING ARENA1_FAST: still missing candidates for 7 regimes: ['TOPPING', 'BOTTOMING', 'CONSOLIDATION', 'SQUEEZE', 'CHOPPY_VOLATILE', 'DISTRIBUTION', 'ACCUMULATION']
2026-04-06 07:16:23 [Orchestrator] INFO Sleeping 30s (state=ARENA1_FAST)...
2026-04-06 07:16:53 [Orchestrator] INFO ARENA1_FAST: starting factor candidate generation...
2026-04-06 07:16:53 [Orchestrator] INFO ARENA1_FAST: 4 regimes already have candidates: ['BULL_TREND', 'BEAR_TREND', 'BULL_PULLBACK', 'BEAR_RALLY']
2026-04-06 07:16:53 [Orchestrator] INFO ARENA1_FAST: 7 regimes need candidates: ['TOPPING', 'BOTTOMING', 'CONSOLIDATION', 'SQUEEZE', 'CHOPPY_VOLATILE', 'DISTRIBUTION', 'ACCUMULATION']
2026-04-06 07:16:53 [Orchestrator] INFO ARENA1_FAST: running /home/j13/j13-ops/zangetsu_v3/scripts/arena1_full.py ...
2026-04-06 07:16:58 [Orchestrator] ERROR ARENA1_FAST: arena1_full.py exited 1: pts/arena1_full.py", line 52, in load_ohlcv
    conn = psycopg2.connect(DB_DSN)
           ^^^^^^^^^^^^^^^^^^^^^^^^
  File "/home/j13/j13-ops/zangetsu_v3/.venv/lib/python3.12/site-packages/psycopg2/__init__.py", line 122, in connect
    conn = _connect(dsn, connection_factory=connection_factory, **kwasync)
           ^^^^^^^^^^^^^^^^^^^^^^^^^^^^^^^^^^^^^^^^^^^^^^^^^^^^^^^^^^^^^^^
psycopg2.OperationalError: connection to server at "127.0.0.1", port 5432 failed: fe_sendauth: no password supplied


2026-04-06 07:16:58 [Orchestrator] INFO Launching PySR background: /home/j13/j13-ops/zangetsu_v3/scripts/arena1_pysr.py
2026-04-06 07:16:58 [Orchestrator] INFO PySR background launched (pid=199609)
2026-04-06 07:16:58 [Orchestrator] WARNING ARENA1_FAST: still missing candidates for 7 regimes: ['TOPPING', 'BOTTOMING', 'CONSOLIDATION', 'SQUEEZE', 'CHOPPY_VOLATILE', 'DISTRIBUTION', 'ACCUMULATION']
2026-04-06 07:16:58 [Orchestrator] INFO Sleeping 30s (state=ARENA1_FAST)...
2026-04-06 07:17:28 [Orchestrator] INFO ARENA1_FAST: starting factor candidate generation...
2026-04-06 07:17:28 [Orchestrator] INFO ARENA1_FAST: 4 regimes already have candidates: ['BULL_TREND', 'BEAR_TREND', 'BULL_PULLBACK', 'BEAR_RALLY']
2026-04-06 07:17:28 [Orchestrator] INFO ARENA1_FAST: 7 regimes need candidates: ['TOPPING', 'BOTTOMING', 'CONSOLIDATION', 'SQUEEZE', 'CHOPPY_VOLATILE', 'DISTRIBUTION', 'ACCUMULATION']
2026-04-06 07:17:28 [Orchestrator] INFO ARENA1_FAST: running /home/j13/j13-ops/zangetsu_v3/scripts/arena1_full.py ...
2026-04-06 07:17:33 [Orchestrator] ERROR ARENA1_FAST: arena1_full.py exited 1: pts/arena1_full.py", line 52, in load_ohlcv
    conn = psycopg2.connect(DB_DSN)
           ^^^^^^^^^^^^^^^^^^^^^^^^
  File "/home/j13/j13-ops/zangetsu_v3/.venv/lib/python3.12/site-packages/psycopg2/__init__.py", line 122, in connect
    conn = _connect(dsn, connection_factory=connection_factory, **kwasync)
           ^^^^^^^^^^^^^^^^^^^^^^^^^^^^^^^^^^^^^^^^^^^^^^^^^^^^^^^^^^^^^^^
psycopg2.OperationalError: connection to server at "127.0.0.1", port 5432 failed: fe_sendauth: no password supplied


2026-04-06 07:17:33 [Orchestrator] INFO Launching PySR background: /home/j13/j13-ops/zangetsu_v3/scripts/arena1_pysr.py
2026-04-06 07:17:33 [Orchestrator] INFO PySR background launched (pid=200097)
2026-04-06 07:17:34 [Orchestrator] WARNING ARENA1_FAST: still missing candidates for 7 regimes: ['TOPPING', 'BOTTOMING', 'CONSOLIDATION', 'SQUEEZE', 'CHOPPY_VOLATILE', 'DISTRIBUTION', 'ACCUMULATION']
2026-04-06 07:17:34 [Orchestrator] INFO Sleeping 30s (state=ARENA1_FAST)...
2026-04-06 07:18:04 [Orchestrator] INFO ARENA1_FAST: starting factor candidate generation...
2026-04-06 07:18:04 [Orchestrator] INFO ARENA1_FAST: 4 regimes already have candidates: ['BULL_TREND', 'BEAR_TREND', 'BULL_PULLBACK', 'BEAR_RALLY']
2026-04-06 07:18:04 [Orchestrator] INFO ARENA1_FAST: 7 regimes need candidates: ['TOPPING', 'BOTTOMING', 'CONSOLIDATION', 'SQUEEZE', 'CHOPPY_VOLATILE', 'DISTRIBUTION', 'ACCUMULATION']
2026-04-06 07:18:04 [Orchestrator] INFO ARENA1_FAST: running /home/j13/j13-ops/zangetsu_v3/scripts/arena1_full.py ...
2026-04-06 07:18:08 [Orchestrator] ERROR ARENA1_FAST: arena1_full.py exited 1: pts/arena1_full.py", line 52, in load_ohlcv
    conn = psycopg2.connect(DB_DSN)
           ^^^^^^^^^^^^^^^^^^^^^^^^
  File "/home/j13/j13-ops/zangetsu_v3/.venv/lib/python3.12/site-packages/psycopg2/__init__.py", line 122, in connect
    conn = _connect(dsn, connection_factory=connection_factory, **kwasync)
           ^^^^^^^^^^^^^^^^^^^^^^^^^^^^^^^^^^^^^^^^^^^^^^^^^^^^^^^^^^^^^^^
psycopg2.OperationalError: connection to server at "127.0.0.1", port 5432 failed: fe_sendauth: no password supplied


2026-04-06 07:18:08 [Orchestrator] INFO Launching PySR background: /home/j13/j13-ops/zangetsu_v3/scripts/arena1_pysr.py
2026-04-06 07:18:08 [Orchestrator] INFO PySR background launched (pid=200619)
2026-04-06 07:18:09 [Orchestrator] WARNING ARENA1_FAST: still missing candidates for 7 regimes: ['TOPPING', 'BOTTOMING', 'CONSOLIDATION', 'SQUEEZE', 'CHOPPY_VOLATILE', 'DISTRIBUTION', 'ACCUMULATION']
2026-04-06 07:18:09 [Orchestrator] INFO Sleeping 30s (state=ARENA1_FAST)...
2026-04-06 07:18:39 [Orchestrator] INFO ARENA1_FAST: starting factor candidate generation...
2026-04-06 07:18:39 [Orchestrator] INFO ARENA1_FAST: 4 regimes already have candidates: ['BULL_TREND', 'BEAR_TREND', 'BULL_PULLBACK', 'BEAR_RALLY']
2026-04-06 07:18:39 [Orchestrator] INFO ARENA1_FAST: 7 regimes need candidates: ['TOPPING', 'BOTTOMING', 'CONSOLIDATION', 'SQUEEZE', 'CHOPPY_VOLATILE', 'DISTRIBUTION', 'ACCUMULATION']
2026-04-06 07:18:39 [Orchestrator] INFO ARENA1_FAST: running /home/j13/j13-ops/zangetsu_v3/scripts/arena1_full.py ...
2026-04-06 07:18:43 [Orchestrator] ERROR ARENA1_FAST: arena1_full.py exited 1: pts/arena1_full.py", line 52, in load_ohlcv
    conn = psycopg2.connect(DB_DSN)
           ^^^^^^^^^^^^^^^^^^^^^^^^
  File "/home/j13/j13-ops/zangetsu_v3/.venv/lib/python3.12/site-packages/psycopg2/__init__.py", line 122, in connect
    conn = _connect(dsn, connection_factory=connection_factory, **kwasync)
           ^^^^^^^^^^^^^^^^^^^^^^^^^^^^^^^^^^^^^^^^^^^^^^^^^^^^^^^^^^^^^^^
psycopg2.OperationalError: connection to server at "127.0.0.1", port 5432 failed: fe_sendauth: no password supplied


2026-04-06 07:18:43 [Orchestrator] INFO Launching PySR background: /home/j13/j13-ops/zangetsu_v3/scripts/arena1_pysr.py
2026-04-06 07:18:43 [Orchestrator] INFO PySR background launched (pid=201131)
2026-04-06 07:18:44 [Orchestrator] WARNING ARENA1_FAST: still missing candidates for 7 regimes: ['TOPPING', 'BOTTOMING', 'CONSOLIDATION', 'SQUEEZE', 'CHOPPY_VOLATILE', 'DISTRIBUTION', 'ACCUMULATION']
2026-04-06 07:18:44 [Orchestrator] INFO Sleeping 30s (state=ARENA1_FAST)...
2026-04-06 07:19:14 [Orchestrator] INFO ARENA1_FAST: starting factor candidate generation...
2026-04-06 07:19:14 [Orchestrator] INFO ARENA1_FAST: 4 regimes already have candidates: ['BULL_TREND', 'BEAR_TREND', 'BULL_PULLBACK', 'BEAR_RALLY']
2026-04-06 07:19:14 [Orchestrator] INFO ARENA1_FAST: 7 regimes need candidates: ['TOPPING', 'BOTTOMING', 'CONSOLIDATION', 'SQUEEZE', 'CHOPPY_VOLATILE', 'DISTRIBUTION', 'ACCUMULATION']
2026-04-06 07:19:14 [Orchestrator] INFO ARENA1_FAST: running /home/j13/j13-ops/zangetsu_v3/scripts/arena1_full.py ...
2026-04-06 07:19:19 [Orchestrator] ERROR ARENA1_FAST: arena1_full.py exited 1: pts/arena1_full.py", line 52, in load_ohlcv
    conn = psycopg2.connect(DB_DSN)
           ^^^^^^^^^^^^^^^^^^^^^^^^
  File "/home/j13/j13-ops/zangetsu_v3/.venv/lib/python3.12/site-packages/psycopg2/__init__.py", line 122, in connect
    conn = _connect(dsn, connection_factory=connection_factory, **kwasync)
           ^^^^^^^^^^^^^^^^^^^^^^^^^^^^^^^^^^^^^^^^^^^^^^^^^^^^^^^^^^^^^^^
psycopg2.OperationalError: connection to server at "127.0.0.1", port 5432 failed: fe_sendauth: no password supplied


2026-04-06 07:19:19 [Orchestrator] INFO Launching PySR background: /home/j13/j13-ops/zangetsu_v3/scripts/arena1_pysr.py
2026-04-06 07:19:19 [Orchestrator] INFO PySR background launched (pid=201674)
2026-04-06 07:19:19 [Orchestrator] WARNING ARENA1_FAST: still missing candidates for 7 regimes: ['TOPPING', 'BOTTOMING', 'CONSOLIDATION', 'SQUEEZE', 'CHOPPY_VOLATILE', 'DISTRIBUTION', 'ACCUMULATION']
2026-04-06 07:19:19 [Orchestrator] INFO Sleeping 30s (state=ARENA1_FAST)...
2026-04-06 07:19:49 [Orchestrator] INFO ARENA1_FAST: starting factor candidate generation...
2026-04-06 07:19:49 [Orchestrator] INFO ARENA1_FAST: 4 regimes already have candidates: ['BULL_TREND', 'BEAR_TREND', 'BULL_PULLBACK', 'BEAR_RALLY']
2026-04-06 07:19:49 [Orchestrator] INFO ARENA1_FAST: 7 regimes need candidates: ['TOPPING', 'BOTTOMING', 'CONSOLIDATION', 'SQUEEZE', 'CHOPPY_VOLATILE', 'DISTRIBUTION', 'ACCUMULATION']
2026-04-06 07:19:49 [Orchestrator] INFO ARENA1_FAST: running /home/j13/j13-ops/zangetsu_v3/scripts/arena1_full.py ...
2026-04-06 07:19:54 [Orchestrator] ERROR ARENA1_FAST: arena1_full.py exited 1: pts/arena1_full.py", line 52, in load_ohlcv
    conn = psycopg2.connect(DB_DSN)
           ^^^^^^^^^^^^^^^^^^^^^^^^
  File "/home/j13/j13-ops/zangetsu_v3/.venv/lib/python3.12/site-packages/psycopg2/__init__.py", line 122, in connect
    conn = _connect(dsn, connection_factory=connection_factory, **kwasync)
           ^^^^^^^^^^^^^^^^^^^^^^^^^^^^^^^^^^^^^^^^^^^^^^^^^^^^^^^^^^^^^^^
psycopg2.OperationalError: connection to server at "127.0.0.1", port 5432 failed: fe_sendauth: no password supplied


2026-04-06 07:19:54 [Orchestrator] INFO Launching PySR background: /home/j13/j13-ops/zangetsu_v3/scripts/arena1_pysr.py
2026-04-06 07:19:54 [Orchestrator] INFO PySR background launched (pid=202588)
2026-04-06 07:19:54 [Orchestrator] WARNING ARENA1_FAST: still missing candidates for 7 regimes: ['TOPPING', 'BOTTOMING', 'CONSOLIDATION', 'SQUEEZE', 'CHOPPY_VOLATILE', 'DISTRIBUTION', 'ACCUMULATION']
2026-04-06 07:19:54 [Orchestrator] INFO Sleeping 30s (state=ARENA1_FAST)...
2026-04-06 07:20:24 [Orchestrator] INFO ARENA1_FAST: starting factor candidate generation...
2026-04-06 07:20:24 [Orchestrator] INFO ARENA1_FAST: 4 regimes already have candidates: ['BULL_TREND', 'BEAR_TREND', 'BULL_PULLBACK', 'BEAR_RALLY']
2026-04-06 07:20:24 [Orchestrator] INFO ARENA1_FAST: 7 regimes need candidates: ['TOPPING', 'BOTTOMING', 'CONSOLIDATION', 'SQUEEZE', 'CHOPPY_VOLATILE', 'DISTRIBUTION', 'ACCUMULATION']
2026-04-06 07:20:24 [Orchestrator] INFO ARENA1_FAST: running /home/j13/j13-ops/zangetsu_v3/scripts/arena1_full.py ...
2026-04-06 07:20:29 [Orchestrator] ERROR ARENA1_FAST: arena1_full.py exited 1: pts/arena1_full.py", line 52, in load_ohlcv
    conn = psycopg2.connect(DB_DSN)
           ^^^^^^^^^^^^^^^^^^^^^^^^
  File "/home/j13/j13-ops/zangetsu_v3/.venv/lib/python3.12/site-packages/psycopg2/__init__.py", line 122, in connect
    conn = _connect(dsn, connection_factory=connection_factory, **kwasync)
           ^^^^^^^^^^^^^^^^^^^^^^^^^^^^^^^^^^^^^^^^^^^^^^^^^^^^^^^^^^^^^^^
psycopg2.OperationalError: connection to server at "127.0.0.1", port 5432 failed: fe_sendauth: no password supplied


2026-04-06 07:20:29 [Orchestrator] INFO Launching PySR background: /home/j13/j13-ops/zangetsu_v3/scripts/arena1_pysr.py
2026-04-06 07:20:29 [Orchestrator] INFO PySR background launched (pid=203217)
2026-04-06 07:20:29 [Orchestrator] WARNING ARENA1_FAST: still missing candidates for 7 regimes: ['TOPPING', 'BOTTOMING', 'CONSOLIDATION', 'SQUEEZE', 'CHOPPY_VOLATILE', 'DISTRIBUTION', 'ACCUMULATION']
2026-04-06 07:20:29 [Orchestrator] INFO Sleeping 30s (state=ARENA1_FAST)...
2026-04-06 07:20:59 [Orchestrator] INFO ARENA1_FAST: starting factor candidate generation...
2026-04-06 07:20:59 [Orchestrator] INFO ARENA1_FAST: 4 regimes already have candidates: ['BULL_TREND', 'BEAR_TREND', 'BULL_PULLBACK', 'BEAR_RALLY']
2026-04-06 07:20:59 [Orchestrator] INFO ARENA1_FAST: 7 regimes need candidates: ['TOPPING', 'BOTTOMING', 'CONSOLIDATION', 'SQUEEZE', 'CHOPPY_VOLATILE', 'DISTRIBUTION', 'ACCUMULATION']
2026-04-06 07:20:59 [Orchestrator] INFO ARENA1_FAST: running /home/j13/j13-ops/zangetsu_v3/scripts/arena1_full.py ...
2026-04-06 07:21:04 [Orchestrator] ERROR ARENA1_FAST: arena1_full.py exited 1: pts/arena1_full.py", line 52, in load_ohlcv
    conn = psycopg2.connect(DB_DSN)
           ^^^^^^^^^^^^^^^^^^^^^^^^
  File "/home/j13/j13-ops/zangetsu_v3/.venv/lib/python3.12/site-packages/psycopg2/__init__.py", line 122, in connect
    conn = _connect(dsn, connection_factory=connection_factory, **kwasync)
           ^^^^^^^^^^^^^^^^^^^^^^^^^^^^^^^^^^^^^^^^^^^^^^^^^^^^^^^^^^^^^^^
psycopg2.OperationalError: connection to server at "127.0.0.1", port 5432 failed: fe_sendauth: no password supplied


2026-04-06 07:21:04 [Orchestrator] INFO Launching PySR background: /home/j13/j13-ops/zangetsu_v3/scripts/arena1_pysr.py
2026-04-06 07:21:04 [Orchestrator] INFO PySR background launched (pid=203725)
2026-04-06 07:21:04 [Orchestrator] WARNING ARENA1_FAST: still missing candidates for 7 regimes: ['TOPPING', 'BOTTOMING', 'CONSOLIDATION', 'SQUEEZE', 'CHOPPY_VOLATILE', 'DISTRIBUTION', 'ACCUMULATION']
2026-04-06 07:21:04 [Orchestrator] INFO Sleeping 30s (state=ARENA1_FAST)...
2026-04-06 07:21:34 [Orchestrator] INFO ARENA1_FAST: starting factor candidate generation...
2026-04-06 07:21:34 [Orchestrator] INFO ARENA1_FAST: 4 regimes already have candidates: ['BULL_TREND', 'BEAR_TREND', 'BULL_PULLBACK', 'BEAR_RALLY']
2026-04-06 07:21:34 [Orchestrator] INFO ARENA1_FAST: 7 regimes need candidates: ['TOPPING', 'BOTTOMING', 'CONSOLIDATION', 'SQUEEZE', 'CHOPPY_VOLATILE', 'DISTRIBUTION', 'ACCUMULATION']
2026-04-06 07:21:34 [Orchestrator] INFO ARENA1_FAST: running /home/j13/j13-ops/zangetsu_v3/scripts/arena1_full.py ...
2026-04-06 07:21:39 [Orchestrator] ERROR ARENA1_FAST: arena1_full.py exited 1: pts/arena1_full.py", line 52, in load_ohlcv
    conn = psycopg2.connect(DB_DSN)
           ^^^^^^^^^^^^^^^^^^^^^^^^
  File "/home/j13/j13-ops/zangetsu_v3/.venv/lib/python3.12/site-packages/psycopg2/__init__.py", line 122, in connect
    conn = _connect(dsn, connection_factory=connection_factory, **kwasync)
           ^^^^^^^^^^^^^^^^^^^^^^^^^^^^^^^^^^^^^^^^^^^^^^^^^^^^^^^^^^^^^^^
psycopg2.OperationalError: connection to server at "127.0.0.1", port 5432 failed: fe_sendauth: no password supplied


2026-04-06 07:21:39 [Orchestrator] INFO Launching PySR background: /home/j13/j13-ops/zangetsu_v3/scripts/arena1_pysr.py
2026-04-06 07:21:39 [Orchestrator] INFO PySR background launched (pid=204229)
2026-04-06 07:21:39 [Orchestrator] WARNING ARENA1_FAST: still missing candidates for 7 regimes: ['TOPPING', 'BOTTOMING', 'CONSOLIDATION', 'SQUEEZE', 'CHOPPY_VOLATILE', 'DISTRIBUTION', 'ACCUMULATION']
2026-04-06 07:21:39 [Orchestrator] INFO Sleeping 30s (state=ARENA1_FAST)...
2026-04-06 07:22:09 [Orchestrator] INFO ARENA1_FAST: starting factor candidate generation...
2026-04-06 07:22:09 [Orchestrator] INFO ARENA1_FAST: 4 regimes already have candidates: ['BULL_TREND', 'BEAR_TREND', 'BULL_PULLBACK', 'BEAR_RALLY']
2026-04-06 07:22:09 [Orchestrator] INFO ARENA1_FAST: 7 regimes need candidates: ['TOPPING', 'BOTTOMING', 'CONSOLIDATION', 'SQUEEZE', 'CHOPPY_VOLATILE', 'DISTRIBUTION', 'ACCUMULATION']
2026-04-06 07:22:09 [Orchestrator] INFO ARENA1_FAST: running /home/j13/j13-ops/zangetsu_v3/scripts/arena1_full.py ...
2026-04-06 07:22:14 [Orchestrator] ERROR ARENA1_FAST: arena1_full.py exited 1: pts/arena1_full.py", line 52, in load_ohlcv
    conn = psycopg2.connect(DB_DSN)
           ^^^^^^^^^^^^^^^^^^^^^^^^
  File "/home/j13/j13-ops/zangetsu_v3/.venv/lib/python3.12/site-packages/psycopg2/__init__.py", line 122, in connect
    conn = _connect(dsn, connection_factory=connection_factory, **kwasync)
           ^^^^^^^^^^^^^^^^^^^^^^^^^^^^^^^^^^^^^^^^^^^^^^^^^^^^^^^^^^^^^^^
psycopg2.OperationalError: connection to server at "127.0.0.1", port 5432 failed: fe_sendauth: no password supplied


2026-04-06 07:22:14 [Orchestrator] INFO Launching PySR background: /home/j13/j13-ops/zangetsu_v3/scripts/arena1_pysr.py
2026-04-06 07:22:14 [Orchestrator] INFO PySR background launched (pid=204763)
2026-04-06 07:22:14 [Orchestrator] WARNING ARENA1_FAST: still missing candidates for 7 regimes: ['TOPPING', 'BOTTOMING', 'CONSOLIDATION', 'SQUEEZE', 'CHOPPY_VOLATILE', 'DISTRIBUTION', 'ACCUMULATION']
2026-04-06 07:22:14 [Orchestrator] INFO Sleeping 30s (state=ARENA1_FAST)...
2026-04-06 07:22:44 [Orchestrator] INFO ARENA1_FAST: starting factor candidate generation...
2026-04-06 07:22:44 [Orchestrator] INFO ARENA1_FAST: 4 regimes already have candidates: ['BULL_TREND', 'BEAR_TREND', 'BULL_PULLBACK', 'BEAR_RALLY']
2026-04-06 07:22:44 [Orchestrator] INFO ARENA1_FAST: 7 regimes need candidates: ['TOPPING', 'BOTTOMING', 'CONSOLIDATION', 'SQUEEZE', 'CHOPPY_VOLATILE', 'DISTRIBUTION', 'ACCUMULATION']
2026-04-06 07:22:44 [Orchestrator] INFO ARENA1_FAST: running /home/j13/j13-ops/zangetsu_v3/scripts/arena1_full.py ...
2026-04-06 07:22:49 [Orchestrator] ERROR ARENA1_FAST: arena1_full.py exited 1: pts/arena1_full.py", line 52, in load_ohlcv
    conn = psycopg2.connect(DB_DSN)
           ^^^^^^^^^^^^^^^^^^^^^^^^
  File "/home/j13/j13-ops/zangetsu_v3/.venv/lib/python3.12/site-packages/psycopg2/__init__.py", line 122, in connect
    conn = _connect(dsn, connection_factory=connection_factory, **kwasync)
           ^^^^^^^^^^^^^^^^^^^^^^^^^^^^^^^^^^^^^^^^^^^^^^^^^^^^^^^^^^^^^^^
psycopg2.OperationalError: connection to server at "127.0.0.1", port 5432 failed: fe_sendauth: no password supplied


2026-04-06 07:22:49 [Orchestrator] INFO Launching PySR background: /home/j13/j13-ops/zangetsu_v3/scripts/arena1_pysr.py
2026-04-06 07:22:49 [Orchestrator] INFO PySR background launched (pid=205357)
2026-04-06 07:22:49 [Orchestrator] WARNING ARENA1_FAST: still missing candidates for 7 regimes: ['TOPPING', 'BOTTOMING', 'CONSOLIDATION', 'SQUEEZE', 'CHOPPY_VOLATILE', 'DISTRIBUTION', 'ACCUMULATION']
2026-04-06 07:22:49 [Orchestrator] INFO Sleeping 30s (state=ARENA1_FAST)...
2026-04-06 07:23:19 [Orchestrator] INFO ARENA1_FAST: starting factor candidate generation...
2026-04-06 07:23:20 [Orchestrator] INFO ARENA1_FAST: 4 regimes already have candidates: ['BULL_TREND', 'BEAR_TREND', 'BULL_PULLBACK', 'BEAR_RALLY']
2026-04-06 07:23:20 [Orchestrator] INFO ARENA1_FAST: 7 regimes need candidates: ['TOPPING', 'BOTTOMING', 'CONSOLIDATION', 'SQUEEZE', 'CHOPPY_VOLATILE', 'DISTRIBUTION', 'ACCUMULATION']
2026-04-06 07:23:20 [Orchestrator] INFO ARENA1_FAST: running /home/j13/j13-ops/zangetsu_v3/scripts/arena1_full.py ...
2026-04-06 07:23:24 [Orchestrator] ERROR ARENA1_FAST: arena1_full.py exited 1: pts/arena1_full.py", line 52, in load_ohlcv
    conn = psycopg2.connect(DB_DSN)
           ^^^^^^^^^^^^^^^^^^^^^^^^
  File "/home/j13/j13-ops/zangetsu_v3/.venv/lib/python3.12/site-packages/psycopg2/__init__.py", line 122, in connect
    conn = _connect(dsn, connection_factory=connection_factory, **kwasync)
           ^^^^^^^^^^^^^^^^^^^^^^^^^^^^^^^^^^^^^^^^^^^^^^^^^^^^^^^^^^^^^^^
psycopg2.OperationalError: connection to server at "127.0.0.1", port 5432 failed: fe_sendauth: no password supplied


2026-04-06 07:23:24 [Orchestrator] INFO Launching PySR background: /home/j13/j13-ops/zangetsu_v3/scripts/arena1_pysr.py
2026-04-06 07:23:24 [Orchestrator] INFO PySR background launched (pid=206433)
2026-04-06 07:23:24 [Orchestrator] WARNING ARENA1_FAST: still missing candidates for 7 regimes: ['TOPPING', 'BOTTOMING', 'CONSOLIDATION', 'SQUEEZE', 'CHOPPY_VOLATILE', 'DISTRIBUTION', 'ACCUMULATION']
2026-04-06 07:23:24 [Orchestrator] INFO Sleeping 30s (state=ARENA1_FAST)...
2026-04-06 07:23:54 [Orchestrator] INFO ARENA1_FAST: starting factor candidate generation...
2026-04-06 07:23:54 [Orchestrator] INFO ARENA1_FAST: 4 regimes already have candidates: ['BULL_TREND', 'BEAR_TREND', 'BULL_PULLBACK', 'BEAR_RALLY']
2026-04-06 07:23:54 [Orchestrator] INFO ARENA1_FAST: 7 regimes need candidates: ['TOPPING', 'BOTTOMING', 'CONSOLIDATION', 'SQUEEZE', 'CHOPPY_VOLATILE', 'DISTRIBUTION', 'ACCUMULATION']
2026-04-06 07:23:54 [Orchestrator] INFO ARENA1_FAST: running /home/j13/j13-ops/zangetsu_v3/scripts/arena1_full.py ...
2026-04-06 07:24:00 [Orchestrator] ERROR ARENA1_FAST: arena1_full.py exited 1: pts/arena1_full.py", line 52, in load_ohlcv
    conn = psycopg2.connect(DB_DSN)
           ^^^^^^^^^^^^^^^^^^^^^^^^
  File "/home/j13/j13-ops/zangetsu_v3/.venv/lib/python3.12/site-packages/psycopg2/__init__.py", line 122, in connect
    conn = _connect(dsn, connection_factory=connection_factory, **kwasync)
           ^^^^^^^^^^^^^^^^^^^^^^^^^^^^^^^^^^^^^^^^^^^^^^^^^^^^^^^^^^^^^^^
psycopg2.OperationalError: connection to server at "127.0.0.1", port 5432 failed: fe_sendauth: no password supplied


2026-04-06 07:24:00 [Orchestrator] INFO Launching PySR background: /home/j13/j13-ops/zangetsu_v3/scripts/arena1_pysr.py
2026-04-06 07:24:00 [Orchestrator] INFO PySR background launched (pid=207318)
2026-04-06 07:24:00 [Orchestrator] WARNING ARENA1_FAST: still missing candidates for 7 regimes: ['TOPPING', 'BOTTOMING', 'CONSOLIDATION', 'SQUEEZE', 'CHOPPY_VOLATILE', 'DISTRIBUTION', 'ACCUMULATION']
2026-04-06 07:24:00 [Orchestrator] INFO Sleeping 30s (state=ARENA1_FAST)...
