17:20:04 [INFO] Zangetsu V3 — Production Pipeline
17:20:04 [INFO] Symbols: ['BTCUSDT', 'ETHUSDT', 'BNBUSDT', 'SOLUSDT', 'XRPUSDT', 'DOGEUSDT']
17:20:04 [INFO] Training: 18mo, Embargo: 90d, Holdout: 10mo
17:20:04 [INFO] Search: 1000 gen, 8 threads
17:20:04 [INFO] Timeframe: 1m (raw)
17:20:04 [INFO] 
17:20:04 [INFO] ============================================================
17:20:04 [INFO] SYMBOL: BTCUSDT
17:20:04 [INFO] ============================================================
17:20:05 [INFO]   BTCUSDT: 777601 1m bars (2024-10-05 00:00:00 to 2026-03-29 00:00:00)
17:20:05 [INFO]   S01 features: (777601, 10) cols=['open', 'high', 'low', 'close', 'volume', 'timestamp', 'rolling_return', 'realized_vol', 'volume_zscore', 'range_zscore']
17:20:05 [INFO]   S02 split: train=216000 embargo=129600 holdout=432001
17:20:05 [INFO]   S03 normalizer fit on 216000 rows
17:20:12 [WARNING] Model is not converging.  Current: 2654138.3134299996 is not greater than 3476161.8326370623. Delta is -822023.5192070627
17:20:19 [WARNING] Model is not converging.  Current: 2682166.5298929713 is not greater than 4568128.431714805. Delta is -1885961.9018218336
17:20:22 [WARNING] Model is not converging.  Current: 2681877.6461349525 is not greater than 4531972.268557839. Delta is -1850094.6224228865
17:20:22 [INFO]   S04 regime: 5 states (BIC selected)
17:20:22 [INFO]   S05 predictor: active_regime=3 conf=0.883
17:20:45 [INFO]   S06 factors: (215951, 15) (after NaN drop + normalize)
17:20:45 [INFO]   Factor stds (post-norm): min=0.658 max=2.387 mean=1.459
17:20:45 [INFO]   Regime distribution: {1: 8708, 2: 72218, 3: 133682, 4: 1343}
17:20:45 [INFO]   Viable regimes (>10797 bars): [3, 2]
17:20:49 [INFO]   Fix2: median_signal_std=2.711596, entry_range=[1.355798, 8.134789], exit_range=[0.271160, 4.067394]
17:20:49 [INFO]   Fix2 verify: midpoint tpd=27.33, active_bars=27898, sharpe=-9.75
17:20:49 [INFO]   S07 search: regime 3 (61.9% of train), 1000 gen...
17:23:46 [INFO]     regime 3: 99 elites, best_fitness=2.4544, time=176.7s, qd_final=-271.98
17:23:46 [INFO]   S07 search: regime 2 (33.4% of train), 1000 gen...
17:26:34 [INFO]     regime 2: 120 elites, best_fitness=2.0816, time=167.9s, qd_final=-306.37
17:26:34 [INFO]   Best regime: 3, fitness=2.4544
17:26:34 [INFO]   Params: {'entry_thr': 8.134788633246508, 'exit_thr': 2.743879637093268, 'stop_mult': 4.224700177142577, 'pos_frac': 0.17434534401162238, 'hold_max': 480}
17:26:34 [INFO]   S08 Gate1: FAIL (trimmed_min=0.0000, sos=0.0000)
17:26:34 [INFO]   S08 Gate2 (DSR): PASS (sharpe=2.4544, dsr=0.0885, trials=219, active_bars=64)
17:27:19 [INFO]   S08 Gate3 (holdout): FAIL (sharpe=-0.5629, dd=0.0121) reason=FAILED: sharpe=-0.563<=0.5; max_dd=0.0121>=0.0032; tpd_dev=1.87>=1.0
17:27:19 [INFO]   GATES: FAILED_HOLDOUT
17:27:19 [INFO]   S09 card exported: strategies/v3-btcusdt-202604041720
17:27:19 [INFO]   S10 SKIP live replay: gates did not pass
17:27:19 [INFO] ============================================================
17:27:19 [INFO] SYMBOL: ETHUSDT
17:27:19 [INFO] ============================================================
17:27:20 [INFO]   ETHUSDT: 777601 1m bars (2024-10-05 00:00:00 to 2026-03-29 00:00:00)
17:27:20 [INFO]   S01 features: (777601, 10) cols=['open', 'high', 'low', 'close', 'volume', 'timestamp', 'rolling_return', 'realized_vol', 'volume_zscore', 'range_zscore']
17:27:20 [INFO]   S02 split: train=216000 embargo=129600 holdout=432001
17:27:20 [INFO]   S03 normalizer fit on 216000 rows
17:27:24 [WARNING] Model is not converging.  Current: 2555685.0360165257 is not greater than 3418842.748130018. Delta is -863157.7121134922
17:27:28 [WARNING] Model is not converging.  Current: 2574800.6772619467 is not greater than 4434984.113267704. Delta is -1860183.4360057572
17:27:32 [WARNING] Model is not converging.  Current: 2607978.403290174 is not greater than 4464467.3690466285. Delta is -1856488.9657564545
17:27:32 [INFO]   S04 regime: 5 states (BIC selected)
17:27:32 [INFO]   S05 predictor: active_regime=3 conf=0.883
17:27:54 [INFO]   S06 factors: (215951, 15) (after NaN drop + normalize)
17:27:54 [INFO]   Factor stds (post-norm): min=0.654 max=2.454 mean=1.473
17:27:54 [INFO]   Regime distribution: {1: 7274, 2: 80033, 3: 127305, 4: 1339}
17:27:54 [INFO]   Viable regimes (>10797 bars): [3, 2]
17:27:58 [INFO]   Fix2: median_signal_std=2.734800, entry_range=[1.367400, 8.204399], exit_range=[0.273480, 4.102199]
17:27:58 [INFO]   Fix2 verify: midpoint tpd=27.46, active_bars=27929, sharpe=-5.24
17:27:58 [INFO]   S07 search: regime 3 (59.0% of train), 1000 gen...
17:30:44 [INFO]     regime 3: 130 elites, best_fitness=2.8127, time=165.8s, qd_final=-362.68
17:30:44 [INFO]   S07 search: regime 2 (37.1% of train), 1000 gen...
17:33:33 [INFO]     regime 2: 135 elites, best_fitness=3.3134, time=169.4s, qd_final=-364.54
17:33:33 [INFO]   Best regime: 2, fitness=3.3134
17:33:33 [INFO]   Params: {'entry_thr': 8.20439897662072, 'exit_thr': 4.062667712428668, 'stop_mult': 5.0, 'pos_frac': 0.25, 'hold_max': 480}
17:33:33 [INFO]   S08 Gate1: FAIL (trimmed_min=0.0058, sos=0.0003)
17:33:33 [INFO]   S08 Gate2 (DSR): PASS (sharpe=3.3134, dsr=1.0000, trials=265, active_bars=894)
17:34:18 [INFO]   S08 Gate3 (holdout): FAIL (sharpe=-1.9221, dd=0.0780) reason=FAILED: sharpe=-1.922<=0.5; max_dd=0.0780>=0.0174
17:34:18 [INFO]   GATES: FAILED_HOLDOUT
17:34:18 [INFO]   S09 card exported: strategies/v3-ethusdt-202604041727
17:34:18 [INFO]   S10 SKIP live replay: gates did not pass
17:34:18 [INFO] ============================================================
17:34:18 [INFO] SYMBOL: BNBUSDT
17:34:18 [INFO] ============================================================
17:34:19 [INFO]   BNBUSDT: 777601 1m bars (2024-10-05 00:00:00 to 2026-03-29 00:00:00)
17:34:19 [INFO]   S01 features: (777601, 10) cols=['open', 'high', 'low', 'close', 'volume', 'timestamp', 'rolling_return', 'realized_vol', 'volume_zscore', 'range_zscore']
17:34:19 [INFO]   S02 split: train=216000 embargo=129600 holdout=432001
17:34:19 [INFO]   S03 normalizer fit on 216000 rows
17:34:23 [WARNING] Model is not converging.  Current: 2609507.7898296597 is not greater than 3116942.4221852254. Delta is -507434.63235556567
17:34:29 [WARNING] Model is not converging.  Current: 2649021.4272456197 is not greater than 3553097.674646782. Delta is -904076.2474011625
17:34:32 [WARNING] Model is not converging.  Current: 2646606.18747156 is not greater than 4461073.490498315. Delta is -1814467.3030267544
17:34:32 [INFO]   S04 regime: 5 states (BIC selected)
17:34:32 [INFO]   S05 predictor: active_regime=3 conf=0.837
17:34:54 [INFO]   S06 factors: (215951, 15) (after NaN drop + normalize)
17:34:54 [INFO]   Factor stds (post-norm): min=0.662 max=2.485 mean=1.473
17:34:54 [INFO]   Regime distribution: {1: 9551, 2: 72062, 3: 132819, 4: 1519}
17:34:54 [INFO]   Viable regimes (>10797 bars): [3, 2]
17:34:58 [INFO]   Fix2: median_signal_std=2.721052, entry_range=[1.360526, 8.163157], exit_range=[0.272105, 4.081579]
17:34:58 [INFO]   Fix2 verify: midpoint tpd=29.90, active_bars=27897, sharpe=-8.26
17:34:58 [INFO]   S07 search: regime 3 (61.5% of train), 1000 gen...
17:37:42 [INFO]     regime 3: 105 elites, best_fitness=5.3668, time=164.1s, qd_final=-294.49
17:37:42 [INFO]   S07 search: regime 2 (33.4% of train), 1000 gen...
17:40:26 [INFO]     regime 2: 130 elites, best_fitness=3.9614, time=163.4s, qd_final=-313.21
17:40:26 [INFO]   Best regime: 3, fitness=5.3668
17:40:26 [INFO]   Params: {'entry_thr': 8.163157165348162, 'exit_thr': 0.2721052388449387, 'stop_mult': 5.0, 'pos_frac': 0.25, 'hold_max': 10}
17:40:26 [INFO]   S08 Gate1: FAIL (trimmed_min=0.0000, sos=0.0001)
17:40:26 [INFO]   S08 Gate2 (DSR): PASS (sharpe=5.3668, dsr=1.0000, trials=235, active_bars=186)
17:41:10 [INFO]   S08 Gate3 (holdout): FAIL (sharpe=1.0270, dd=0.0255) reason=FAILED: max_dd=0.0255>=0.0038; tpd_dev=3.53>=1.0
17:41:10 [INFO]   GATES: FAILED_HOLDOUT
17:41:10 [INFO]   S09 card exported: strategies/v3-bnbusdt-202604041734
17:41:10 [INFO]   S10 SKIP live replay: gates did not pass
17:41:10 [INFO] ============================================================
17:41:10 [INFO] SYMBOL: SOLUSDT
17:41:10 [INFO] ============================================================
17:41:11 [INFO]   SOLUSDT: 777601 1m bars (2024-10-05 00:00:00 to 2026-03-29 00:00:00)
17:41:11 [INFO]   S01 features: (777601, 10) cols=['open', 'high', 'low', 'close', 'volume', 'timestamp', 'rolling_return', 'realized_vol', 'volume_zscore', 'range_zscore']
17:41:11 [INFO]   S02 split: train=216000 embargo=129600 holdout=432001
17:41:11 [INFO]   S03 normalizer fit on 216000 rows
17:41:15 [WARNING] Model is not converging.  Current: 2499999.892022677 is not greater than 3673094.4910714063. Delta is -1173094.599048729
17:41:20 [WARNING] Model is not converging.  Current: 4391060.107267001 is not greater than 4428871.235687957. Delta is -37811.12842095643
17:41:24 [WARNING] Model is not converging.  Current: 2531606.5965545587 is not greater than 3001016.4994698963. Delta is -469409.9029153376
17:41:24 [INFO]   S04 regime: 5 states (BIC selected)
17:41:24 [INFO]   S05 predictor: active_regime=0 conf=1.000
17:41:46 [INFO]   S06 factors: (215951, 15) (after NaN drop + normalize)
17:41:46 [INFO]   Factor stds (post-norm): min=0.660 max=2.085 mean=1.426
17:41:46 [INFO]   Regime distribution: {1: 8907, 2: 92414, 3: 112287, 4: 2343}
17:41:46 [INFO]   Viable regimes (>10797 bars): [3, 2]
17:41:50 [INFO]   Fix2: median_signal_std=2.645163, entry_range=[1.322581, 7.935488], exit_range=[0.264516, 3.967744]
17:41:50 [INFO]   Fix2 verify: midpoint tpd=26.79, active_bars=27310, sharpe=-6.26
17:41:50 [INFO]   S07 search: regime 3 (52.0% of train), 1000 gen...
17:44:41 [INFO]     regime 3: 191 elites, best_fitness=2.2832, time=171.3s, qd_final=-449.05
17:44:41 [INFO]   S07 search: regime 2 (42.8% of train), 1000 gen...
17:47:31 [INFO]     regime 2: 231 elites, best_fitness=6.4111, time=169.7s, qd_final=-340.74
17:47:31 [INFO]   Best regime: 2, fitness=6.4111
17:47:31 [INFO]   Params: {'entry_thr': 7.93548784854975, 'exit_thr': 0.26451626161832503, 'stop_mult': 5.0, 'pos_frac': 0.020878098462995806, 'hold_max': 480}
17:47:31 [INFO]   S08 Gate1: FAIL (trimmed_min=0.0016, sos=0.0001)
17:47:31 [INFO]   S08 Gate2 (DSR): PASS (sharpe=6.4111, dsr=1.0000, trials=422, active_bars=27317)
17:48:15 [INFO]   S08 Gate3 (holdout): FAIL (sharpe=-2.8874, dd=0.0249) reason=FAILED: sharpe=-2.887<=0.5; max_dd=0.0249>=0.0047
17:48:15 [INFO]   GATES: FAILED_HOLDOUT
17:48:15 [INFO]   S09 card exported: strategies/v3-solusdt-202604041741
17:48:15 [INFO]   S10 SKIP live replay: gates did not pass
17:48:15 [INFO] ============================================================
17:48:15 [INFO] SYMBOL: XRPUSDT
17:48:15 [INFO] ============================================================
17:48:17 [INFO]   XRPUSDT: 777601 1m bars (2024-10-05 00:00:00 to 2026-03-29 00:00:00)
17:48:17 [INFO]   S01 features: (777601, 10) cols=['open', 'high', 'low', 'close', 'volume', 'timestamp', 'rolling_return', 'realized_vol', 'volume_zscore', 'range_zscore']
17:48:17 [INFO]   S02 split: train=216000 embargo=129600 holdout=432001
17:48:17 [INFO]   S03 normalizer fit on 216000 rows
17:48:21 [WARNING] Model is not converging.  Current: 2430823.9959236104 is not greater than 2852917.8544277367. Delta is -422093.8585041263
17:48:27 [WARNING] Model is not converging.  Current: 2479297.099964148 is not greater than 3554111.2936439756. Delta is -1074814.1936798277
17:48:30 [WARNING] Model is not converging.  Current: 2461273.363376152 is not greater than 2807027.4956458462. Delta is -345754.13226969447
17:48:30 [INFO]   S04 regime: 5 states (BIC selected)
17:48:30 [INFO]   S05 predictor: active_regime=2 conf=0.650
17:48:52 [INFO]   S06 factors: (215951, 15) (after NaN drop + normalize)
17:48:52 [INFO]   Factor stds (post-norm): min=0.655 max=2.244 mean=1.604
17:48:52 [INFO]   Regime distribution: {1: 30881, 2: 80081, 3: 103563, 4: 1426}
17:48:52 [INFO]   Viable regimes (>10797 bars): [3, 2, 1]
17:48:56 [INFO]   Fix2: median_signal_std=2.964812, entry_range=[1.482406, 8.894437], exit_range=[0.296481, 4.447218]
17:48:56 [INFO]   Fix2 verify: midpoint tpd=19.44, active_bars=19948, sharpe=-1.67
17:48:56 [INFO]   S07 search: regime 3 (48.0% of train), 1000 gen...
17:51:52 [INFO]     regime 3: 315 elites, best_fitness=4.3731, time=176.1s, qd_final=-304.29
17:51:52 [INFO]   S07 search: regime 2 (37.1% of train), 1000 gen...
17:54:52 [INFO]     regime 2: 296 elites, best_fitness=3.6653, time=180.1s, qd_final=-370.59
17:54:52 [INFO]   S07 search: regime 1 (14.3% of train), 1000 gen...
17:58:01 [INFO]     regime 1: 311 elites, best_fitness=5.3850, time=188.7s, qd_final=-305.81
17:58:01 [INFO]   Best regime: 1, fitness=5.3850
17:58:01 [INFO]   Params: {'entry_thr': 8.894436804498728, 'exit_thr': 0.29648122681662425, 'stop_mult': 5.0, 'pos_frac': 0.23314294920093012, 'hold_max': 480}
17:58:01 [INFO]   S08 Gate1: FAIL (trimmed_min=0.0247, sos=0.0353)
17:58:01 [INFO]   S08 Gate2 (DSR): PASS (sharpe=5.3850, dsr=1.0000, trials=922, active_bars=142238)
17:58:45 [INFO]   S08 Gate3 (holdout): FAIL (sharpe=-4.1928, dd=0.6254) reason=FAILED: sharpe=-4.193<=0.5; max_dd=0.6254>=0.1609
17:58:45 [INFO]   GATES: FAILED_HOLDOUT
17:58:45 [INFO]   S09 card exported: strategies/v3-xrpusdt-202604041748
17:58:45 [INFO]   S10 SKIP live replay: gates did not pass
17:58:45 [INFO] ============================================================
17:58:45 [INFO] SYMBOL: DOGEUSDT
17:58:45 [INFO] ============================================================
17:58:47 [INFO]   DOGEUSDT: 777601 1m bars (2024-10-05 00:00:00 to 2026-03-29 00:00:00)
17:58:47 [INFO]   S01 features: (777601, 10) cols=['open', 'high', 'low', 'close', 'volume', 'timestamp', 'rolling_return', 'realized_vol', 'volume_zscore', 'range_zscore']
17:58:47 [INFO]   S02 split: train=216000 embargo=129600 holdout=432001
17:58:47 [INFO]   S03 normalizer fit on 216000 rows
17:58:50 [WARNING] Model is not converging.  Current: 2433139.6484320387 is not greater than 2977358.6632176293. Delta is -544219.0147855906
17:58:57 [WARNING] Model is not converging.  Current: 2475208.039381637 is not greater than 4319922.535223504. Delta is -1844714.4958418668
17:59:04 [WARNING] Model is not converging.  Current: 2480167.430887422 is not greater than 2968595.104506204. Delta is -488427.67361878185
17:59:05 [INFO]   S04 regime: 5 states (BIC selected)
17:59:05 [INFO]   S05 predictor: active_regime=4 conf=0.883
17:59:27 [INFO]   S06 factors: (215951, 15) (after NaN drop + normalize)
17:59:27 [INFO]   Factor stds (post-norm): min=0.653 max=2.174 mean=1.561
17:59:27 [INFO]   Regime distribution: {1: 7132, 2: 89609, 3: 1268, 4: 117942}
17:59:27 [INFO]   Viable regimes (>10797 bars): [4, 2]
17:59:31 [INFO]   Fix2: median_signal_std=2.890766, entry_range=[1.445383, 8.672299], exit_range=[0.289077, 4.336149]
17:59:31 [INFO]   Fix2 verify: midpoint tpd=22.95, active_bars=26556, sharpe=-3.76
17:59:31 [INFO]   S07 search: regime 4 (54.6% of train), 1000 gen...
18:02:33 [INFO]     regime 4: 270 elites, best_fitness=5.0101, time=182.2s, qd_final=-356.03
18:02:33 [INFO]   S07 search: regime 2 (41.5% of train), 1000 gen...
18:05:42 [INFO]     regime 2: 242 elites, best_fitness=2.7216, time=189.3s, qd_final=-477.15
18:05:42 [INFO]   Best regime: 4, fitness=5.0101
18:05:42 [INFO]   Params: {'entry_thr': 8.672298998063898, 'exit_thr': 0.2890766332687966, 'stop_mult': 3.4900088554314346, 'pos_frac': 0.01, 'hold_max': 480}
18:05:42 [INFO]   S08 Gate1: FAIL (trimmed_min=0.0002, sos=0.0000)
18:05:42 [INFO]   S08 Gate2 (DSR): PASS (sharpe=5.0101, dsr=1.0000, trials=512, active_bars=31475)
18:06:27 [INFO]   S08 Gate3 (holdout): FAIL (sharpe=-0.7460, dd=0.0092) reason=FAILED: sharpe=-0.746<=0.5; max_dd=0.0092>=0.0042
18:06:27 [INFO]   GATES: FAILED_HOLDOUT
18:06:27 [INFO]   S09 card exported: strategies/v3-dogeusdt-202604041758
18:06:27 [INFO]   S10 SKIP live replay: gates did not pass
18:06:27 [INFO] 
18:06:27 [INFO] ======================================================================
18:06:27 [INFO] PRODUCTION PIPELINE SUMMARY
18:06:27 [INFO] ======================================================================
18:06:27 [INFO]   BTCUSDT      FAILED_HOLDOUT     train_sharpe=2.4544 holdout_sharpe=-0.5629 regimes=5 best=3 time=435s
18:06:27 [INFO]   ETHUSDT      FAILED_HOLDOUT     train_sharpe=3.3134 holdout_sharpe=-1.9221 regimes=5 best=2 time=419s
18:06:27 [INFO]   BNBUSDT      FAILED_HOLDOUT     train_sharpe=5.3668 holdout_sharpe=1.0270 regimes=5 best=3 time=412s
18:06:27 [INFO]   SOLUSDT      FAILED_HOLDOUT     train_sharpe=6.4111 holdout_sharpe=-2.8874 regimes=5 best=2 time=425s
18:06:27 [INFO]   XRPUSDT      FAILED_HOLDOUT     train_sharpe=5.3850 holdout_sharpe=-4.1928 regimes=5 best=1 time=630s
18:06:27 [INFO]   DOGEUSDT     FAILED_HOLDOUT     train_sharpe=5.0101 holdout_sharpe=-0.7460 regimes=5 best=4 time=462s
18:06:27 [INFO] 
Summary saved: strategies/run-20260404T1806.json
18:06:27 [INFO] 
0/6 strategies passed all gates
