11:14:32 [INFO] Zangetsu V3 — Production Pipeline
11:14:32 [INFO] Symbols: ['BTCUSDT', 'ETHUSDT', 'BNBUSDT', 'SOLUSDT', 'XRPUSDT', 'DOGEUSDT']
11:14:32 [INFO] Training: 18mo, Embargo: 90d, Holdout: 10mo
11:14:32 [INFO] Search: 1000 gen, 20 threads
11:14:32 [INFO] Resample: 60m
11:14:32 [INFO] 
11:14:32 [INFO] ============================================================
11:14:32 [INFO] SYMBOL: BTCUSDT
11:14:32 [INFO] ============================================================
11:14:34 [INFO]   BTCUSDT: 777601 1m bars → 12961 1h bars (2024-10-05 00:00:00 to 2026-03-29 00:00:00)
11:14:34 [INFO]   S01 features: (12961, 10) cols=['timestamp', 'open', 'high', 'low', 'close', 'volume', 'rolling_return', 'realized_vol', 'volume_zscore', 'range_zscore']
11:14:34 [INFO]   S02 split: train=3600 embargo=2160 holdout=7201
11:14:34 [INFO]   S03 normalizer fit on 3600 rows
11:14:34 [WARNING] Model is not converging.  Current: 32805.19898675213 is not greater than 61870.500713244146. Delta is -29065.301726492013
11:14:35 [WARNING] Model is not converging.  Current: 33042.58561097188 is not greater than 43513.7175499057. Delta is -10471.131938933817
11:14:35 [WARNING] Model is not converging.  Current: 33012.60186375993 is not greater than 53764.20921399918. Delta is -20751.607350239246
11:14:36 [WARNING] Model is not converging.  Current: 36407.165723965874 is not greater than 62247.56533075071. Delta is -25840.399606784835
11:14:36 [WARNING] Model is not converging.  Current: 32445.127856650335 is not greater than 44656.6582576995. Delta is -12211.530401049164
11:14:37 [WARNING] Model is not converging.  Current: 32335.381428471017 is not greater than 37726.24110823513. Delta is -5390.859679764115
11:14:37 [INFO]   S04 regime: 4 states (BIC selected)
11:14:37 [INFO]   S05 predictor: active_regime=0 conf=1.000
11:14:37 [INFO]   S06 factors: (3551, 15) (after NaN warmup drop)
11:14:37 [INFO]   Regime distribution: {1: 322, 2: 1306, 3: 1923}
11:14:37 [INFO]   S07 search: regime 3 (54.2% of train), 1000 gen...
11:15:05 [INFO]     regime 3: 76 elites, best_fitness=2.4306, time=27.8s, qd_final=-106.01
11:15:05 [INFO]   S07 search: regime 2 (36.8% of train), 1000 gen...
11:15:26 [INFO]     regime 2: 95 elites, best_fitness=2.1204, time=21.2s, qd_final=-274.65
11:15:26 [INFO]   S07 search: regime 1 (9.1% of train), 1000 gen...
11:15:47 [INFO]     regime 1: 56 elites, best_fitness=2.5880, time=21.1s, qd_final=-24.22
11:15:47 [INFO]   Best regime: 1, fitness=2.5880
11:15:47 [INFO]   Params: {'entry_thr': 0.01, 'exit_thr': 5.0, 'stop_mult': 10.0, 'pos_frac': 1.0, 'hold_max': 25}
11:15:48 [INFO]   S08 Gate1: FAIL (trimmed_min=0.0363, sos=0.0835)
11:15:48 [INFO]   S08 Gate2 (DSR): FAIL (sharpe=2.5880, dsr=0.0000, trials=227)
11:15:49 [INFO]   S08 Gate3 (holdout): FAIL (sharpe=-2.7076, dd=0.9985) reason=FAILED: sharpe=-2.708<=0.5; max_dd=0.9985>=0.3249
11:15:49 [INFO]   GATES: FAILED_HOLDOUT
11:15:49 [INFO]   S09 card exported: strategies/v3-btcusdt-202604041114
11:15:49 [INFO]   S10 SKIP live replay: gates did not pass
11:15:49 [INFO] ============================================================
11:15:49 [INFO] SYMBOL: ETHUSDT
11:15:49 [INFO] ============================================================
11:15:50 [INFO]   ETHUSDT: 777601 1m bars → 12961 1h bars (2024-10-05 00:00:00 to 2026-03-29 00:00:00)
11:15:50 [INFO]   S01 features: (12961, 10) cols=['timestamp', 'open', 'high', 'low', 'close', 'volume', 'rolling_return', 'realized_vol', 'volume_zscore', 'range_zscore']
11:15:50 [INFO]   S02 split: train=3600 embargo=2160 holdout=7201
11:15:50 [INFO]   S03 normalizer fit on 3600 rows
11:15:51 [WARNING] Model is not converging.  Current: 31351.246015787194 is not greater than 45204.86084700763. Delta is -13853.614831220435
11:15:51 [WARNING] Model is not converging.  Current: 31689.122090408677 is not greater than 59681.07359631976. Delta is -27991.95150591108
11:15:52 [WARNING] Model is not converging.  Current: 35743.057554271174 is not greater than 59876.19579742805. Delta is -24133.138243156878
11:15:52 [WARNING] Model is not converging.  Current: 30667.373346997985 is not greater than 42481.25562777246. Delta is -11813.882280774473
11:15:53 [WARNING] Model is not converging.  Current: 31734.315584631026 is not greater than 59524.266943908246. Delta is -27789.95135927722
11:15:53 [WARNING] Model is not converging.  Current: 30862.22218038256 is not greater than 40916.92403980037. Delta is -10054.701859417808
11:15:53 [INFO]   S04 regime: 4 states (BIC selected)
11:15:53 [INFO]   S05 predictor: active_regime=0 conf=1.000
11:15:53 [INFO]   S06 factors: (3551, 15) (after NaN warmup drop)
11:15:53 [INFO]   Regime distribution: {1: 220, 2: 1474, 3: 1857}
11:15:53 [INFO]   S07 search: regime 3 (52.3% of train), 1000 gen...
11:16:15 [INFO]     regime 3: 71 elites, best_fitness=2.4795, time=21.5s, qd_final=-41.44
11:16:15 [INFO]   S07 search: regime 2 (41.5% of train), 1000 gen...
11:16:32 [INFO]     regime 2: 81 elites, best_fitness=2.2178, time=17.4s, qd_final=-126.78
11:16:32 [INFO]   S07 search: regime 1 (6.2% of train), 1000 gen...
11:16:48 [INFO]     regime 1: 43 elites, best_fitness=2.9162, time=15.8s, qd_final=20.45
11:16:48 [INFO]   Best regime: 1, fitness=2.9162
11:16:48 [INFO]   Params: {'entry_thr': 7.732418117841561, 'exit_thr': 2.1048711327754956, 'stop_mult': 0.5, 'pos_frac': 0.01, 'hold_max': 14}
11:16:48 [INFO]   S08 Gate1: FAIL (trimmed_min=0.0007, sos=0.0000)
11:16:48 [INFO]   S08 Gate2 (DSR): PASS (sharpe=2.9162, dsr=1.0000, trials=195)
11:16:49 [INFO]   S08 Gate3 (holdout): FAIL (sharpe=0.4851, dd=0.0020) reason=FAILED: sharpe=0.485<=0.5
11:16:49 [INFO]   GATES: FAILED_HOLDOUT
11:16:49 [INFO]   S09 card exported: strategies/v3-ethusdt-202604041115
11:16:49 [INFO]   S10 SKIP live replay: gates did not pass
11:16:49 [INFO] ============================================================
11:16:49 [INFO] SYMBOL: BNBUSDT
11:16:49 [INFO] ============================================================
11:16:50 [INFO]   BNBUSDT: 777601 1m bars → 12961 1h bars (2024-10-05 00:00:00 to 2026-03-29 00:00:00)
11:16:50 [INFO]   S01 features: (12961, 10) cols=['timestamp', 'open', 'high', 'low', 'close', 'volume', 'rolling_return', 'realized_vol', 'volume_zscore', 'range_zscore']
11:16:50 [INFO]   S02 split: train=3600 embargo=2160 holdout=7201
11:16:50 [INFO]   S03 normalizer fit on 3600 rows
11:16:50 [WARNING] Model is not converging.  Current: 32070.37861878023 is not greater than 41746.14618665189. Delta is -9675.767567871659
11:16:51 [WARNING] Model is not converging.  Current: 32308.066746403005 is not greater than 60889.296321258866. Delta is -28581.22957485586
11:16:51 [WARNING] Model is not converging.  Current: 32576.571455037178 is not greater than 47848.40702586801. Delta is -15271.83557083083
11:16:52 [WARNING] Model is not converging.  Current: 31862.838460560877 is not greater than 42701.45925877351. Delta is -10838.620798212633
11:16:52 [WARNING] Model is not converging.  Current: 31853.20648627836 is not greater than 60863.61126057492. Delta is -29010.404774296563
11:16:53 [WARNING] Model is not converging.  Current: 37234.90206755089 is not greater than 40558.95348962093. Delta is -3324.0514220700425
11:16:53 [INFO]   S04 regime: 8 states (BIC selected)
11:16:53 [INFO]   S05 predictor: active_regime=7 conf=0.837
11:16:53 [INFO]   S06 factors: (3551, 15) (after NaN warmup drop)
11:16:53 [INFO]   Regime distribution: {1: 9, 2: 1116, 3: 46, 4: 424, 5: 15, 6: 102, 7: 1839}
11:16:53 [INFO]   S07 search: regime 7 (51.8% of train), 1000 gen...
11:17:16 [INFO]     regime 7: 74 elites, best_fitness=1.9241, time=22.9s, qd_final=-138.03
11:17:16 [INFO]   S07 search: regime 2 (31.4% of train), 1000 gen...
11:17:39 [INFO]     regime 2: 118 elites, best_fitness=6.6363, time=22.6s, qd_final=-193.02
11:17:39 [INFO]   S07 search: regime 4 (11.9% of train), 1000 gen...
11:18:02 [INFO]     regime 4: 182 elites, best_fitness=11.8825, time=22.8s, qd_final=-1170.56
11:18:02 [INFO]   S07 search: regime 6 (2.9% of train), 1000 gen...
11:18:24 [INFO]     regime 6: 63 elites, best_fitness=4.8880, time=22.7s, qd_final=-117.33
11:18:24 [INFO]   Best regime: 4, fitness=11.8825
11:18:24 [INFO]   Params: {'entry_thr': 0.01, 'exit_thr': 3.0152964010345, 'stop_mult': 0.5, 'pos_frac': 1.0, 'hold_max': 1}
11:18:24 [INFO]   S08 Gate1: FAIL (trimmed_min=0.2647, sos=0.0145)
11:18:24 [INFO]   S08 Gate2 (DSR): PASS (sharpe=11.8825, dsr=1.0000, trials=437)
11:18:25 [INFO]   S08 Gate3 (holdout): FAIL (sharpe=16.3058, dd=0.0049) reason=FAILED: max_dd=0.0049>=0.0018
11:18:25 [INFO]   GATES: FAILED_HOLDOUT
11:18:25 [INFO]   S09 card exported: strategies/v3-bnbusdt-202604041116
11:18:25 [INFO]   S10 SKIP live replay: gates did not pass
11:18:25 [INFO] ============================================================
11:18:25 [INFO] SYMBOL: SOLUSDT
11:18:25 [INFO] ============================================================
11:18:26 [INFO]   SOLUSDT: 777601 1m bars → 12961 1h bars (2024-10-05 00:00:00 to 2026-03-29 00:00:00)
11:18:26 [INFO]   S01 features: (12961, 10) cols=['timestamp', 'open', 'high', 'low', 'close', 'volume', 'rolling_return', 'realized_vol', 'volume_zscore', 'range_zscore']
11:18:26 [INFO]   S02 split: train=3600 embargo=2160 holdout=7201
11:18:26 [INFO]   S03 normalizer fit on 3600 rows
11:18:26 [WARNING] Model is not converging.  Current: 30284.36283697861 is not greater than 37276.85089549209. Delta is -6992.4880585134815
11:18:27 [WARNING] Model is not converging.  Current: 30861.67100384771 is not greater than 38578.03699011539. Delta is -7716.36598626768
11:18:27 [WARNING] Model is not converging.  Current: 30013.548297594596 is not greater than 39019.25891108941. Delta is -9005.710613494815
11:18:28 [WARNING] Model is not converging.  Current: 30550.930330168703 is not greater than 57175.82393283356. Delta is -26624.89360266486
11:18:28 [WARNING] Model is not converging.  Current: 30181.558874534374 is not greater than 36980.41274503243. Delta is -6798.8538704980565
11:18:29 [WARNING] Model is not converging.  Current: 29827.254474910576 is not greater than 46380.59550182853. Delta is -16553.341026917955
11:18:29 [INFO]   S04 regime: 4 states (BIC selected)
11:18:29 [INFO]   S05 predictor: active_regime=0 conf=1.000
11:18:29 [INFO]   S06 factors: (3551, 15) (after NaN warmup drop)
11:18:29 [INFO]   Regime distribution: {1: 79, 2: 1665, 3: 1807}
11:18:29 [INFO]   S07 search: regime 3 (50.9% of train), 1000 gen...
11:18:52 [INFO]     regime 3: 71 elites, best_fitness=1.4807, time=23.1s, qd_final=-145.30
11:18:52 [INFO]   S07 search: regime 2 (46.9% of train), 1000 gen...
11:19:15 [INFO]     regime 2: 85 elites, best_fitness=2.4066, time=22.6s, qd_final=-144.93
11:19:15 [INFO]   S07 search: regime 1 (2.2% of train), 1000 gen...
11:19:37 [INFO]     regime 1: 46 elites, best_fitness=2.7207, time=22.3s, qd_final=14.13
11:19:37 [INFO]   Best regime: 1, fitness=2.7207
11:19:37 [INFO]   Params: {'entry_thr': 4.084501992171866, 'exit_thr': 0.001, 'stop_mult': 5.0156456365315245, 'pos_frac': 1.0, 'hold_max': 13}
11:19:37 [INFO]   S08 Gate1: FAIL (trimmed_min=0.0766, sos=0.1361)
11:19:37 [INFO]   S08 Gate2 (DSR): PASS (sharpe=2.7207, dsr=0.0932, trials=202)
11:19:38 [INFO]   S08 Gate3 (holdout): FAIL (sharpe=0.0109, dd=0.4283) reason=FAILED: sharpe=0.011<=0.5; max_dd=0.4283>=0.3629
11:19:38 [INFO]   GATES: FAILED_HOLDOUT
11:19:38 [INFO]   S09 card exported: strategies/v3-solusdt-202604041118
11:19:38 [INFO]   S10 SKIP live replay: gates did not pass
11:19:38 [INFO] ============================================================
11:19:38 [INFO] SYMBOL: XRPUSDT
11:19:38 [INFO] ============================================================
11:19:39 [INFO]   XRPUSDT: 777601 1m bars → 12961 1h bars (2024-10-05 00:00:00 to 2026-03-29 00:00:00)
11:19:39 [INFO]   S01 features: (12961, 10) cols=['timestamp', 'open', 'high', 'low', 'close', 'volume', 'rolling_return', 'realized_vol', 'volume_zscore', 'range_zscore']
11:19:39 [INFO]   S02 split: train=3600 embargo=2160 holdout=7201
11:19:39 [INFO]   S03 normalizer fit on 3600 rows
11:19:39 [WARNING] Model is not converging.  Current: 29267.456241816246 is not greater than 56635.03560525541. Delta is -27367.579363439167
11:19:40 [WARNING] Model is not converging.  Current: 29476.16121816226 is not greater than 56821.0659216254. Delta is -27344.90470346314
11:19:40 [WARNING] Model is not converging.  Current: 29696.919016553165 is not greater than 35492.25223903655. Delta is -5795.333222483383
11:19:41 [WARNING] Model is not converging.  Current: 29159.944710314976 is not greater than 38305.61822129617. Delta is -9145.673510981196
11:19:41 [WARNING] Model is not converging.  Current: 29451.673083077265 is not greater than 57197.81695117428. Delta is -27746.143868097017
11:19:42 [WARNING] Model is not converging.  Current: 29650.715883284756 is not greater than 57217.154928983764. Delta is -27566.439045699008
11:19:42 [INFO]   S04 regime: 5 states (BIC selected)
11:19:42 [INFO]   S05 predictor: active_regime=0 conf=1.000
11:19:42 [INFO]   S06 factors: (3551, 15) (after NaN warmup drop)
11:19:42 [INFO]   Regime distribution: {1: 88, 2: 1361, 3: 255, 4: 1847}
11:19:42 [INFO]   S07 search: regime 4 (52.0% of train), 1000 gen...
11:20:05 [INFO]     regime 4: 82 elites, best_fitness=4.2017, time=22.7s, qd_final=10.71
11:20:05 [INFO]   S07 search: regime 2 (38.3% of train), 1000 gen...
11:20:27 [INFO]     regime 2: 85 elites, best_fitness=4.3062, time=22.6s, qd_final=28.86
11:20:27 [INFO]   S07 search: regime 3 (7.2% of train), 1000 gen...
11:20:49 [INFO]     regime 3: 135 elites, best_fitness=8.3764, time=21.9s, qd_final=-483.53
11:20:49 [INFO]   S07 search: regime 1 (2.5% of train), 1000 gen...
11:21:12 [INFO]     regime 1: 64 elites, best_fitness=3.6203, time=22.3s, qd_final=-8.12
11:21:12 [INFO]   Best regime: 3, fitness=8.3764
11:21:12 [INFO]   Params: {'entry_thr': 0.01, 'exit_thr': 0.001, 'stop_mult': 10.0, 'pos_frac': 1.0, 'hold_max': 1}
11:21:12 [INFO]   S08 Gate1: FAIL (trimmed_min=0.1249, sos=0.0093)
11:21:12 [INFO]   S08 Gate2 (DSR): PASS (sharpe=8.3764, dsr=1.0000, trials=366)
11:21:13 [INFO]   S08 Gate3 (holdout): FAIL (sharpe=13.6797, dd=0.0099) reason=FAILED: max_dd=0.0099>=0.0008
11:21:13 [INFO]   GATES: FAILED_HOLDOUT
11:21:13 [INFO]   S09 card exported: strategies/v3-xrpusdt-202604041119
11:21:13 [INFO]   S10 SKIP live replay: gates did not pass
11:21:13 [INFO] ============================================================
11:21:13 [INFO] SYMBOL: DOGEUSDT
11:21:13 [INFO] ============================================================
11:21:14 [INFO]   DOGEUSDT: 777601 1m bars → 12961 1h bars (2024-10-05 00:00:00 to 2026-03-29 00:00:00)
11:21:14 [INFO]   S01 features: (12961, 10) cols=['timestamp', 'open', 'high', 'low', 'close', 'volume', 'rolling_return', 'realized_vol', 'volume_zscore', 'range_zscore']
11:21:14 [INFO]   S02 split: train=3600 embargo=2160 holdout=7201
11:21:14 [INFO]   S03 normalizer fit on 3600 rows
11:21:14 [WARNING] Model is not converging.  Current: 29493.452093635595 is not greater than 39550.026133057385. Delta is -10056.57403942179
11:21:15 [WARNING] Model is not converging.  Current: 29963.79971547982 is not greater than 39180.88799433421. Delta is -9217.08827885439
11:21:15 [WARNING] Model is not converging.  Current: 29929.433338380877 is not greater than 49047.94928965966. Delta is -19118.51595127878
11:21:16 [WARNING] Model is not converging.  Current: 29077.6662044816 is not greater than 36778.086820733915. Delta is -7700.420616252315
11:21:16 [WARNING] Model is not converging.  Current: 29313.905766203432 is not greater than 37500.002308545896. Delta is -8186.096542342464
11:21:16 [WARNING] Model is not converging.  Current: 27382.741491127457 is not greater than 31498.011109239877. Delta is -4115.269618112419
11:21:16 [INFO]   S04 regime: 4 states (BIC selected)
11:21:16 [INFO]   S05 predictor: active_regime=0 conf=1.000
11:21:17 [INFO]   S06 factors: (3551, 15) (after NaN warmup drop)
11:21:17 [INFO]   Regime distribution: {1: 99, 2: 1615, 3: 1837}
11:21:17 [INFO]   S07 search: regime 3 (51.7% of train), 1000 gen...
11:21:39 [INFO]     regime 3: 55 elites, best_fitness=1.8613, time=22.2s, qd_final=-38.48
11:21:39 [INFO]   S07 search: regime 2 (45.5% of train), 1000 gen...
11:22:02 [INFO]     regime 2: 80 elites, best_fitness=3.2626, time=22.5s, qd_final=32.02
11:22:02 [INFO]   S07 search: regime 1 (2.8% of train), 1000 gen...
11:22:24 [INFO]     regime 1: 61 elites, best_fitness=2.3091, time=22.2s, qd_final=-18.66
11:22:24 [INFO]   Best regime: 2, fitness=3.2626
11:22:24 [INFO]   Params: {'entry_thr': 10.0, 'exit_thr': 0.001, 'stop_mult': 8.498494925533402, 'pos_frac': 0.17466209495041396, 'hold_max': 5}
11:22:24 [INFO]   S08 Gate1: FAIL (trimmed_min=0.0123, sos=0.0108)
11:22:24 [INFO]   S08 Gate2 (DSR): PASS (sharpe=3.2626, dsr=1.0000, trials=196)
11:22:25 [INFO]   S08 Gate3 (holdout): FAIL (sharpe=-1.1148, dd=0.1769) reason=FAILED: sharpe=-1.115<=0.5; max_dd=0.1769>=0.1354
11:22:25 [INFO]   GATES: FAILED_HOLDOUT
11:22:25 [INFO]   S09 card exported: strategies/v3-dogeusdt-202604041121
11:22:25 [INFO]   S10 SKIP live replay: gates did not pass
11:22:25 [INFO] 
11:22:25 [INFO] ======================================================================
11:22:25 [INFO] PRODUCTION PIPELINE SUMMARY
11:22:25 [INFO] ======================================================================
11:22:25 [INFO]   BTCUSDT      FAILED_HOLDOUT     train_sharpe=2.5880 holdout_sharpe=-2.7076 regimes=4 best=1 time=76s
11:22:25 [INFO]   ETHUSDT      FAILED_HOLDOUT     train_sharpe=2.9162 holdout_sharpe=0.4851 regimes=4 best=1 time=60s
11:22:25 [INFO]   BNBUSDT      FAILED_HOLDOUT     train_sharpe=11.8825 holdout_sharpe=16.3058 regimes=8 best=4 time=96s
11:22:25 [INFO]   SOLUSDT      FAILED_HOLDOUT     train_sharpe=2.7207 holdout_sharpe=0.0109 regimes=4 best=1 time=73s
11:22:25 [INFO]   XRPUSDT      FAILED_HOLDOUT     train_sharpe=8.3764 holdout_sharpe=13.6797 regimes=5 best=3 time=95s
11:22:25 [INFO]   DOGEUSDT     FAILED_HOLDOUT     train_sharpe=3.2626 holdout_sharpe=-1.1148 regimes=4 best=2 time=72s
11:22:25 [INFO] 
Summary saved: strategies/run-20260404T1122.json
11:22:25 [INFO] 
0/6 strategies passed all gates
