12:54:40 [INFO] Zangetsu V3 — Production Pipeline
12:54:40 [INFO] Symbols: ['BTCUSDT', 'ETHUSDT', 'BNBUSDT', 'SOLUSDT', 'XRPUSDT', 'DOGEUSDT']
12:54:40 [INFO] Training: 18mo, Embargo: 90d, Holdout: 10mo
12:54:40 [INFO] Search: 1000 gen, 20 threads
12:54:40 [INFO] Timeframe: 1m (raw)
12:54:40 [INFO] 
12:54:40 [INFO] ============================================================
12:54:40 [INFO] SYMBOL: BTCUSDT
12:54:40 [INFO] ============================================================
12:54:42 [INFO]   BTCUSDT: 777601 1m bars (2024-10-05 00:00:00 to 2026-03-29 00:00:00)
12:54:42 [INFO]   S01 features: (777601, 10) cols=['open', 'high', 'low', 'close', 'volume', 'timestamp', 'rolling_return', 'realized_vol', 'volume_zscore', 'range_zscore']
12:54:42 [INFO]   S02 split: train=216000 embargo=129600 holdout=432001
12:54:42 [INFO]   S03 normalizer fit on 216000 rows
12:54:48 [WARNING] Model is not converging.  Current: 2654138.313448292 is not greater than 3476162.363737477. Delta is -822024.0502891848
12:54:53 [WARNING] Model is not converging.  Current: 2682166.5298929713 is not greater than 4568128.431714805. Delta is -1885961.9018218336
12:54:57 [WARNING] Model is not converging.  Current: 2681877.6461349525 is not greater than 4531972.268557839. Delta is -1850094.6224228865
12:55:03 [WARNING] Model is not converging.  Current: 2681528.065707806 is not greater than 4508933.777296148. Delta is -1827405.7115883422
12:55:08 [WARNING] Model is not converging.  Current: 2649031.534170105 is not greater than 3289065.28340984. Delta is -640033.7492397348
12:55:13 [WARNING] Model is not converging.  Current: 2666213.7332532685 is not greater than 3810405.76153338. Delta is -1144192.0282801115
12:55:14 [INFO]   S04 regime: 8 states (BIC selected)
12:55:14 [INFO]   S05 predictor: active_regime=6 conf=0.323
12:55:36 [INFO]   S06 factors: (215951, 15) (after NaN warmup drop)
12:55:36 [INFO]   Regime distribution: {1: 49797, 2: 6171, 3: 2371, 4: 68470, 5: 25, 6: 88356, 7: 761}
12:55:36 [INFO]   S07 search: regime 6 (40.9% of train), 1000 gen...
12:58:53 [INFO]     regime 6: 168 elites, best_fitness=0.3236, time=197.5s, qd_final=-454.01
12:58:53 [INFO]   S07 search: regime 4 (31.7% of train), 1000 gen...
13:02:06 [INFO]     regime 4: 162 elites, best_fitness=-0.1737, time=192.2s, qd_final=-461.94
13:02:06 [INFO]   S07 search: regime 1 (23.1% of train), 1000 gen...
13:05:17 [INFO]     regime 1: 172 elites, best_fitness=1.2867, time=191.0s, qd_final=-479.05
13:05:17 [INFO]   S07 search: regime 2 (2.9% of train), 1000 gen...
13:08:27 [INFO]     regime 2: 154 elites, best_fitness=0.9781, time=190.8s, qd_final=-427.87
13:08:27 [INFO]   Best regime: 1, fitness=1.2867
13:08:27 [INFO]   Params: {'entry_thr': 0.9419469313408072, 'exit_thr': 0.05, 'stop_mult': 5.0, 'pos_frac': 0.3, 'hold_max': 480}
13:08:28 [INFO]   S08 Gate1: FAIL (trimmed_min=-0.0077, sos=0.0107)
13:08:28 [INFO]   S08 Gate2 (DSR): FAIL (sharpe=1.2867, dsr=0.0000, trials=656)
13:09:12 [INFO]   S08 Gate3 (holdout): FAIL (sharpe=-4.8744, dd=0.5958) reason=FAILED: sharpe=-4.874<=0.5; max_dd=0.5958>=0.1173
13:09:12 [INFO]   GATES: FAILED_HOLDOUT
13:09:12 [INFO]   S09 card exported: strategies/v3-btcusdt-202604041254
13:09:12 [INFO]   S10 SKIP live replay: gates did not pass
13:09:12 [INFO] ============================================================
13:09:12 [INFO] SYMBOL: ETHUSDT
13:09:12 [INFO] ============================================================
13:09:13 [INFO]   ETHUSDT: 777601 1m bars (2024-10-05 00:00:00 to 2026-03-29 00:00:00)
13:09:13 [INFO]   S01 features: (777601, 10) cols=['open', 'high', 'low', 'close', 'volume', 'timestamp', 'rolling_return', 'realized_vol', 'volume_zscore', 'range_zscore']
13:09:13 [INFO]   S02 split: train=216000 embargo=129600 holdout=432001
13:09:13 [INFO]   S03 normalizer fit on 216000 rows
13:09:16 [WARNING] Model is not converging.  Current: 2555685.0360165257 is not greater than 3418842.748130018. Delta is -863157.7121134922
13:09:20 [WARNING] Model is not converging.  Current: 2574800.6772619467 is not greater than 4434984.113267704. Delta is -1860183.4360057572
13:09:24 [WARNING] Model is not converging.  Current: 2607978.403290174 is not greater than 4464467.3690466285. Delta is -1856488.9657564545
13:09:28 [WARNING] Model is not converging.  Current: 2541056.1460710834 is not greater than 4109195.8553087544. Delta is -1568139.709237671
13:09:33 [WARNING] Model is not converging.  Current: 2574838.4547441495 is not greater than 4419815.225449218. Delta is -1844976.770705069
13:09:38 [WARNING] Model is not converging.  Current: 2550410.959238272 is not greater than 3943542.337150865. Delta is -1393131.3779125926
13:09:39 [INFO]   S04 regime: 5 states (BIC selected)
13:09:39 [INFO]   S05 predictor: active_regime=3 conf=0.883
13:10:00 [INFO]   S06 factors: (215951, 15) (after NaN warmup drop)
13:10:00 [INFO]   Regime distribution: {1: 7274, 2: 80033, 3: 127305, 4: 1339}
13:10:00 [INFO]   S07 search: regime 3 (59.0% of train), 1000 gen...
13:13:11 [INFO]     regime 3: 237 elites, best_fitness=2.0193, time=190.8s, qd_final=-538.33
13:13:11 [INFO]   S07 search: regime 2 (37.1% of train), 1000 gen...
13:16:23 [INFO]     regime 2: 200 elites, best_fitness=1.2953, time=192.3s, qd_final=-473.96
13:16:23 [INFO]   S07 search: regime 1 (3.4% of train), 1000 gen...
13:19:34 [INFO]     regime 1: 194 elites, best_fitness=1.0198, time=190.7s, qd_final=-470.22
13:19:34 [INFO]   S07 search: regime 4 (0.6% of train), 1000 gen...
13:23:18 [INFO]     regime 4: 112 elites, best_fitness=2.1929, time=223.6s, qd_final=-109.62
13:23:18 [INFO]   Best regime: 4, fitness=2.1929
13:23:18 [INFO]   Params: {'entry_thr': 0.1, 'exit_thr': 0.05, 'stop_mult': 5.0, 'pos_frac': 0.3, 'hold_max': 480}
13:23:18 [INFO]   S08 Gate1: FAIL (trimmed_min=0.0139, sos=0.0120)
13:23:18 [INFO]   S08 Gate2 (DSR): FAIL (sharpe=2.1929, dsr=0.0000, trials=743)
13:24:14 [INFO]   S08 Gate3 (holdout): FAIL (sharpe=-1.7216, dd=0.2780) reason=FAILED: sharpe=-1.722<=0.5; max_dd=0.2780>=0.1083; tpd_dev=0.60>=0.5
13:24:14 [INFO]   GATES: FAILED_HOLDOUT
13:24:14 [INFO]   S09 card exported: strategies/v3-ethusdt-202604041309
13:24:14 [INFO]   S10 SKIP live replay: gates did not pass
13:24:14 [INFO] ============================================================
13:24:14 [INFO] SYMBOL: BNBUSDT
13:24:14 [INFO] ============================================================
13:24:16 [INFO]   BNBUSDT: 777601 1m bars (2024-10-05 00:00:00 to 2026-03-29 00:00:00)
13:24:16 [INFO]   S01 features: (777601, 10) cols=['open', 'high', 'low', 'close', 'volume', 'timestamp', 'rolling_return', 'realized_vol', 'volume_zscore', 'range_zscore']
13:24:16 [INFO]   S02 split: train=216000 embargo=129600 holdout=432001
13:24:16 [INFO]   S03 normalizer fit on 216000 rows
13:24:19 [WARNING] Model is not converging.  Current: 2609507.7898296597 is not greater than 3116942.4221852254. Delta is -507434.63235556567
13:24:27 [WARNING] Model is not converging.  Current: 2649021.4272456197 is not greater than 3553097.674646782. Delta is -904076.2474011625
13:24:32 [WARNING] Model is not converging.  Current: 2646606.18747156 is not greater than 4461073.490498315. Delta is -1814467.3030267544
13:24:39 [WARNING] Model is not converging.  Current: 2647208.6869304394 is not greater than 3339835.6442352356. Delta is -692626.9573047962
13:24:45 [WARNING] Model is not converging.  Current: 2628624.1309117726 is not greater than 2979614.980907523. Delta is -350990.84999575047
13:24:53 [WARNING] Model is not converging.  Current: 2607622.520807532 is not greater than 4486089.956920585. Delta is -1878467.4361130525
13:24:54 [INFO]   S04 regime: 5 states (BIC selected)
13:24:54 [INFO]   S05 predictor: active_regime=3 conf=0.837
13:25:20 [INFO]   S06 factors: (215951, 15) (after NaN warmup drop)
13:25:20 [INFO]   Regime distribution: {1: 9551, 2: 72062, 3: 132819, 4: 1519}
13:25:20 [INFO]   S07 search: regime 3 (61.5% of train), 1000 gen...
/home/j13/.local/lib/python3.12/site-packages/joblib/externals/loky/backend/resource_tracker.py:359: UserWarning: resource_tracker: There appear to be 3 leaked file objects to clean up at shutdown
  warnings.warn(
/home/j13/.local/lib/python3.12/site-packages/joblib/externals/loky/backend/resource_tracker.py:359: UserWarning: resource_tracker: There appear to be 26 leaked semlock objects to clean up at shutdown
  warnings.warn(
/home/j13/.local/lib/python3.12/site-packages/joblib/externals/loky/backend/resource_tracker.py:359: UserWarning: resource_tracker: There appear to be 8884 leaked folder objects to clean up at shutdown
  warnings.warn(
