13:18:45 [INFO] Zangetsu V3 — Production Pipeline
13:18:45 [INFO] Symbols: ['BTCUSDT', 'ETHUSDT', 'BNBUSDT', 'SOLUSDT', 'XRPUSDT', 'DOGEUSDT']
13:18:45 [INFO] Training: 18mo, Embargo: 90d, Holdout: 10mo
13:18:45 [INFO] Search: 1000 gen, 20 threads
13:18:45 [INFO] Timeframe: 1m (raw)
13:18:45 [INFO] 
13:18:45 [INFO] ============================================================
13:18:45 [INFO] SYMBOL: BTCUSDT
13:18:45 [INFO] ============================================================
13:18:47 [INFO]   BTCUSDT: 777601 1m bars (2024-10-05 00:00:00 to 2026-03-29 00:00:00)
13:18:47 [INFO]   S01 features: (777601, 10) cols=['open', 'high', 'low', 'close', 'volume', 'timestamp', 'rolling_return', 'realized_vol', 'volume_zscore', 'range_zscore']
13:18:47 [INFO]   S02 split: train=216000 embargo=129600 holdout=432001
13:18:47 [INFO]   S03 normalizer fit on 216000 rows
13:18:56 [WARNING] Model is not converging.  Current: 2654138.31345163 is not greater than 3476162.757639335. Delta is -822024.4441877049
13:19:03 [WARNING] Model is not converging.  Current: 2682166.5298929713 is not greater than 4568128.431714805. Delta is -1885961.9018218336
13:19:07 [WARNING] Model is not converging.  Current: 2683431.174700865 is not greater than 3347054.881261601. Delta is -663623.706560736
13:19:07 [INFO]   S04 regime: 5 states (BIC selected)
13:19:07 [INFO]   S05 predictor: active_regime=3 conf=0.580
13:19:36 [INFO]   S06 factors: (215951, 15) (after NaN warmup drop)
13:19:36 [INFO]   Regime distribution: {1: 9316, 2: 72244, 3: 132963, 4: 1428}
13:19:36 [INFO]   Viable regimes (>10797 bars): [3, 2]
13:19:36 [INFO]   S07 search: regime 3 (61.6% of train), 1000 gen...
13:23:28 [INFO]     regime 3: 153 elites, best_fitness=-0.2879, time=231.9s, qd_final=-449.38
13:23:28 [INFO]   S07 search: regime 2 (33.5% of train), 1000 gen...
13:26:59 [INFO]     regime 2: 163 elites, best_fitness=0.7022, time=211.8s, qd_final=-452.07
13:26:59 [INFO]   Best regime: 2, fitness=0.7022
13:26:59 [INFO]   Params: {'entry_thr': 5.0, 'exit_thr': 1.0578558486706466, 'stop_mult': 5.0, 'pos_frac': 0.3, 'hold_max': 480}
13:27:00 [INFO]   S08 Gate1: FAIL (trimmed_min=-0.0196, sos=0.0107)
13:27:00 [INFO]   S08 Gate2 (DSR): FAIL (sharpe=0.7022, dsr=0.0000, trials=316)
13:27:56 [INFO]   S08 Gate3 (holdout): FAIL (sharpe=-7.2118, dd=0.8945) reason=FAILED: sharpe=-7.212<=0.5; max_dd=0.8945>=0.1602; tpd_dev=0.64>=0.5
13:27:56 [INFO]   GATES: FAILED_HOLDOUT
13:27:56 [INFO]   S09 card exported: strategies/v3-btcusdt-202604041318
13:27:56 [INFO]   S10 SKIP live replay: gates did not pass
13:27:56 [INFO] ============================================================
13:27:56 [INFO] SYMBOL: ETHUSDT
13:27:56 [INFO] ============================================================
13:27:58 [INFO]   ETHUSDT: 777601 1m bars (2024-10-05 00:00:00 to 2026-03-29 00:00:00)
13:27:58 [INFO]   S01 features: (777601, 10) cols=['open', 'high', 'low', 'close', 'volume', 'timestamp', 'rolling_return', 'realized_vol', 'volume_zscore', 'range_zscore']
13:27:58 [INFO]   S02 split: train=216000 embargo=129600 holdout=432001
13:27:58 [INFO]   S03 normalizer fit on 216000 rows
13:28:04 [WARNING] Model is not converging.  Current: 2555685.0360165257 is not greater than 3418842.748130018. Delta is -863157.7121134922
13:28:09 [WARNING] Model is not converging.  Current: 2574800.6772619467 is not greater than 4434984.113267704. Delta is -1860183.4360057572
13:28:14 [WARNING] Model is not converging.  Current: 2608308.8773531723 is not greater than 3193922.636391639. Delta is -585613.7590384665
13:28:14 [INFO]   S04 regime: 5 states (BIC selected)
13:28:14 [INFO]   S05 predictor: active_regime=3 conf=0.883
/home/j13/.local/lib/python3.12/site-packages/joblib/externals/loky/backend/resource_tracker.py:359: UserWarning: resource_tracker: There appear to be 26 leaked semlock objects to clean up at shutdown
  warnings.warn(
/home/j13/.local/lib/python3.12/site-packages/joblib/externals/loky/backend/resource_tracker.py:359: UserWarning: resource_tracker: There appear to be 2000 leaked folder objects to clean up at shutdown
  warnings.warn(
