13:46:01 [INFO] Zangetsu V3 — Production Pipeline
13:46:01 [INFO] Symbols: ['BTCUSDT', 'ETHUSDT', 'BNBUSDT', 'SOLUSDT', 'XRPUSDT', 'DOGEUSDT']
13:46:01 [INFO] Training: 18mo, Embargo: 90d, Holdout: 10mo
13:46:01 [INFO] Search: 1000 gen, 8 threads
13:46:01 [INFO] Timeframe: 1m (raw)
13:46:01 [INFO] 
13:46:01 [INFO] ============================================================
13:46:01 [INFO] SYMBOL: BTCUSDT
13:46:01 [INFO] ============================================================
13:46:03 [INFO]   BTCUSDT: 777601 1m bars (2024-10-05 00:00:00 to 2026-03-29 00:00:00)
13:46:03 [INFO]   S01 features: (777601, 10) cols=['open', 'high', 'low', 'close', 'volume', 'timestamp', 'rolling_return', 'realized_vol', 'volume_zscore', 'range_zscore']
13:46:03 [INFO]   S02 split: train=216000 embargo=129600 holdout=432001
13:46:03 [INFO]   S03 normalizer fit on 216000 rows
13:46:10 [WARNING] Model is not converging.  Current: 2654138.313417289 is not greater than 3476162.5180107863. Delta is -822024.2045934973
13:46:16 [WARNING] Model is not converging.  Current: 2682166.5298929713 is not greater than 4568128.431714805. Delta is -1885961.9018218336
13:46:20 [WARNING] Model is not converging.  Current: 2681877.6461349525 is not greater than 4531972.268557839. Delta is -1850094.6224228865
13:46:20 [INFO]   S04 regime: 5 states (BIC selected)
13:46:20 [INFO]   S05 predictor: active_regime=3 conf=0.883
13:46:42 [INFO]   S06 factors: (215951, 15) (after NaN warmup drop)
13:46:42 [INFO]   Regime distribution: {1: 8708, 2: 72218, 3: 133682, 4: 1343}
13:46:42 [INFO]   Viable regimes (>10797 bars): [3, 2]
13:46:42 [INFO]   S07 search: regime 3 (61.9% of train), 1000 gen...
13:50:06 [INFO]     regime 3: 150 elites, best_fitness=0.5121, time=203.4s, qd_final=-447.75
13:50:06 [INFO]   S07 search: regime 2 (33.4% of train), 1000 gen...
13:53:26 [INFO]     regime 2: 166 elites, best_fitness=0.7403, time=199.8s, qd_final=-454.24
13:53:26 [INFO]   Best regime: 2, fitness=0.7403
13:53:26 [INFO]   Params: {'entry_thr': 2.1825017594696505, 'exit_thr': 0.05, 'stop_mult': 5.0, 'pos_frac': 0.3, 'hold_max': 304}
13:53:26 [INFO]   S08 Gate1: FAIL (trimmed_min=-0.0329, sos=0.0106)
13:53:26 [INFO]   S08 Gate2 (DSR): FAIL (sharpe=0.7403, dsr=0.0000, trials=316)
13:54:10 [INFO]   S08 Gate3 (holdout): FAIL (sharpe=-7.9286, dd=0.9696) reason=FAILED: sharpe=-7.929<=0.5; max_dd=0.9696>=0.1743; tpd_dev=0.61>=0.5
13:54:10 [INFO]   GATES: FAILED_HOLDOUT
13:54:10 [INFO]   S09 card exported: strategies/v3-btcusdt-202604041346
13:54:10 [INFO]   S10 SKIP live replay: gates did not pass
13:54:10 [INFO] ============================================================
13:54:10 [INFO] SYMBOL: ETHUSDT
13:54:10 [INFO] ============================================================
13:54:12 [INFO]   ETHUSDT: 777601 1m bars (2024-10-05 00:00:00 to 2026-03-29 00:00:00)
13:54:12 [INFO]   S01 features: (777601, 10) cols=['open', 'high', 'low', 'close', 'volume', 'timestamp', 'rolling_return', 'realized_vol', 'volume_zscore', 'range_zscore']
13:54:12 [INFO]   S02 split: train=216000 embargo=129600 holdout=432001
13:54:12 [INFO]   S03 normalizer fit on 216000 rows
13:54:16 [WARNING] Model is not converging.  Current: 2555685.0360165257 is not greater than 3418842.748130018. Delta is -863157.7121134922
13:54:20 [WARNING] Model is not converging.  Current: 2574800.6772619467 is not greater than 4434984.113267704. Delta is -1860183.4360057572
13:54:23 [WARNING] Model is not converging.  Current: 2607978.403290174 is not greater than 4464467.3690466285. Delta is -1856488.9657564545
13:54:24 [INFO]   S04 regime: 5 states (BIC selected)
13:54:24 [INFO]   S05 predictor: active_regime=3 conf=0.883
13:54:46 [INFO]   S06 factors: (215951, 15) (after NaN warmup drop)
13:54:46 [INFO]   Regime distribution: {1: 7274, 2: 80033, 3: 127305, 4: 1339}
13:54:46 [INFO]   Viable regimes (>10797 bars): [3, 2]
13:54:46 [INFO]   S07 search: regime 3 (59.0% of train), 1000 gen...
13:58:06 [INFO]     regime 3: 206 elites, best_fitness=0.6605, time=200.3s, qd_final=-492.48
13:58:06 [INFO]   S07 search: regime 2 (37.1% of train), 1000 gen...
14:01:27 [INFO]     regime 2: 192 elites, best_fitness=0.3812, time=200.9s, qd_final=-505.44
14:01:27 [INFO]   Best regime: 3, fitness=0.6605
14:01:27 [INFO]   Params: {'entry_thr': 0.1, 'exit_thr': 0.05, 'stop_mult': 5.0, 'pos_frac': 0.07868111548310103, 'hold_max': 480}
14:01:27 [INFO]   S08 Gate1: FAIL (trimmed_min=-0.0055, sos=0.0016)
14:01:27 [INFO]   S08 Gate2 (DSR): FAIL (sharpe=0.6605, dsr=0.0000, trials=398)
14:02:11 [INFO]   S08 Gate3 (holdout): FAIL (sharpe=-2.1291, dd=0.1206) reason=FAILED: sharpe=-2.129<=0.5; max_dd=0.1206>=0.0491
14:02:11 [INFO]   GATES: FAILED_HOLDOUT
14:02:11 [INFO]   S09 card exported: strategies/v3-ethusdt-202604041354
14:02:11 [INFO]   S10 SKIP live replay: gates did not pass
14:02:11 [INFO] ============================================================
14:02:11 [INFO] SYMBOL: BNBUSDT
14:02:11 [INFO] ============================================================
14:02:13 [INFO]   BNBUSDT: 777601 1m bars (2024-10-05 00:00:00 to 2026-03-29 00:00:00)
14:02:13 [INFO]   S01 features: (777601, 10) cols=['open', 'high', 'low', 'close', 'volume', 'timestamp', 'rolling_return', 'realized_vol', 'volume_zscore', 'range_zscore']
14:02:13 [INFO]   S02 split: train=216000 embargo=129600 holdout=432001
14:02:13 [INFO]   S03 normalizer fit on 216000 rows
14:02:16 [WARNING] Model is not converging.  Current: 2609507.7898296597 is not greater than 3116942.4221852254. Delta is -507434.63235556567
14:02:22 [WARNING] Model is not converging.  Current: 2649021.4272456197 is not greater than 3553097.674646782. Delta is -904076.2474011625
14:02:26 [WARNING] Model is not converging.  Current: 2646606.18747156 is not greater than 4461073.490498315. Delta is -1814467.3030267544
14:02:26 [INFO]   S04 regime: 5 states (BIC selected)
14:02:26 [INFO]   S05 predictor: active_regime=3 conf=0.837
14:02:48 [INFO]   S06 factors: (215951, 15) (after NaN warmup drop)
14:02:48 [INFO]   Regime distribution: {1: 9551, 2: 72062, 3: 132819, 4: 1519}
14:02:48 [INFO]   Viable regimes (>10797 bars): [3, 2]
14:02:48 [INFO]   S07 search: regime 3 (61.5% of train), 1000 gen...
14:06:08 [INFO]     regime 3: 152 elites, best_fitness=0.8405, time=199.8s, qd_final=-438.29
14:06:08 [INFO]   S07 search: regime 2 (33.4% of train), 1000 gen...
14:09:29 [INFO]     regime 2: 152 elites, best_fitness=1.6214, time=201.4s, qd_final=-430.86
14:09:29 [INFO]   Best regime: 2, fitness=1.6214
14:09:29 [INFO]   Params: {'entry_thr': 5.0, 'exit_thr': 0.05, 'stop_mult': 1.4603890923265137, 'pos_frac': 0.3, 'hold_max': 10}
14:09:29 [INFO]   S08 Gate1: FAIL (trimmed_min=-0.0010, sos=0.0003)
14:09:29 [INFO]   S08 Gate2 (DSR): FAIL (sharpe=1.6214, dsr=0.0000, trials=304)
14:10:14 [INFO]   S08 Gate3 (holdout): FAIL (sharpe=-3.0764, dd=0.1257) reason=FAILED: sharpe=-3.076<=0.5; max_dd=0.1257>=0.0161; tpd_dev=1.52>=0.5
14:10:14 [INFO]   GATES: FAILED_HOLDOUT
14:10:14 [INFO]   S09 card exported: strategies/v3-bnbusdt-202604041402
14:10:14 [INFO]   S10 SKIP live replay: gates did not pass
14:10:14 [INFO] ============================================================
14:10:14 [INFO] SYMBOL: SOLUSDT
14:10:14 [INFO] ============================================================
14:10:15 [INFO]   SOLUSDT: 777601 1m bars (2024-10-05 00:00:00 to 2026-03-29 00:00:00)
14:10:15 [INFO]   S01 features: (777601, 10) cols=['open', 'high', 'low', 'close', 'volume', 'timestamp', 'rolling_return', 'realized_vol', 'volume_zscore', 'range_zscore']
14:10:15 [INFO]   S02 split: train=216000 embargo=129600 holdout=432001
14:10:15 [INFO]   S03 normalizer fit on 216000 rows
14:10:19 [WARNING] Model is not converging.  Current: 2499999.892022677 is not greater than 3673094.4910714063. Delta is -1173094.599048729
14:10:24 [WARNING] Model is not converging.  Current: 4391060.107267001 is not greater than 4428871.235687957. Delta is -37811.12842095643
14:10:28 [WARNING] Model is not converging.  Current: 2531606.5965545587 is not greater than 3001016.4994698963. Delta is -469409.9029153376
14:10:28 [INFO]   S04 regime: 5 states (BIC selected)
14:10:28 [INFO]   S05 predictor: active_regime=0 conf=1.000
14:10:50 [INFO]   S06 factors: (215951, 15) (after NaN warmup drop)
14:10:50 [INFO]   Regime distribution: {1: 8907, 2: 92414, 3: 112287, 4: 2343}
14:10:50 [INFO]   Viable regimes (>10797 bars): [3, 2]
14:10:50 [INFO]   S07 search: regime 3 (52.0% of train), 1000 gen...
14:14:06 [INFO]     regime 3: 217 elites, best_fitness=2.3364, time=196.2s, qd_final=-477.49
14:14:06 [INFO]   S07 search: regime 2 (42.8% of train), 1000 gen...
14:17:25 [INFO]     regime 2: 200 elites, best_fitness=2.0858, time=198.6s, qd_final=-648.33
14:17:25 [INFO]   Best regime: 3, fitness=2.3364
14:17:25 [INFO]   Params: {'entry_thr': 5.0, 'exit_thr': 1.3831733461650098, 'stop_mult': 3.261024438278011, 'pos_frac': 0.3, 'hold_max': 480}
14:17:25 [INFO]   S08 Gate1: FAIL (trimmed_min=0.0035, sos=0.0008)
14:17:25 [INFO]   S08 Gate2 (DSR): FAIL (sharpe=2.3364, dsr=0.0000, trials=417)
14:18:09 [INFO]   S08 Gate3 (holdout): FAIL (sharpe=0.1773, dd=0.0155) reason=FAILED: sharpe=0.177<=0.5; tpd_dev=0.94>=0.5
14:18:09 [INFO]   GATES: FAILED_HOLDOUT
14:18:09 [INFO]   S09 card exported: strategies/v3-solusdt-202604041410
14:18:09 [INFO]   S10 SKIP live replay: gates did not pass
14:18:09 [INFO] ============================================================
14:18:09 [INFO] SYMBOL: XRPUSDT
14:18:09 [INFO] ============================================================
14:18:10 [INFO]   XRPUSDT: 777601 1m bars (2024-10-05 00:00:00 to 2026-03-29 00:00:00)
14:18:10 [INFO]   S01 features: (777601, 10) cols=['open', 'high', 'low', 'close', 'volume', 'timestamp', 'rolling_return', 'realized_vol', 'volume_zscore', 'range_zscore']
14:18:10 [INFO]   S02 split: train=216000 embargo=129600 holdout=432001
14:18:10 [INFO]   S03 normalizer fit on 216000 rows
14:18:14 [WARNING] Model is not converging.  Current: 2430823.9959236104 is not greater than 2852917.8544277367. Delta is -422093.8585041263
14:18:21 [WARNING] Model is not converging.  Current: 2479297.099964148 is not greater than 3554111.2936439756. Delta is -1074814.1936798277
14:18:24 [WARNING] Model is not converging.  Current: 2461273.3625434316 is not greater than 2807027.4961690707. Delta is -345754.13362563914
14:18:24 [INFO]   S04 regime: 5 states (BIC selected)
14:18:24 [INFO]   S05 predictor: active_regime=2 conf=0.650
14:18:45 [INFO]   S06 factors: (215951, 15) (after NaN warmup drop)
14:18:45 [INFO]   Regime distribution: {1: 30881, 2: 80081, 3: 103563, 4: 1426}
14:18:45 [INFO]   Viable regimes (>10797 bars): [3, 2, 1]
14:18:45 [INFO]   S07 search: regime 3 (48.0% of train), 1000 gen...
14:22:05 [INFO]     regime 3: 252 elites, best_fitness=2.3289, time=200.0s, qd_final=-458.16
14:22:05 [INFO]   S07 search: regime 2 (37.1% of train), 1000 gen...
14:25:23 [INFO]     regime 2: 242 elites, best_fitness=2.4305, time=197.9s, qd_final=-528.48
14:25:23 [INFO]   S07 search: regime 1 (14.3% of train), 1000 gen...
14:28:37 [INFO]     regime 1: 265 elites, best_fitness=2.7187, time=194.0s, qd_final=-424.55
14:28:37 [INFO]   Best regime: 1, fitness=2.7187
14:28:37 [INFO]   Params: {'entry_thr': 5.0, 'exit_thr': 0.05, 'stop_mult': 5.0, 'pos_frac': 0.105795149812586, 'hold_max': 480}
14:28:37 [INFO]   S08 Gate1: FAIL (trimmed_min=0.0018, sos=0.0002)
14:28:37 [INFO]   S08 Gate2 (DSR): FAIL (sharpe=2.7187, dsr=0.0000, trials=759)
14:29:22 [INFO]   S08 Gate3 (holdout): FAIL (sharpe=0.0425, dd=0.0134) reason=FAILED: sharpe=0.042<=0.5; max_dd=0.0134>=0.0073
14:29:22 [INFO]   GATES: FAILED_HOLDOUT
14:29:22 [INFO]   S09 card exported: strategies/v3-xrpusdt-202604041418
14:29:22 [INFO]   S10 SKIP live replay: gates did not pass
14:29:22 [INFO] ============================================================
14:29:22 [INFO] SYMBOL: DOGEUSDT
14:29:22 [INFO] ============================================================
14:29:24 [INFO]   DOGEUSDT: 777601 1m bars (2024-10-05 00:00:00 to 2026-03-29 00:00:00)
14:29:24 [INFO]   S01 features: (777601, 10) cols=['open', 'high', 'low', 'close', 'volume', 'timestamp', 'rolling_return', 'realized_vol', 'volume_zscore', 'range_zscore']
14:29:24 [INFO]   S02 split: train=216000 embargo=129600 holdout=432001
14:29:24 [INFO]   S03 normalizer fit on 216000 rows
14:29:28 [WARNING] Model is not converging.  Current: 2433139.6484320387 is not greater than 2977358.6632176293. Delta is -544219.0147855906
14:29:34 [WARNING] Model is not converging.  Current: 2475208.039381637 is not greater than 4319922.535223504. Delta is -1844714.4958418668
14:29:42 [WARNING] Model is not converging.  Current: 2480167.430887422 is not greater than 2968595.104506204. Delta is -488427.67361878185
14:29:42 [INFO]   S04 regime: 5 states (BIC selected)
14:29:42 [INFO]   S05 predictor: active_regime=4 conf=0.883
14:30:04 [INFO]   S06 factors: (215951, 15) (after NaN warmup drop)
14:30:04 [INFO]   Regime distribution: {1: 7132, 2: 89609, 3: 1268, 4: 117942}
14:30:04 [INFO]   Viable regimes (>10797 bars): [4, 2]
14:30:04 [INFO]   S07 search: regime 4 (54.6% of train), 1000 gen...
14:33:22 [INFO]     regime 4: 240 elites, best_fitness=2.4063, time=197.7s, qd_final=-1017.01
14:33:22 [INFO]   S07 search: regime 2 (41.5% of train), 1000 gen...
14:36:38 [INFO]     regime 2: 266 elites, best_fitness=3.4630, time=195.8s, qd_final=-412.04
14:36:38 [INFO]   Best regime: 2, fitness=3.4630
14:36:38 [INFO]   Params: {'entry_thr': 5.0, 'exit_thr': 0.05, 'stop_mult': 5.0, 'pos_frac': 0.22492387121760968, 'hold_max': 261}
14:36:38 [INFO]   S08 Gate1: FAIL (trimmed_min=0.0070, sos=0.0036)
14:36:38 [INFO]   S08 Gate2 (DSR): PASS (sharpe=3.4630, dsr=1.0000, trials=506)
14:37:22 [INFO]   S08 Gate3 (holdout): FAIL (sharpe=-1.1830, dd=0.0559) reason=FAILED: sharpe=-1.183<=0.5; tpd_dev=0.84>=0.5
14:37:22 [INFO]   GATES: FAILED_HOLDOUT
14:37:22 [INFO]   S09 card exported: strategies/v3-dogeusdt-202604041429
14:37:22 [INFO]   S10 SKIP live replay: gates did not pass
14:37:22 [INFO] 
14:37:22 [INFO] ======================================================================
14:37:22 [INFO] PRODUCTION PIPELINE SUMMARY
14:37:22 [INFO] ======================================================================
14:37:22 [INFO]   BTCUSDT      FAILED_HOLDOUT     train_sharpe=0.7403 holdout_sharpe=-7.9286 regimes=5 best=2 time=489s
14:37:22 [INFO]   ETHUSDT      FAILED_HOLDOUT     train_sharpe=0.6605 holdout_sharpe=-2.1291 regimes=5 best=3 time=481s
14:37:22 [INFO]   BNBUSDT      FAILED_HOLDOUT     train_sharpe=1.6214 holdout_sharpe=-3.0764 regimes=5 best=2 time=482s
14:37:22 [INFO]   SOLUSDT      FAILED_HOLDOUT     train_sharpe=2.3364 holdout_sharpe=0.1773 regimes=5 best=3 time=475s
14:37:22 [INFO]   XRPUSDT      FAILED_HOLDOUT     train_sharpe=2.7187 holdout_sharpe=0.0425 regimes=5 best=1 time=673s
14:37:22 [INFO]   DOGEUSDT     FAILED_HOLDOUT     train_sharpe=3.4630 holdout_sharpe=-1.1830 regimes=5 best=2 time=480s
14:37:22 [INFO] 
Summary saved: strategies/run-20260404T1437.json
14:37:22 [INFO] 
0/6 strategies passed all gates
