22:25:26 [INFO] Zangetsu V3 — Production Pipeline
22:25:26 [INFO] Symbols: ['BTCUSDT', 'ETHUSDT', 'BNBUSDT', 'SOLUSDT', 'XRPUSDT', 'DOGEUSDT']
22:25:26 [INFO] Training: 18mo, Embargo: 90d, Holdout: 10mo
22:25:26 [INFO] Search: 1000 gen, 8 threads
22:25:26 [INFO] Timeframe: 1m (raw)
22:25:26 [INFO] 
22:25:26 [INFO] ============================================================
22:25:26 [INFO] SYMBOL: BTCUSDT
22:25:26 [INFO] ============================================================
22:25:27 [INFO]   BTCUSDT: 777601 1m bars (2024-10-05 00:00:00 to 2026-03-29 00:00:00)
22:25:27 [INFO]   S01 features: (777601, 10) cols=['open', 'high', 'low', 'close', 'volume', 'timestamp', 'rolling_return', 'realized_vol', 'volume_zscore', 'range_zscore']
22:25:27 [INFO]   S02 split: train=216000 embargo=129600 holdout=432001
22:25:27 [INFO]   S03 normalizer fit on 216000 rows
22:25:34 [WARNING] Model is not converging.  Current: 2654138.3134299996 is not greater than 3476161.8326370623. Delta is -822023.5192070627
22:25:40 [WARNING] Model is not converging.  Current: 2682166.5298929713 is not greater than 4568128.431714805. Delta is -1885961.9018218336
22:25:44 [WARNING] Model is not converging.  Current: 2681877.6461349525 is not greater than 4531972.268557839. Delta is -1850094.6224228865
22:25:44 [INFO]   S04 regime: 5 states (BIC selected)
22:25:44 [INFO]   S05 predictor: active_regime=3 conf=0.883
22:26:06 [INFO]   S06 factors: (215951, 15) (after NaN drop + normalize)
22:26:06 [INFO]   Factor stds (post-norm): min=0.658 max=2.387 mean=1.459
22:26:06 [INFO]   Regime distribution: {1: 8708, 2: 72218, 3: 133682, 4: 1343}
22:26:06 [INFO]   Viable regimes (>10797 bars): [3, 2]
22:26:10 [INFO]   Fix2: median_signal_std=2.711596, entry_range=[1.355798, 8.134789], exit_range=[0.271160, 4.067394]
22:26:11 [INFO]   Fix2 verify: midpoint tpd=27.33, active_bars=27898, sharpe=-9.75
22:26:11 [INFO]   S07 search: regime 3 (61.9% of train), 1000 gen...
22:26:11 [INFO]     min_active_bars=133 (regime_bars=133682)
22:29:03 [INFO]     regime 3: 120 elites, best_fitness=2.1988, time=172.8s, qd_final=-312.96
22:29:03 [INFO]   S07 search: regime 2 (33.4% of train), 1000 gen...
22:29:03 [INFO]     min_active_bars=72 (regime_bars=72218)
22:31:51 [INFO]     regime 2: 113 elites, best_fitness=4.3764, time=167.2s, qd_final=-287.55
22:31:51 [INFO]   Best regime: 2, fitness=4.3764
22:31:51 [INFO]   Params: {'entry_thr': 8.134788633246508, 'exit_thr': 0.27115962110821695, 'stop_mult': 5.0, 'pos_frac': 0.25, 'hold_max': 10}
22:31:51 [INFO]   S08 Gate1: FAIL (trimmed_min=0.0000, sos=0.0001)
22:31:51 [INFO]   S08 Gate2 (DSR): PASS (sharpe=4.3764, dsr=1.0000, trials=233, active_bars=184)
22:32:35 [INFO]   S08 Gate3 (holdout): FAIL (sharpe=-2.0670, dd=0.0326) reason=FAILED: sharpe=-2.067<=0.5; max_dd=0.0326>=0.0034
22:32:35 [INFO]   GATES: FAILED_HOLDOUT
22:32:35 [INFO]   S09 card exported: strategies/v3-btcusdt-202604042225
22:32:35 [INFO]   S10 SKIP live replay: gates did not pass
22:32:35 [INFO] ============================================================
22:32:35 [INFO] SYMBOL: ETHUSDT
22:32:35 [INFO] ============================================================
22:32:36 [INFO]   ETHUSDT: 777601 1m bars (2024-10-05 00:00:00 to 2026-03-29 00:00:00)
22:32:36 [INFO]   S01 features: (777601, 10) cols=['open', 'high', 'low', 'close', 'volume', 'timestamp', 'rolling_return', 'realized_vol', 'volume_zscore', 'range_zscore']
22:32:36 [INFO]   S02 split: train=216000 embargo=129600 holdout=432001
22:32:36 [INFO]   S03 normalizer fit on 216000 rows
22:32:40 [WARNING] Model is not converging.  Current: 2555685.0360165257 is not greater than 3418842.748130018. Delta is -863157.7121134922
22:32:44 [WARNING] Model is not converging.  Current: 2574800.6772619467 is not greater than 4434984.113267704. Delta is -1860183.4360057572
22:32:48 [WARNING] Model is not converging.  Current: 2607978.403290174 is not greater than 4464467.3690466285. Delta is -1856488.9657564545
22:32:48 [INFO]   S04 regime: 5 states (BIC selected)
22:32:48 [INFO]   S05 predictor: active_regime=3 conf=0.883
22:33:10 [INFO]   S06 factors: (215951, 15) (after NaN drop + normalize)
22:33:10 [INFO]   Factor stds (post-norm): min=0.654 max=2.454 mean=1.473
22:33:10 [INFO]   Regime distribution: {1: 7274, 2: 80033, 3: 127305, 4: 1339}
22:33:10 [INFO]   Viable regimes (>10797 bars): [3, 2]
22:33:14 [INFO]   Fix2: median_signal_std=2.734800, entry_range=[1.367400, 8.204399], exit_range=[0.273480, 4.102199]
22:33:14 [INFO]   Fix2 verify: midpoint tpd=27.46, active_bars=27929, sharpe=-5.24
22:33:14 [INFO]   S07 search: regime 3 (59.0% of train), 1000 gen...
22:33:14 [INFO]     min_active_bars=127 (regime_bars=127305)
22:36:07 [INFO]     regime 3: 122 elites, best_fitness=0.8813, time=172.5s, qd_final=-381.50
22:36:07 [INFO]   S07 search: regime 2 (37.1% of train), 1000 gen...
22:36:07 [INFO]     min_active_bars=80 (regime_bars=80033)
22:38:52 [INFO]     regime 2: 145 elites, best_fitness=4.5824, time=165.2s, qd_final=-329.62
22:38:52 [INFO]   Best regime: 2, fitness=4.5824
22:38:52 [INFO]   Params: {'entry_thr': 8.20439897662072, 'exit_thr': 4.10219948831036, 'stop_mult': 5.0, 'pos_frac': 0.25, 'hold_max': 480}
22:38:52 [INFO]   S08 Gate1: FAIL (trimmed_min=0.0086, sos=0.0003)
22:38:52 [INFO]   S08 Gate2 (DSR): PASS (sharpe=4.5824, dsr=1.0000, trials=267, active_bars=2042)
22:39:36 [INFO]   S08 Gate3 (holdout): FAIL (sharpe=-4.8034, dd=0.1678) reason=FAILED: sharpe=-4.803<=0.5; max_dd=0.1678>=0.0107
22:39:36 [INFO]   GATES: FAILED_HOLDOUT
22:39:36 [INFO]   S09 card exported: strategies/v3-ethusdt-202604042232
22:39:36 [INFO]   S10 SKIP live replay: gates did not pass
22:39:36 [INFO] ============================================================
22:39:36 [INFO] SYMBOL: BNBUSDT
22:39:36 [INFO] ============================================================
22:39:37 [INFO]   BNBUSDT: 777601 1m bars (2024-10-05 00:00:00 to 2026-03-29 00:00:00)
22:39:37 [INFO]   S01 features: (777601, 10) cols=['open', 'high', 'low', 'close', 'volume', 'timestamp', 'rolling_return', 'realized_vol', 'volume_zscore', 'range_zscore']
22:39:37 [INFO]   S02 split: train=216000 embargo=129600 holdout=432001
22:39:37 [INFO]   S03 normalizer fit on 216000 rows
22:39:41 [WARNING] Model is not converging.  Current: 2609507.7898296597 is not greater than 3116942.4221852254. Delta is -507434.63235556567
22:39:46 [WARNING] Model is not converging.  Current: 2649021.4272456197 is not greater than 3553097.674646782. Delta is -904076.2474011625
22:39:50 [WARNING] Model is not converging.  Current: 2646606.18747156 is not greater than 4461073.490498315. Delta is -1814467.3030267544
22:39:50 [INFO]   S04 regime: 5 states (BIC selected)
22:39:50 [INFO]   S05 predictor: active_regime=3 conf=0.837
22:40:12 [INFO]   S06 factors: (215951, 15) (after NaN drop + normalize)
22:40:12 [INFO]   Factor stds (post-norm): min=0.662 max=2.485 mean=1.473
22:40:12 [INFO]   Regime distribution: {1: 9551, 2: 72062, 3: 132819, 4: 1519}
22:40:12 [INFO]   Viable regimes (>10797 bars): [3, 2]
22:40:16 [INFO]   Fix2: median_signal_std=2.721052, entry_range=[1.360526, 8.163157], exit_range=[0.272105, 4.081579]
22:40:16 [INFO]   Fix2 verify: midpoint tpd=29.90, active_bars=27897, sharpe=-8.26
22:40:16 [INFO]   S07 search: regime 3 (61.5% of train), 1000 gen...
22:40:16 [INFO]     min_active_bars=132 (regime_bars=132819)
22:43:02 [INFO]     regime 3: 120 elites, best_fitness=4.7759, time=166.5s, qd_final=-229.55
22:43:02 [INFO]   S07 search: regime 2 (33.4% of train), 1000 gen...
22:43:02 [INFO]     min_active_bars=72 (regime_bars=72062)
22:45:47 [INFO]     regime 2: 101 elites, best_fitness=3.1528, time=165.2s, qd_final=-263.52
22:45:47 [INFO]   Best regime: 3, fitness=4.7759
22:45:47 [INFO]   Params: {'entry_thr': 8.163157165348162, 'exit_thr': 0.2721052388449387, 'stop_mult': 5.0, 'pos_frac': 0.25, 'hold_max': 480}
22:45:47 [INFO]   S08 Gate1: FAIL (trimmed_min=0.0126, sos=0.0031)
22:45:47 [INFO]   S08 Gate2 (DSR): PASS (sharpe=4.7759, dsr=1.0000, trials=221, active_bars=20283)
22:46:31 [INFO]   S08 Gate3 (holdout): FAIL (sharpe=-3.9729, dd=0.3011) reason=FAILED: sharpe=-3.973<=0.5; max_dd=0.3011>=0.0518
22:46:31 [INFO]   GATES: FAILED_HOLDOUT
22:46:31 [INFO]   S09 card exported: strategies/v3-bnbusdt-202604042239
22:46:31 [INFO]   S10 SKIP live replay: gates did not pass
22:46:31 [INFO] ============================================================
22:46:31 [INFO] SYMBOL: SOLUSDT
22:46:31 [INFO] ============================================================
22:46:32 [INFO]   SOLUSDT: 777601 1m bars (2024-10-05 00:00:00 to 2026-03-29 00:00:00)
22:46:33 [INFO]   S01 features: (777601, 10) cols=['open', 'high', 'low', 'close', 'volume', 'timestamp', 'rolling_return', 'realized_vol', 'volume_zscore', 'range_zscore']
22:46:33 [INFO]   S02 split: train=216000 embargo=129600 holdout=432001
22:46:33 [INFO]   S03 normalizer fit on 216000 rows
22:46:36 [WARNING] Model is not converging.  Current: 2499999.892022677 is not greater than 3673094.4910714063. Delta is -1173094.599048729
22:46:41 [WARNING] Model is not converging.  Current: 4391060.107267001 is not greater than 4428871.235687957. Delta is -37811.12842095643
22:46:45 [WARNING] Model is not converging.  Current: 2531606.5965545587 is not greater than 3001016.4994698963. Delta is -469409.9029153376
22:46:45 [INFO]   S04 regime: 5 states (BIC selected)
22:46:45 [INFO]   S05 predictor: active_regime=0 conf=1.000
22:47:07 [INFO]   S06 factors: (215951, 15) (after NaN drop + normalize)
22:47:07 [INFO]   Factor stds (post-norm): min=0.660 max=2.085 mean=1.426
22:47:07 [INFO]   Regime distribution: {1: 8907, 2: 92414, 3: 112287, 4: 2343}
22:47:07 [INFO]   Viable regimes (>10797 bars): [3, 2]
22:47:10 [INFO]   Fix2: median_signal_std=2.645163, entry_range=[1.322581, 7.935488], exit_range=[0.264516, 3.967744]
22:47:10 [INFO]   Fix2 verify: midpoint tpd=26.79, active_bars=27310, sharpe=-6.26
22:47:10 [INFO]   S07 search: regime 3 (52.0% of train), 1000 gen...
22:47:10 [INFO]     min_active_bars=112 (regime_bars=112287)
22:49:58 [INFO]     regime 3: 190 elites, best_fitness=1.9027, time=168.2s, qd_final=-440.86
22:49:58 [INFO]   S07 search: regime 2 (42.8% of train), 1000 gen...
22:49:58 [INFO]     min_active_bars=92 (regime_bars=92414)
22:52:45 [INFO]     regime 2: 162 elites, best_fitness=4.9943, time=166.9s, qd_final=-312.26
22:52:45 [INFO]   Best regime: 2, fitness=4.9943
22:52:45 [INFO]   Params: {'entry_thr': 7.93548784854975, 'exit_thr': 0.26451626161832503, 'stop_mult': 0.5, 'pos_frac': 0.01, 'hold_max': 111}
22:52:45 [INFO]   S08 Gate1: FAIL (trimmed_min=0.0007, sos=0.0000)
22:52:45 [INFO]   S08 Gate2 (DSR): PASS (sharpe=4.9943, dsr=1.0000, trials=352, active_bars=10762)
22:53:29 [INFO]   S08 Gate3 (holdout): FAIL (sharpe=-2.9975, dd=0.0049) reason=FAILED: sharpe=-2.997<=0.5; max_dd=0.0049>=0.0015
22:53:29 [INFO]   GATES: FAILED_HOLDOUT
22:53:29 [INFO]   S09 card exported: strategies/v3-solusdt-202604042246
22:53:29 [INFO]   S10 SKIP live replay: gates did not pass
22:53:29 [INFO] ============================================================
22:53:29 [INFO] SYMBOL: XRPUSDT
22:53:29 [INFO] ============================================================
22:53:30 [INFO]   XRPUSDT: 777601 1m bars (2024-10-05 00:00:00 to 2026-03-29 00:00:00)
22:53:30 [INFO]   S01 features: (777601, 10) cols=['open', 'high', 'low', 'close', 'volume', 'timestamp', 'rolling_return', 'realized_vol', 'volume_zscore', 'range_zscore']
22:53:30 [INFO]   S02 split: train=216000 embargo=129600 holdout=432001
22:53:30 [INFO]   S03 normalizer fit on 216000 rows
22:53:34 [WARNING] Model is not converging.  Current: 2430823.9959236104 is not greater than 2852917.8544277367. Delta is -422093.8585041263
22:53:40 [WARNING] Model is not converging.  Current: 2479297.099964148 is not greater than 3554111.2936439756. Delta is -1074814.1936798277
22:53:43 [WARNING] Model is not converging.  Current: 2461273.363376152 is not greater than 2807027.4956458462. Delta is -345754.13226969447
22:53:43 [INFO]   S04 regime: 5 states (BIC selected)
22:53:43 [INFO]   S05 predictor: active_regime=2 conf=0.650
22:54:06 [INFO]   S06 factors: (215951, 15) (after NaN drop + normalize)
22:54:06 [INFO]   Factor stds (post-norm): min=0.655 max=2.244 mean=1.604
22:54:06 [INFO]   Regime distribution: {1: 30881, 2: 80081, 3: 103563, 4: 1426}
22:54:06 [INFO]   Viable regimes (>10797 bars): [3, 2, 1]
22:54:10 [INFO]   Fix2: median_signal_std=2.964812, entry_range=[1.482406, 8.894437], exit_range=[0.296481, 4.447218]
22:54:10 [INFO]   Fix2 verify: midpoint tpd=19.44, active_bars=19948, sharpe=-1.67
22:54:10 [INFO]   S07 search: regime 3 (48.0% of train), 1000 gen...
22:54:10 [INFO]     min_active_bars=103 (regime_bars=103563)
22:57:02 [INFO]     regime 3: 259 elites, best_fitness=4.6215, time=172.3s, qd_final=-383.38
22:57:02 [INFO]   S07 search: regime 2 (37.1% of train), 1000 gen...
22:57:02 [INFO]     min_active_bars=80 (regime_bars=80081)
22:59:59 [INFO]     regime 2: 299 elites, best_fitness=4.0328, time=176.3s, qd_final=-1291.59
22:59:59 [INFO]   S07 search: regime 1 (14.3% of train), 1000 gen...
22:59:59 [INFO]     min_active_bars=30 (regime_bars=30881)
23:02:58 [INFO]     regime 1: 332 elites, best_fitness=4.4071, time=179.7s, qd_final=-269.22
23:02:58 [INFO]   Best regime: 3, fitness=4.6215
23:02:58 [INFO]   Params: {'entry_thr': 8.894436804498728, 'exit_thr': 0.29648122681662425, 'stop_mult': 5.0, 'pos_frac': 0.25, 'hold_max': 480}
23:02:58 [INFO]   S08 Gate1: FAIL (trimmed_min=0.0220, sos=0.0212)
23:02:58 [INFO]   S08 Gate2 (DSR): PASS (sharpe=4.6215, dsr=1.0000, trials=890, active_bars=37164)
23:03:43 [INFO]   S08 Gate3 (holdout): FAIL (sharpe=-2.1108, dd=0.2497) reason=FAILED: sharpe=-2.111<=0.5; max_dd=0.2497>=0.0985
23:03:43 [INFO]   GATES: FAILED_HOLDOUT
23:03:43 [INFO]   S09 card exported: strategies/v3-xrpusdt-202604042253
23:03:43 [INFO]   S10 SKIP live replay: gates did not pass
23:03:43 [INFO] ============================================================
23:03:43 [INFO] SYMBOL: DOGEUSDT
23:03:43 [INFO] ============================================================
23:03:44 [INFO]   DOGEUSDT: 777601 1m bars (2024-10-05 00:00:00 to 2026-03-29 00:00:00)
23:03:44 [INFO]   S01 features: (777601, 10) cols=['open', 'high', 'low', 'close', 'volume', 'timestamp', 'rolling_return', 'realized_vol', 'volume_zscore', 'range_zscore']
23:03:44 [INFO]   S02 split: train=216000 embargo=129600 holdout=432001
23:03:44 [INFO]   S03 normalizer fit on 216000 rows
23:03:48 [WARNING] Model is not converging.  Current: 2433139.6484320387 is not greater than 2977358.6632176293. Delta is -544219.0147855906
23:03:54 [WARNING] Model is not converging.  Current: 2475208.039381637 is not greater than 4319922.535223504. Delta is -1844714.4958418668
23:04:01 [WARNING] Model is not converging.  Current: 2480167.430887422 is not greater than 2968595.104506204. Delta is -488427.67361878185
23:04:02 [INFO]   S04 regime: 5 states (BIC selected)
23:04:02 [INFO]   S05 predictor: active_regime=4 conf=0.883
23:04:24 [INFO]   S06 factors: (215951, 15) (after NaN drop + normalize)
23:04:24 [INFO]   Factor stds (post-norm): min=0.653 max=2.174 mean=1.561
23:04:24 [INFO]   Regime distribution: {1: 7132, 2: 89609, 3: 1268, 4: 117942}
23:04:24 [INFO]   Viable regimes (>10797 bars): [4, 2]
23:04:27 [INFO]   Fix2: median_signal_std=2.890766, entry_range=[1.445383, 8.672299], exit_range=[0.289077, 4.336149]
23:04:27 [INFO]   Fix2 verify: midpoint tpd=22.95, active_bars=26556, sharpe=-3.76
23:04:27 [INFO]   S07 search: regime 4 (54.6% of train), 1000 gen...
23:04:27 [INFO]     min_active_bars=117 (regime_bars=117942)
23:07:17 [INFO]     regime 4: 235 elites, best_fitness=3.6116, time=169.5s, qd_final=-428.92
23:07:17 [INFO]   S07 search: regime 2 (41.5% of train), 1000 gen...
23:07:17 [INFO]     min_active_bars=89 (regime_bars=89609)
23:10:09 [INFO]     regime 2: 229 elites, best_fitness=2.7310, time=172.2s, qd_final=-457.07
23:10:09 [INFO]   Best regime: 4, fitness=3.6116
23:10:09 [INFO]   Params: {'entry_thr': 8.672298998063898, 'exit_thr': 0.6035651630861353, 'stop_mult': 5.0, 'pos_frac': 0.019773182465476737, 'hold_max': 334}
23:10:09 [INFO]   S08 Gate1: FAIL (trimmed_min=0.0000, sos=0.0000)
23:10:09 [INFO]   S08 Gate2 (DSR): PASS (sharpe=3.6116, dsr=1.0000, trials=464, active_bars=2129)
23:10:53 [INFO]   S08 Gate3 (holdout): FAIL (sharpe=-0.3606, dd=0.0035) reason=FAILED: sharpe=-0.361<=0.5; max_dd=0.0035>=0.0032
23:10:53 [INFO]   GATES: FAILED_HOLDOUT
23:10:53 [INFO]   S09 card exported: strategies/v3-dogeusdt-202604042303
23:10:53 [INFO]   S10 SKIP live replay: gates did not pass
23:10:53 [INFO] 
23:10:53 [INFO] ======================================================================
23:10:53 [INFO] PRODUCTION PIPELINE SUMMARY
23:10:53 [INFO] ======================================================================
23:10:53 [INFO]   BTCUSDT      FAILED_HOLDOUT     train_sharpe=4.3764 holdout_sharpe=-2.0670 regimes=5 best=2 time=429s
23:10:53 [INFO]   ETHUSDT      FAILED_HOLDOUT     train_sharpe=4.5824 holdout_sharpe=-4.8034 regimes=5 best=2 time=421s
23:10:53 [INFO]   BNBUSDT      FAILED_HOLDOUT     train_sharpe=4.7759 holdout_sharpe=-3.9729 regimes=5 best=3 time=416s
23:10:53 [INFO]   SOLUSDT      FAILED_HOLDOUT     train_sharpe=4.9943 holdout_sharpe=-2.9975 regimes=5 best=2 time=418s
23:10:53 [INFO]   XRPUSDT      FAILED_HOLDOUT     train_sharpe=4.6215 holdout_sharpe=-2.1108 regimes=5 best=3 time=614s
23:10:53 [INFO]   DOGEUSDT     FAILED_HOLDOUT     train_sharpe=3.6116 holdout_sharpe=-0.3606 regimes=5 best=4 time=431s
23:10:53 [INFO] 
Summary saved: strategies/run-20260404T2310.json
23:10:53 [INFO] 
0/6 strategies passed all gates
