12:50:13 [INFO] Zangetsu V3 — Production Pipeline
12:50:13 [INFO] Symbols: ['BTCUSDT']
12:50:13 [INFO] Training: 18mo, Embargo: 90d, Holdout: 10mo
12:50:13 [INFO] Search: 200 gen, 10 threads
12:50:13 [INFO] Timeframe: 1m (raw)
12:50:13 [INFO] 
12:50:13 [INFO] ============================================================
12:50:13 [INFO] SYMBOL: BTCUSDT
12:50:13 [INFO] ============================================================
12:50:14 [INFO]   BTCUSDT: 777601 1m bars (2024-10-05 00:00:00 to 2026-03-29 00:00:00)
12:50:14 [INFO]   S01 features: (777601, 10) cols=['open', 'high', 'low', 'close', 'volume', 'timestamp', 'rolling_return', 'realized_vol', 'volume_zscore', 'range_zscore']
12:50:14 [INFO]   S02 split: train=216000 embargo=129600 holdout=432001
12:50:14 [INFO]   S03 normalizer fit on 216000 rows
12:50:20 [WARNING] Model is not converging.  Current: 2654138.31345163 is not greater than 3476162.757639335. Delta is -822024.4441877049
12:50:26 [WARNING] Model is not converging.  Current: 2682166.5298929713 is not greater than 4568128.431714805. Delta is -1885961.9018218336
12:50:30 [WARNING] Model is not converging.  Current: 2683431.174700865 is not greater than 3347054.881261601. Delta is -663623.706560736
12:50:35 [WARNING] Model is not converging.  Current: 2681528.065707806 is not greater than 4508933.777296148. Delta is -1827405.7115883422
12:50:40 [WARNING] Model is not converging.  Current: 2649031.5343675828 is not greater than 3289065.2929342613. Delta is -640033.7585666785
12:50:46 [WARNING] Model is not converging.  Current: 2666213.7332532685 is not greater than 3810405.76153338. Delta is -1144192.0282801115
12:50:46 [INFO]   S04 regime: 8 states (BIC selected)
12:50:46 [INFO]   S05 predictor: active_regime=6 conf=0.323
12:51:08 [INFO]   S06 factors: (215951, 15) (after NaN warmup drop)
12:51:08 [INFO]   Regime distribution: {1: 49797, 2: 6171, 3: 2371, 4: 68470, 5: 25, 6: 88356, 7: 761}
12:51:08 [INFO]   S07 search: regime 6 (40.9% of train), 200 gen...
12:51:54 [INFO]     regime 6: 152 elites, best_fitness=0.0407, time=46.0s, qd_final=-442.22
12:51:54 [INFO]   S07 search: regime 4 (31.7% of train), 200 gen...
12:52:35 [INFO]     regime 4: 151 elites, best_fitness=-0.5659, time=40.8s, qd_final=-459.29
12:52:35 [INFO]   S07 search: regime 1 (23.1% of train), 200 gen...
12:53:16 [INFO]     regime 1: 120 elites, best_fitness=-1.3356, time=41.1s, qd_final=-419.24
12:53:16 [INFO]   S07 search: regime 2 (2.9% of train), 200 gen...
12:53:56 [INFO]     regime 2: 137 elites, best_fitness=0.8321, time=39.6s, qd_final=-379.78
12:53:56 [INFO]   Best regime: 2, fitness=0.8321
12:53:56 [INFO]   Params: {'entry_thr': 1.3639888303102703, 'exit_thr': 0.05, 'stop_mult': 5.0, 'pos_frac': 0.01, 'hold_max': 403}
12:53:56 [INFO]   S08 Gate1: FAIL (trimmed_min=-0.0004, sos=0.0000)
12:53:56 [INFO]   S08 Gate2 (DSR): FAIL (sharpe=0.8321, dsr=0.0000, trials=560)
12:54:40 [INFO]   S08 Gate3 (holdout): FAIL (sharpe=-5.9547, dd=0.0219) reason=FAILED: sharpe=-5.955<=0.5; max_dd=0.0219>=0.0036; tpd_dev=0.77>=0.5
12:54:40 [INFO]   GATES: FAILED_HOLDOUT
12:54:40 [INFO]   S09 card exported: strategies/v3-btcusdt-202604041250
12:54:40 [INFO]   S10 SKIP live replay: gates did not pass
12:54:40 [INFO] 
12:54:40 [INFO] ======================================================================
12:54:40 [INFO] PRODUCTION PIPELINE SUMMARY
12:54:40 [INFO] ======================================================================
12:54:40 [INFO]   BTCUSDT      FAILED_HOLDOUT     train_sharpe=0.8321 holdout_sharpe=-5.9547 regimes=8 best=2 time=268s
12:54:40 [INFO] 
Summary saved: strategies/run-20260404T1254.json
12:54:40 [INFO] 
0/1 strategies passed all gates
