05:00:05 [INFO] Zangetsu V3.1 — HFT Per-Regime Cross-Symbol Pipeline
05:00:05 [INFO] Symbols: ['BTCUSDT', 'ETHUSDT', 'BNBUSDT', 'SOLUSDT', 'XRPUSDT', 'DOGEUSDT'], Generations: 100
05:00:05 [INFO] Step 1: Loading OHLCV + Rule-based 13-state labeling (4h)
05:00:07 [INFO]   BTCUSDT: 777601 bars, regimes: {'BULL_TREND': 148560, 'BEAR_TREND': 145681, 'BULL_PULLBACK': 47760, 'BEAR_RALLY': 50400, 'DISTRIBUTION': 19200, 'ACCUMULATION': 8640, 'CONSOLIDATION': 99600, 'CHOPPY_VOLATILE': 40560, 'SQUEEZE': 77520, 'TOPPING': 73680, 'BOTTOMING': 66000}
05:00:09 [INFO]   ETHUSDT: 777601 bars, regimes: {'BULL_TREND': 152160, 'BEAR_TREND': 149281, 'BULL_PULLBACK': 57840, 'BEAR_RALLY': 57360, 'DISTRIBUTION': 11280, 'ACCUMULATION': 11520, 'CONSOLIDATION': 76800, 'CHOPPY_VOLATILE': 35280, 'SQUEEZE': 71280, 'TOPPING': 83280, 'BOTTOMING': 67680, 'LIQUIDITY_CRISIS': 1680, 'PARABOLIC': 2160}
05:00:11 [INFO]   BNBUSDT: 777601 bars, regimes: {'BULL_TREND': 147120, 'BEAR_TREND': 126961, 'BULL_PULLBACK': 63120, 'BEAR_RALLY': 57360, 'DISTRIBUTION': 21840, 'ACCUMULATION': 11280, 'CONSOLIDATION': 101040, 'CHOPPY_VOLATILE': 39360, 'SQUEEZE': 82080, 'TOPPING': 71760, 'BOTTOMING': 55680}
05:00:13 [INFO]   SOLUSDT: 777601 bars, regimes: {'BULL_TREND': 139440, 'BEAR_TREND': 157201, 'BULL_PULLBACK': 60240, 'BEAR_RALLY': 65040, 'DISTRIBUTION': 6720, 'ACCUMULATION': 8880, 'CONSOLIDATION': 84000, 'CHOPPY_VOLATILE': 41760, 'SQUEEZE': 63360, 'TOPPING': 80160, 'BOTTOMING': 67200, 'LIQUIDITY_CRISIS': 3120, 'PARABOLIC': 480}
05:00:15 [INFO]   XRPUSDT: 777601 bars, regimes: {'BULL_TREND': 132720, 'BEAR_TREND': 152641, 'BULL_PULLBACK': 51600, 'BEAR_RALLY': 74400, 'DISTRIBUTION': 6960, 'ACCUMULATION': 13440, 'CONSOLIDATION': 90000, 'CHOPPY_VOLATILE': 33120, 'SQUEEZE': 76800, 'TOPPING': 63840, 'BOTTOMING': 63360, 'LIQUIDITY_CRISIS': 2640, 'PARABOLIC': 16080}
05:00:17 [INFO]   DOGEUSDT: 777601 bars, regimes: {'BULL_TREND': 124560, 'BEAR_TREND': 161761, 'BULL_PULLBACK': 49920, 'BEAR_RALLY': 70560, 'DISTRIBUTION': 5520, 'ACCUMULATION': 14160, 'CONSOLIDATION': 63600, 'CHOPPY_VOLATILE': 33120, 'SQUEEZE': 90000, 'TOPPING': 83040, 'BOTTOMING': 69600, 'LIQUIDITY_CRISIS': 3600, 'PARABOLIC': 8160}
05:00:17 [INFO] Step 2: Extracting segments (min 1 day)
05:00:17 [INFO]   BULL_TREND               :  227 segs,   410.2 days, 6/6 symbols
05:00:17 [INFO]   BEAR_TREND               :  251 segs,   401.7 days, 6/6 symbols
05:00:17 [INFO]   BULL_PULLBACK            :   42 segs,    48.3 days, 6/6 symbols
05:00:17 [INFO]   BEAR_RALLY               :   43 segs,    50.7 days, 6/6 symbols
05:00:17 [INFO]   DISTRIBUTION             :   13 segs,    20.0 days, 5/6 symbols
05:00:17 [INFO]   ACCUMULATION             :   14 segs,    17.8 days, 6/6 symbols
05:00:17 [INFO]   CONSOLIDATION            :  124 segs,   222.3 days, 6/6 symbols
05:00:17 [INFO]   CHOPPY_VOLATILE          :   69 segs,   107.3 days, 6/6 symbols
05:00:17 [INFO]   SQUEEZE                  :  134 segs,   261.0 days, 6/6 symbols
05:00:17 [INFO]   TOPPING                  :  190 segs,   281.3 days, 6/6 symbols
05:00:17 [INFO]   BOTTOMING                :  160 segs,   232.0 days, 6/6 symbols
05:00:17 [INFO]   LIQUIDITY_CRISIS         :    1 segs,     1.0 days, 1/6 symbols
05:00:17 [INFO]   PARABOLIC                :    7 segs,    15.3 days, 2/6 symbols
05:00:17 [INFO] 
============================================================
05:00:17 [INFO] REGIME: BULL_TREND (227 segments)
05:00:17 [INFO] ============================================================
05:00:17 [INFO]   TRAIN: 158 segs, HOLDOUT: 20 segs (embargo=90d)
05:01:00 [INFO]   Factors: 158 segs, 390658 total rows, signal_std=3.2690
05:01:00 [INFO]   Entry range: [0.9807, 4.9034]
05:01:00 [INFO]   Hold range: [5, 120] (HFT)
05:02:37 [INFO]   Search: 1 elites, best_fitness=-999.0000, time=97s
05:02:37 [INFO]   Params: {'entry_thr': 4.90343690420344, 'exit_thr': 0.6164258431074106, 'stop_mult': 5.0, 'pos_frac': 0.015203666140973123, 'hold_max': 89}
05:02:37 [INFO]   QD final: -999.00
05:02:38 [INFO]   Gate1: FAIL (sos=0.0000)
05:02:38 [INFO]   Gate2: FAIL (dsr=0.0000, trials=1)
05:02:44 [INFO]   Gate3: FAIL — FAILED: hft_fitness=-999.000<=0; win_rate=0.485<0.52; tpd=3.8<100
05:02:44 [INFO]     Holdout: 20 segs, best_fitness=-999.0000, wr=0.485, tpd=3.8
05:02:44 [INFO]   RESULT: FAILED_HOLDOUT
05:02:44 [INFO] 
============================================================
05:02:44 [INFO] REGIME: BEAR_TREND (251 segments)
05:02:44 [INFO] ============================================================
05:02:44 [INFO]   TRAIN: 175 segs, HOLDOUT: 19 segs (embargo=90d)
05:03:27 [INFO]   Factors: 175 segs, 386948 total rows, signal_std=3.8502
05:03:27 [INFO]   Entry range: [1.1551, 5.7753]
05:03:27 [INFO]   Hold range: [5, 120] (HFT)
05:04:52 [INFO]   Search: 1 elites, best_fitness=-999.0000, time=85s
05:04:52 [INFO]   Params: {'entry_thr': 1.72585331919058, 'exit_thr': 1.1446045302472296, 'stop_mult': 3.9921174209345187, 'pos_frac': 0.05562458657153902, 'hold_max': 83}
05:04:52 [INFO]   QD final: -999.00
05:04:52 [INFO]   Gate1: FAIL (sos=0.0000)
05:04:52 [INFO]   Gate2: FAIL (dsr=0.0000, trials=1)
05:04:57 [INFO]   Gate3: FAIL — FAILED: hft_fitness=-999.000<=0; win_rate=0.468<0.52; tpd=4.4<100
05:04:57 [INFO]     Holdout: 19 segs, best_fitness=-999.0000, wr=0.468, tpd=4.4
05:04:57 [INFO]   RESULT: FAILED_HOLDOUT
05:04:57 [INFO] 
============================================================
05:04:57 [INFO] REGIME: BULL_PULLBACK (42 segments)
05:04:57 [INFO] ============================================================
05:04:57 [INFO]   TRAIN: 29 segs, HOLDOUT: 13 segs (embargo=0d)
05:05:03 [INFO]   Factors: 29 segs, 48019 total rows, signal_std=6.2619
05:05:03 [INFO]   Entry range: [1.8786, 9.3929]
05:05:03 [INFO]   Hold range: [5, 120] (HFT)
05:05:14 [INFO]   Search: 1 elites, best_fitness=-999.0000, time=12s
05:05:14 [INFO]   Params: {'entry_thr': 1.9820047767472464, 'exit_thr': 1.5856038213977972, 'stop_mult': 4.771459261569528, 'pos_frac': 0.25, 'hold_max': 5}
05:05:14 [INFO]   QD final: -999.00
05:05:14 [INFO]   Gate1: FAIL (sos=0.0001)
05:05:14 [INFO]   Gate2: FAIL (dsr=0.0000, trials=1)
05:05:16 [INFO]   Gate3: FAIL — FAILED: hft_fitness=-999.000<=0; win_rate=0.404<0.52; tpd=3.1<100
05:05:16 [INFO]     Holdout: 13 segs, best_fitness=-999.0000, wr=0.404, tpd=3.1
05:05:16 [INFO]   RESULT: FAILED_HOLDOUT
05:05:16 [INFO] 
============================================================
05:05:16 [INFO] REGIME: BEAR_RALLY (43 segments)
05:05:16 [INFO] ============================================================
05:05:16 [INFO]   TRAIN: 30 segs, HOLDOUT: 13 segs (embargo=0d)
05:05:22 [INFO]   Factors: 30 segs, 49890 total rows, signal_std=2.5318
05:05:22 [INFO]   Entry range: [0.7596, 3.7978]
05:05:22 [INFO]   Hold range: [5, 120] (HFT)
05:05:36 [INFO]   Search: 1 elites, best_fitness=-999.0000, time=15s
05:05:36 [INFO]   Params: {'entry_thr': 1.7194586300033583, 'exit_thr': 1.3755669040026868, 'stop_mult': 0.9994590776474266, 'pos_frac': 0.10136453553994737, 'hold_max': 5}
05:05:36 [INFO]   QD final: -999.00
05:05:36 [INFO]   Gate1: FAIL (sos=0.0000)
05:05:36 [INFO]   Gate2: FAIL (dsr=0.0000, trials=1)
05:05:39 [INFO]   Gate3: FAIL — FAILED: hft_fitness=-999.000<=0; win_rate=0.373<0.52; tpd=3.1<100
05:05:39 [INFO]     Holdout: 13 segs, best_fitness=-999.0000, wr=0.373, tpd=3.1
05:05:39 [INFO]   RESULT: FAILED_HOLDOUT
05:05:39 [INFO] 
============================================================
05:05:39 [INFO] REGIME: TOPPING (190 segments)
05:05:39 [INFO] ============================================================
05:05:39 [INFO]   TRAIN: 133 segs, HOLDOUT: 17 segs (embargo=60d)
05:06:09 [INFO]   Factors: 133 segs, 277163 total rows, signal_std=4.1396
05:06:09 [INFO]   Entry range: [1.2419, 6.2093]
05:06:09 [INFO]   Hold range: [5, 120] (HFT)
05:07:09 [INFO]   Search: 1 elites, best_fitness=-999.0000, time=60s
05:07:09 [INFO]   Params: {'entry_thr': 6.209325488467706, 'exit_thr': 3.31164026051611, 'stop_mult': 3.066667181688867, 'pos_frac': 0.01246176195232425, 'hold_max': 32}
05:07:09 [INFO]   QD final: -999.00
05:07:09 [INFO]   Gate1: FAIL (sos=0.0000)
05:07:09 [INFO]   Gate2: FAIL (dsr=0.0000, trials=1)
05:07:13 [INFO]   Gate3: FAIL — FAILED: hft_fitness=-999.000<=0; win_rate=0.434<0.52; tpd=19.7<100
05:07:13 [INFO]     Holdout: 17 segs, best_fitness=-999.0000, wr=0.434, tpd=19.7
05:07:13 [INFO]   RESULT: FAILED_HOLDOUT
05:07:13 [INFO] 
============================================================
05:07:13 [INFO] REGIME: BOTTOMING (160 segments)
05:07:13 [INFO] ============================================================
05:07:13 [INFO]   TRAIN: 112 segs, HOLDOUT: 5 segs (embargo=60d)
05:07:38 [INFO]   Factors: 112 segs, 230672 total rows, signal_std=4.3802
05:07:38 [INFO]   Entry range: [1.3141, 6.5703]
05:07:38 [INFO]   Hold range: [5, 120] (HFT)
05:08:30 [INFO]   Search: 1 elites, best_fitness=-999.0000, time=52s
05:08:30 [INFO]   Params: {'entry_thr': 6.570265227233721, 'exit_thr': 1.77753290250386, 'stop_mult': 4.4343343360707905, 'pos_frac': 0.03524521368071243, 'hold_max': 37}
05:08:30 [INFO]   QD final: -999.00
05:08:30 [INFO]   Gate1: FAIL (sos=0.0000)
05:08:30 [INFO]   Gate2: FAIL (dsr=0.0000, trials=1)
05:08:31 [INFO]   Gate3: FAIL — FAILED: hft_fitness=-999.000<=0; win_rate=0.468<0.52; tpd=15.7<100
05:08:31 [INFO]     Holdout: 5 segs, best_fitness=-999.0000, wr=0.468, tpd=15.7
05:08:31 [INFO]   RESULT: FAILED_HOLDOUT
05:08:31 [INFO] 
============================================================
05:08:31 [INFO] REGIME: CONSOLIDATION (124 segments)
05:08:31 [INFO] ============================================================
05:08:31 [INFO]   TRAIN: 86 segs, HOLDOUT: 22 segs (embargo=30d)
05:08:56 [INFO]   Factors: 86 segs, 230266 total rows, signal_std=2.7075
05:08:56 [INFO]   Entry range: [0.8122, 4.0612]
05:08:56 [INFO]   Hold range: [5, 120] (HFT)
05:09:47 [INFO]   Search: 1 elites, best_fitness=-999.0000, time=51s
05:09:47 [INFO]   Params: {'entry_thr': 2.2674143571199794, 'exit_thr': 1.488194367982103, 'stop_mult': 5.0, 'pos_frac': 0.23923241276539697, 'hold_max': 5}
05:09:47 [INFO]   QD final: -999.00
05:09:47 [INFO]   Gate1: FAIL (sos=0.0001)
05:09:47 [INFO]   Gate2: FAIL (dsr=0.0000, trials=1)
05:09:52 [INFO]   Gate3: FAIL — FAILED: hft_fitness=-999.000<=0; win_rate=0.357<0.52; tpd=9.3<100
05:09:52 [INFO]     Holdout: 22 segs, best_fitness=-999.0000, wr=0.357, tpd=9.3
05:09:52 [INFO]   RESULT: FAILED_HOLDOUT
05:09:52 [INFO] 
============================================================
05:09:52 [INFO] REGIME: SQUEEZE (134 segments)
05:09:52 [INFO] ============================================================
05:09:52 [INFO]   TRAIN: 93 segs, HOLDOUT: 10 segs (embargo=60d)
05:10:20 [INFO]   Factors: 93 segs, 258723 total rows, signal_std=7.7659
05:10:20 [INFO]   Entry range: [2.3298, 11.6488]
05:10:20 [INFO]   Hold range: [5, 120] (HFT)
05:11:18 [INFO]   Search: 1 elites, best_fitness=-999.0000, time=58s
05:11:18 [INFO]   Params: {'entry_thr': 2.7309553364489063, 'exit_thr': 1.7996089779131528, 'stop_mult': 1.0928363377858392, 'pos_frac': 0.20809301785329365, 'hold_max': 34}
05:11:18 [INFO]   QD final: -999.00
05:11:18 [INFO]   Gate1: FAIL (sos=0.0000)
05:11:18 [INFO]   Gate2: FAIL (dsr=0.0000, trials=1)
05:11:20 [INFO]   Gate3: FAIL — FAILED: hft_fitness=-999.000<=0; win_rate=0.474<0.52; tpd=9.5<100
05:11:20 [INFO]     Holdout: 10 segs, best_fitness=-999.0000, wr=0.474, tpd=9.5
05:11:20 [INFO]   RESULT: FAILED_HOLDOUT
05:11:20 [INFO] 
============================================================
05:11:20 [INFO] REGIME: CHOPPY_VOLATILE (69 segments)
05:11:20 [INFO] ============================================================
05:11:20 [INFO]   TRAIN: 48 segs, HOLDOUT: 21 segs (embargo=0d)
05:11:32 [INFO]   Factors: 48 segs, 105408 total rows, signal_std=2.6655
05:11:32 [INFO]   Entry range: [0.7996, 3.9982]
05:11:32 [INFO]   Hold range: [5, 120] (HFT)
05:11:54 [INFO]   Search: 1 elites, best_fitness=-999.0000, time=22s
05:11:54 [INFO]   Params: {'entry_thr': 2.4905660287200724, 'exit_thr': 0.13327273012272864, 'stop_mult': 0.9480647285026926, 'pos_frac': 0.1683998453525872, 'hold_max': 5}
05:11:54 [INFO]   QD final: -999.00
05:11:54 [INFO]   Gate1: FAIL (sos=0.0001)
05:11:54 [INFO]   Gate2: FAIL (dsr=0.0000, trials=1)
05:11:58 [INFO]   Gate3: FAIL — FAILED: hft_fitness=-999.000<=0; win_rate=0.384<0.52; tpd=19.4<100
05:11:58 [INFO]     Holdout: 21 segs, best_fitness=-999.0000, wr=0.384, tpd=19.4
05:11:58 [INFO]   RESULT: FAILED_HOLDOUT
05:11:58 [INFO] 
============================================================
05:11:58 [INFO] REGIME: DISTRIBUTION (13 segments)
05:11:58 [INFO] ============================================================
05:11:58 [INFO]   TRAIN: 9 segs, HOLDOUT: 4 segs (embargo=0d)
05:12:00 [INFO]   Factors: 9 segs, 18039 total rows, signal_std=2.6917
05:12:00 [INFO]   Entry range: [0.8075, 4.0375]
05:12:00 [INFO]   Hold range: [5, 120] (HFT)
05:12:06 [INFO]   Search: 1 elites, best_fitness=-999.0000, time=6s
05:12:06 [INFO]   Params: {'entry_thr': 4.037497839611318, 'exit_thr': 0.1345832613203773, 'stop_mult': 1.5933190652431168, 'pos_frac': 0.18461171168553547, 'hold_max': 45}
05:12:06 [INFO]   QD final: -999.00
05:12:06 [INFO]   Gate1: FAIL (sos=0.0001)
05:12:06 [INFO]   Gate2: PASS (dsr=1.0000, trials=1)
05:12:07 [INFO]   Gate3: FAIL — FAILED: hft_fitness=-999.000<=0; win_rate=0.464<0.52; tpd=15.3<100
05:12:07 [INFO]     Holdout: 4 segs, best_fitness=-999.0000, wr=0.464, tpd=15.3
05:12:07 [INFO]   RESULT: FAILED_HOLDOUT
05:12:07 [INFO] 
============================================================
05:12:07 [INFO] REGIME: ACCUMULATION (14 segments)
05:12:07 [INFO] ============================================================
05:12:07 [INFO]   TRAIN: 9 segs, HOLDOUT: 5 segs (embargo=0d)
05:12:09 [INFO]   Factors: 9 segs, 15399 total rows, signal_std=2.2192
05:12:09 [INFO]   Entry range: [0.6658, 3.3289]
05:12:09 [INFO]   Hold range: [5, 120] (HFT)
05:12:15 [INFO]   Search: 1 elites, best_fitness=-999.0000, time=6s
05:12:15 [INFO]   Params: {'entry_thr': 3.328853204259807, 'exit_thr': 0.41945083754373536, 'stop_mult': 3.6570226900811327, 'pos_frac': 0.10867212733326757, 'hold_max': 33}
05:12:15 [INFO]   QD final: -999.00
05:12:15 [INFO]   Gate1: FAIL (sos=0.0000)
05:12:15 [INFO]   Gate2: FAIL (dsr=0.0000, trials=1)
05:12:16 [INFO]   Gate3: FAIL — FAILED: hft_fitness=-999.000<=0; win_rate=0.457<0.52; tpd=17.6<100
05:12:16 [INFO]     Holdout: 5 segs, best_fitness=-999.0000, wr=0.457, tpd=17.6
05:12:16 [INFO]   RESULT: FAILED_HOLDOUT
05:12:16 [INFO] 
======================================================================
05:12:16 [INFO] ZANGETSU V3.1 — PRODUCTION SUMMARY
05:12:16 [INFO] ======================================================================
05:12:16 [INFO]   BULL_TREND                FAILED_HOLDOUT     G1:✗ G2:✗ G3:✗ fitness=-999.0000 time=97s
05:12:16 [INFO]   BEAR_TREND                FAILED_HOLDOUT     G1:✗ G2:✗ G3:✗ fitness=-999.0000 time=85s
05:12:16 [INFO]   BULL_PULLBACK             FAILED_HOLDOUT     G1:✗ G2:✗ G3:✗ fitness=-999.0000 time=12s
05:12:16 [INFO]   BEAR_RALLY                FAILED_HOLDOUT     G1:✗ G2:✗ G3:✗ fitness=-999.0000 time=15s
05:12:16 [INFO]   TOPPING                   FAILED_HOLDOUT     G1:✗ G2:✗ G3:✗ fitness=-999.0000 time=60s
05:12:16 [INFO]   BOTTOMING                 FAILED_HOLDOUT     G1:✗ G2:✗ G3:✗ fitness=-999.0000 time=52s
05:12:16 [INFO]   CONSOLIDATION             FAILED_HOLDOUT     G1:✗ G2:✗ G3:✗ fitness=-999.0000 time=51s
05:12:16 [INFO]   SQUEEZE                   FAILED_HOLDOUT     G1:✗ G2:✗ G3:✗ fitness=-999.0000 time=58s
05:12:16 [INFO]   CHOPPY_VOLATILE           FAILED_HOLDOUT     G1:✗ G2:✗ G3:✗ fitness=-999.0000 time=22s
05:12:16 [INFO]   DISTRIBUTION              FAILED_HOLDOUT     G1:✗ G2:✓ G3:✗ fitness=-999.0000 time=6s
05:12:16 [INFO]   ACCUMULATION              FAILED_HOLDOUT     G1:✗ G2:✗ G3:✗ fitness=-999.0000 time=6s
05:12:16 [INFO] 
0/11 experts passed all gates
05:12:16 [INFO] Total time: 731s (12.2min)
05:12:16 [INFO] Summary: strategies/v31-20260405T0512.json
