04:12:52 [INFO] Zangetsu V3.1 — HFT Per-Regime Cross-Symbol Pipeline
04:12:52 [INFO] Symbols: ['BTCUSDT', 'ETHUSDT', 'BNBUSDT', 'SOLUSDT', 'XRPUSDT', 'DOGEUSDT'], Generations: 100
04:12:52 [INFO] Step 1: Loading OHLCV + Rule-based 13-state labeling (4h)
04:12:54 [INFO]   BTCUSDT: 777601 bars, regimes: {'BULL_TREND': 148560, 'BEAR_TREND': 145681, 'BULL_PULLBACK': 47760, 'BEAR_RALLY': 50400, 'DISTRIBUTION': 19200, 'ACCUMULATION': 8640, 'CONSOLIDATION': 99600, 'CHOPPY_VOLATILE': 40560, 'SQUEEZE': 77520, 'TOPPING': 73680, 'BOTTOMING': 66000}
04:12:56 [INFO]   ETHUSDT: 777601 bars, regimes: {'BULL_TREND': 152160, 'BEAR_TREND': 149281, 'BULL_PULLBACK': 57840, 'BEAR_RALLY': 57360, 'DISTRIBUTION': 11280, 'ACCUMULATION': 11520, 'CONSOLIDATION': 76800, 'CHOPPY_VOLATILE': 35280, 'SQUEEZE': 71280, 'TOPPING': 83280, 'BOTTOMING': 67680, 'LIQUIDITY_CRISIS': 1680, 'PARABOLIC': 2160}
04:12:58 [INFO]   BNBUSDT: 777601 bars, regimes: {'BULL_TREND': 147120, 'BEAR_TREND': 126961, 'BULL_PULLBACK': 63120, 'BEAR_RALLY': 57360, 'DISTRIBUTION': 21840, 'ACCUMULATION': 11280, 'CONSOLIDATION': 101040, 'CHOPPY_VOLATILE': 39360, 'SQUEEZE': 82080, 'TOPPING': 71760, 'BOTTOMING': 55680}
04:13:00 [INFO]   SOLUSDT: 777601 bars, regimes: {'BULL_TREND': 139440, 'BEAR_TREND': 157201, 'BULL_PULLBACK': 60240, 'BEAR_RALLY': 65040, 'DISTRIBUTION': 6720, 'ACCUMULATION': 8880, 'CONSOLIDATION': 84000, 'CHOPPY_VOLATILE': 41760, 'SQUEEZE': 63360, 'TOPPING': 80160, 'BOTTOMING': 67200, 'LIQUIDITY_CRISIS': 3120, 'PARABOLIC': 480}
04:13:02 [INFO]   XRPUSDT: 777601 bars, regimes: {'BULL_TREND': 132720, 'BEAR_TREND': 152641, 'BULL_PULLBACK': 51600, 'BEAR_RALLY': 74400, 'DISTRIBUTION': 6960, 'ACCUMULATION': 13440, 'CONSOLIDATION': 90000, 'CHOPPY_VOLATILE': 33120, 'SQUEEZE': 76800, 'TOPPING': 63840, 'BOTTOMING': 63360, 'LIQUIDITY_CRISIS': 2640, 'PARABOLIC': 16080}
04:13:04 [INFO]   DOGEUSDT: 777601 bars, regimes: {'BULL_TREND': 124560, 'BEAR_TREND': 161761, 'BULL_PULLBACK': 49920, 'BEAR_RALLY': 70560, 'DISTRIBUTION': 5520, 'ACCUMULATION': 14160, 'CONSOLIDATION': 63600, 'CHOPPY_VOLATILE': 33120, 'SQUEEZE': 90000, 'TOPPING': 83040, 'BOTTOMING': 69600, 'LIQUIDITY_CRISIS': 3600, 'PARABOLIC': 8160}
04:13:04 [INFO] Step 2: Extracting segments (min 1 day)
04:13:04 [INFO]   BULL_TREND               :  227 segs,   410.2 days, 6/6 symbols
04:13:04 [INFO]   BEAR_TREND               :  251 segs,   401.7 days, 6/6 symbols
04:13:04 [INFO]   BULL_PULLBACK            :   42 segs,    48.3 days, 6/6 symbols
04:13:04 [INFO]   BEAR_RALLY               :   43 segs,    50.7 days, 6/6 symbols
04:13:04 [INFO]   DISTRIBUTION             :   13 segs,    20.0 days, 5/6 symbols
04:13:04 [INFO]   ACCUMULATION             :   14 segs,    17.8 days, 6/6 symbols
04:13:04 [INFO]   CONSOLIDATION            :  124 segs,   222.3 days, 6/6 symbols
04:13:04 [INFO]   CHOPPY_VOLATILE          :   69 segs,   107.3 days, 6/6 symbols
04:13:04 [INFO]   SQUEEZE                  :  134 segs,   261.0 days, 6/6 symbols
04:13:04 [INFO]   TOPPING                  :  190 segs,   281.3 days, 6/6 symbols
04:13:04 [INFO]   BOTTOMING                :  160 segs,   232.0 days, 6/6 symbols
04:13:04 [INFO]   LIQUIDITY_CRISIS         :    1 segs,     1.0 days, 1/6 symbols
04:13:04 [INFO]   PARABOLIC                :    7 segs,    15.3 days, 2/6 symbols
04:13:04 [INFO] 
============================================================
04:13:04 [INFO] REGIME: BULL_TREND (227 segments)
04:13:04 [INFO] ============================================================
04:13:04 [INFO]   TRAIN: 158 segs, HOLDOUT: 20 segs (embargo=90d)
04:13:50 [INFO]   Factors: (390658, 15), signal_std=12.0659
04:13:50 [INFO]   Entry range: [3.6198, 18.0989]
04:13:50 [INFO]   Hold range: [5, 120] (HFT)
04:15:24 [INFO]   Search: 1 elites, best_fitness=-999.0000, time=94s
04:15:24 [INFO]   Params: {'entry_thr': 18.098851606338307, 'exit_thr': 9.652720856713765, 'stop_mult': 5.0, 'pos_frac': 0.01, 'hold_max': 34}
04:15:24 [INFO]   QD final: -999.00
04:15:25 [INFO]   Gate1: FAIL (sos=0.0000)
04:15:25 [INFO]   Gate2: FAIL (dsr=0.0023, trials=1)
04:15:31 [INFO]   Gate3: FAIL — FAILED: hft_fitness=-999.000<=0; win_rate=0.483<0.52; tpd=1.9<100
04:15:31 [INFO]     Holdout: 20 segs, best_fitness=-999.0000, wr=0.483, tpd=1.9
04:15:31 [INFO]   RESULT: FAILED_HOLDOUT
04:15:31 [INFO] 
============================================================
04:15:31 [INFO] REGIME: BEAR_TREND (251 segments)
04:15:31 [INFO] ============================================================
04:15:31 [INFO]   TRAIN: 175 segs, HOLDOUT: 19 segs (embargo=90d)
04:16:15 [INFO]   Factors: (386948, 15), signal_std=48.2299
04:16:15 [INFO]   Entry range: [14.4690, 72.3448]
04:16:15 [INFO]   Hold range: [5, 120] (HFT)
/home/j13/.local/lib/python3.12/site-packages/joblib/externals/loky/backend/resource_tracker.py:359: UserWarning: resource_tracker: There appear to be 8 leaked semlock objects to clean up at shutdown
  warnings.warn(
/home/j13/.local/lib/python3.12/site-packages/joblib/externals/loky/backend/resource_tracker.py:359: UserWarning: resource_tracker: There appear to be 161 leaked folder objects to clean up at shutdown
  warnings.warn(
