04:17:16 [INFO] Zangetsu V3.1 — HFT Per-Regime Cross-Symbol Pipeline
04:17:16 [INFO] Symbols: ['BTCUSDT', 'ETHUSDT', 'BNBUSDT', 'SOLUSDT', 'XRPUSDT', 'DOGEUSDT'], Generations: 100
04:17:16 [INFO] Step 1: Loading OHLCV + Rule-based 13-state labeling (4h)
04:17:18 [INFO]   BTCUSDT: 777601 bars, regimes: {'BULL_TREND': 148560, 'BEAR_TREND': 145681, 'BULL_PULLBACK': 47760, 'BEAR_RALLY': 50400, 'DISTRIBUTION': 19200, 'ACCUMULATION': 8640, 'CONSOLIDATION': 99600, 'CHOPPY_VOLATILE': 40560, 'SQUEEZE': 77520, 'TOPPING': 73680, 'BOTTOMING': 66000}
04:17:20 [INFO]   ETHUSDT: 777601 bars, regimes: {'BULL_TREND': 152160, 'BEAR_TREND': 149281, 'BULL_PULLBACK': 57840, 'BEAR_RALLY': 57360, 'DISTRIBUTION': 11280, 'ACCUMULATION': 11520, 'CONSOLIDATION': 76800, 'CHOPPY_VOLATILE': 35280, 'SQUEEZE': 71280, 'TOPPING': 83280, 'BOTTOMING': 67680, 'LIQUIDITY_CRISIS': 1680, 'PARABOLIC': 2160}
04:17:23 [INFO]   BNBUSDT: 777601 bars, regimes: {'BULL_TREND': 147120, 'BEAR_TREND': 126961, 'BULL_PULLBACK': 63120, 'BEAR_RALLY': 57360, 'DISTRIBUTION': 21840, 'ACCUMULATION': 11280, 'CONSOLIDATION': 101040, 'CHOPPY_VOLATILE': 39360, 'SQUEEZE': 82080, 'TOPPING': 71760, 'BOTTOMING': 55680}
04:17:24 [INFO]   SOLUSDT: 777601 bars, regimes: {'BULL_TREND': 139440, 'BEAR_TREND': 157201, 'BULL_PULLBACK': 60240, 'BEAR_RALLY': 65040, 'DISTRIBUTION': 6720, 'ACCUMULATION': 8880, 'CONSOLIDATION': 84000, 'CHOPPY_VOLATILE': 41760, 'SQUEEZE': 63360, 'TOPPING': 80160, 'BOTTOMING': 67200, 'LIQUIDITY_CRISIS': 3120, 'PARABOLIC': 480}
04:17:26 [INFO]   XRPUSDT: 777601 bars, regimes: {'BULL_TREND': 132720, 'BEAR_TREND': 152641, 'BULL_PULLBACK': 51600, 'BEAR_RALLY': 74400, 'DISTRIBUTION': 6960, 'ACCUMULATION': 13440, 'CONSOLIDATION': 90000, 'CHOPPY_VOLATILE': 33120, 'SQUEEZE': 76800, 'TOPPING': 63840, 'BOTTOMING': 63360, 'LIQUIDITY_CRISIS': 2640, 'PARABOLIC': 16080}
04:17:28 [INFO]   DOGEUSDT: 777601 bars, regimes: {'BULL_TREND': 124560, 'BEAR_TREND': 161761, 'BULL_PULLBACK': 49920, 'BEAR_RALLY': 70560, 'DISTRIBUTION': 5520, 'ACCUMULATION': 14160, 'CONSOLIDATION': 63600, 'CHOPPY_VOLATILE': 33120, 'SQUEEZE': 90000, 'TOPPING': 83040, 'BOTTOMING': 69600, 'LIQUIDITY_CRISIS': 3600, 'PARABOLIC': 8160}
04:17:28 [INFO] Step 2: Extracting segments (min 1 day)
04:17:28 [INFO]   BULL_TREND               :  227 segs,   410.2 days, 6/6 symbols
04:17:28 [INFO]   BEAR_TREND               :  251 segs,   401.7 days, 6/6 symbols
04:17:28 [INFO]   BULL_PULLBACK            :   42 segs,    48.3 days, 6/6 symbols
04:17:28 [INFO]   BEAR_RALLY               :   43 segs,    50.7 days, 6/6 symbols
04:17:28 [INFO]   DISTRIBUTION             :   13 segs,    20.0 days, 5/6 symbols
04:17:28 [INFO]   ACCUMULATION             :   14 segs,    17.8 days, 6/6 symbols
04:17:28 [INFO]   CONSOLIDATION            :  124 segs,   222.3 days, 6/6 symbols
04:17:28 [INFO]   CHOPPY_VOLATILE          :   69 segs,   107.3 days, 6/6 symbols
04:17:28 [INFO]   SQUEEZE                  :  134 segs,   261.0 days, 6/6 symbols
04:17:28 [INFO]   TOPPING                  :  190 segs,   281.3 days, 6/6 symbols
04:17:28 [INFO]   BOTTOMING                :  160 segs,   232.0 days, 6/6 symbols
04:17:28 [INFO]   LIQUIDITY_CRISIS         :    1 segs,     1.0 days, 1/6 symbols
04:17:28 [INFO]   PARABOLIC                :    7 segs,    15.3 days, 2/6 symbols
04:17:28 [INFO] 
============================================================
04:17:28 [INFO] REGIME: BULL_TREND (227 segments)
04:17:28 [INFO] ============================================================
04:17:28 [INFO]   TRAIN: 158 segs, HOLDOUT: 20 segs (embargo=90d)
Traceback (most recent call last):
  File "<string>", line 6, in <module>
  File "/home/j13/j13-ops/zangetsu_v3/scripts/run_v31.py", line 206, in main
    log.info(f"  Factors: {combined_fm.shape}, signal_std={median_std:.4f}")
                           ^^^^^^^^^^^
NameError: name 'combined_fm' is not defined
