2026-04-06 07:01:13 [ZangetsuBot] INFO ============================================================
2026-04-06 07:01:13 [ZangetsuBot] INFO Zangetsu V3.2 Bot starting (NOTIFY ONLY)
2026-04-06 07:01:13 [ZangetsuBot] INFO Chat ID: 5252897787
2026-04-06 07:01:13 [ZangetsuBot] INFO Token: 82374...kDFU
2026-04-06 07:01:13 [ZangetsuBot] INFO ============================================================
2026-04-06 07:01:14 [ZangetsuBot] INFO HTTP Request: POST https://api.telegram.org/bot8237499581:AAFfSngYTSmsmVHPCMMFw0g7kkXpOj5kDFU/sendMessage "HTTP/1.1 200 OK"
2026-04-06 07:01:14 [ZangetsuBot] INFO Daily summary scheduled in 61125 seconds
2026-04-06 07:01:14 [ZangetsuBot] INFO Alert loop (deduped) starting from event_id=11
2026-04-06 07:01:15 [ZangetsuBot] INFO HTTP Request: POST https://api.telegram.org/bot8237499581:AAFfSngYTSmsmVHPCMMFw0g7kkXpOj5kDFU/sendMessage "HTTP/1.1 200 OK"
2026-04-06 07:01:15 [ZangetsuBot] INFO Heartbeat sent
2026-04-06 07:01:15 [ZangetsuBot] INFO HTTP Request: POST https://api.telegram.org/bot8237499581:AAFfSngYTSmsmVHPCMMFw0g7kkXpOj5kDFU/sendMessage "HTTP/1.1 200 OK"
2026-04-06 07:02:16 [ZangetsuBot] INFO HTTP Request: POST https://api.telegram.org/bot8237499581:AAFfSngYTSmsmVHPCMMFw0g7kkXpOj5kDFU/sendMessage "HTTP/1.1 200 OK"
2026-04-06 07:03:17 [ZangetsuBot] INFO HTTP Request: POST https://api.telegram.org/bot8237499581:AAFfSngYTSmsmVHPCMMFw0g7kkXpOj5kDFU/sendMessage "HTTP/1.1 200 OK"
2026-04-06 07:04:18 [ZangetsuBot] INFO HTTP Request: POST https://api.telegram.org/bot8237499581:AAFfSngYTSmsmVHPCMMFw0g7kkXpOj5kDFU/sendMessage "HTTP/1.1 200 OK"
2026-04-06 07:05:19 [ZangetsuBot] INFO HTTP Request: POST https://api.telegram.org/bot8237499581:AAFfSngYTSmsmVHPCMMFw0g7kkXpOj5kDFU/sendMessage "HTTP/1.1 200 OK"
2026-04-06 07:06:20 [ZangetsuBot] INFO HTTP Request: POST https://api.telegram.org/bot8237499581:AAFfSngYTSmsmVHPCMMFw0g7kkXpOj5kDFU/sendMessage "HTTP/1.1 200 OK"
2026-04-06 07:07:21 [ZangetsuBot] INFO HTTP Request: POST https://api.telegram.org/bot8237499581:AAFfSngYTSmsmVHPCMMFw0g7kkXpOj5kDFU/sendMessage "HTTP/1.1 200 OK"
2026-04-06 07:08:22 [ZangetsuBot] INFO HTTP Request: POST https://api.telegram.org/bot8237499581:AAFfSngYTSmsmVHPCMMFw0g7kkXpOj5kDFU/sendMessage "HTTP/1.1 200 OK"
2026-04-06 07:09:23 [ZangetsuBot] INFO HTTP Request: POST https://api.telegram.org/bot8237499581:AAFfSngYTSmsmVHPCMMFw0g7kkXpOj5kDFU/sendMessage "HTTP/1.1 200 OK"
2026-04-06 07:10:24 [ZangetsuBot] INFO HTTP Request: POST https://api.telegram.org/bot8237499581:AAFfSngYTSmsmVHPCMMFw0g7kkXpOj5kDFU/sendMessage "HTTP/1.1 200 OK"
2026-04-06 07:11:24 [ZangetsuBot] INFO HTTP Request: POST https://api.telegram.org/bot8237499581:AAFfSngYTSmsmVHPCMMFw0g7kkXpOj5kDFU/sendMessage "HTTP/1.1 200 OK"
2026-04-06 07:12:25 [ZangetsuBot] INFO HTTP Request: POST https://api.telegram.org/bot8237499581:AAFfSngYTSmsmVHPCMMFw0g7kkXpOj5kDFU/sendMessage "HTTP/1.1 200 OK"
2026-04-06 07:19:27 [ZangetsuBot] INFO HTTP Request: POST https://api.telegram.org/bot8237499581:AAFfSngYTSmsmVHPCMMFw0g7kkXpOj5kDFU/sendMessage "HTTP/1.1 200 OK"
2026-04-06 07:20:28 [ZangetsuBot] INFO HTTP Request: POST https://api.telegram.org/bot8237499581:AAFfSngYTSmsmVHPCMMFw0g7kkXpOj5kDFU/sendMessage "HTTP/1.1 200 OK"
2026-04-06 07:21:29 [ZangetsuBot] INFO HTTP Request: POST https://api.telegram.org/bot8237499581:AAFfSngYTSmsmVHPCMMFw0g7kkXpOj5kDFU/sendMessage "HTTP/1.1 200 OK"
2026-04-06 07:22:30 [ZangetsuBot] INFO HTTP Request: POST https://api.telegram.org/bot8237499581:AAFfSngYTSmsmVHPCMMFw0g7kkXpOj5kDFU/sendMessage "HTTP/1.1 200 OK"
2026-04-06 07:23:31 [ZangetsuBot] INFO HTTP Request: POST https://api.telegram.org/bot8237499581:AAFfSngYTSmsmVHPCMMFw0g7kkXpOj5kDFU/sendMessage "HTTP/1.1 200 OK"
